CRITICAL - 2022-08-08 23:19:03 --> Object of class stdClass could not be converted to string
#0 E:\xampp\htdocs\chxn_git\system\View\View.php(210): include()
#1 E:\xampp\htdocs\chxn_git\system\View\View.php(213): CodeIgniter\View\View->CodeIgniter\View\{closure}()
#2 E:\xampp\htdocs\chxn_git\system\Common.php(1089): CodeIgniter\View\View->render('mastersize', Array, true)
#3 E:\xampp\htdocs\chxn_git\app\Controllers\MasterController.php(108): view('mastersize', Array)
#4 E:\xampp\htdocs\chxn_git\system\CodeIgniter.php(832): App\Controllers\MasterController->get_itemProductSize()
#5 E:\xampp\htdocs\chxn_git\system\CodeIgniter.php(419): CodeIgniter\CodeIgniter->runController(Object(App\Controllers\MasterController))
#6 E:\xampp\htdocs\chxn_git\system\CodeIgniter.php(326): CodeIgniter\CodeIgniter->handleRequest(NULL, Object(Config\Cache), false)
#7 E:\xampp\htdocs\chxn_git\public\index.php(37): CodeIgniter\CodeIgniter->run()
#8 E:\xampp\htdocs\chxn_git\system\Commands\Server\rewrite.php(43): require_once('E:\\xampp\\htdocs...')
#9 {main}
CRITICAL - 2022-08-08 23:20:32 --> Object of class stdClass could not be converted to string
#0 E:\xampp\htdocs\chxn_git\system\View\View.php(210): include()
#1 E:\xampp\htdocs\chxn_git\system\View\View.php(213): CodeIgniter\View\View->CodeIgniter\View\{closure}()
#2 E:\xampp\htdocs\chxn_git\system\Common.php(1089): CodeIgniter\View\View->render('mastersize', Array, true)
#3 E:\xampp\htdocs\chxn_git\app\Controllers\MasterController.php(108): view('mastersize', Array)
#4 E:\xampp\htdocs\chxn_git\system\CodeIgniter.php(832): App\Controllers\MasterController->get_itemProductSize()
#5 E:\xampp\htdocs\chxn_git\system\CodeIgniter.php(419): CodeIgniter\CodeIgniter->runController(Object(App\Controllers\MasterController))
#6 E:\xampp\htdocs\chxn_git\system\CodeIgniter.php(326): CodeIgniter\CodeIgniter->handleRequest(NULL, Object(Config\Cache), false)
#7 E:\xampp\htdocs\chxn_git\public\index.php(37): CodeIgniter\CodeIgniter->run()
#8 E:\xampp\htdocs\chxn_git\system\Commands\Server\rewrite.php(43): require_once('E:\\xampp\\htdocs...')
#9 {main}
CRITICAL - 2022-08-08 23:20:34 --> Object of class stdClass could not be converted to string
#0 E:\xampp\htdocs\chxn_git\system\View\View.php(210): include()
#1 E:\xampp\htdocs\chxn_git\system\View\View.php(213): CodeIgniter\View\View->CodeIgniter\View\{closure}()
#2 E:\xampp\htdocs\chxn_git\system\Common.php(1089): CodeIgniter\View\View->render('mastersize', Array, true)
#3 E:\xampp\htdocs\chxn_git\app\Controllers\MasterController.php(108): view('mastersize', Array)
#4 E:\xampp\htdocs\chxn_git\system\CodeIgniter.php(832): App\Controllers\MasterController->get_itemProductSize()
#5 E:\xampp\htdocs\chxn_git\system\CodeIgniter.php(419): CodeIgniter\CodeIgniter->runController(Object(App\Controllers\MasterController))
#6 E:\xampp\htdocs\chxn_git\system\CodeIgniter.php(326): CodeIgniter\CodeIgniter->handleRequest(NULL, Object(Config\Cache), false)
#7 E:\xampp\htdocs\chxn_git\public\index.php(37): CodeIgniter\CodeIgniter->run()
#8 E:\xampp\htdocs\chxn_git\system\Commands\Server\rewrite.php(43): require_once('E:\\xampp\\htdocs...')
#9 {main}
CRITICAL - 2022-08-08 23:21:26 --> Object of class stdClass could not be converted to string
#0 E:\xampp\htdocs\chxn_git\system\View\View.php(210): include()
#1 E:\xampp\htdocs\chxn_git\system\View\View.php(213): CodeIgniter\View\View->CodeIgniter\View\{closure}()
#2 E:\xampp\htdocs\chxn_git\system\Common.php(1089): CodeIgniter\View\View->render('mastersize', Array, true)
#3 E:\xampp\htdocs\chxn_git\app\Controllers\MasterController.php(108): view('mastersize', Array)
#4 E:\xampp\htdocs\chxn_git\system\CodeIgniter.php(832): App\Controllers\MasterController->get_itemProductSize()
#5 E:\xampp\htdocs\chxn_git\system\CodeIgniter.php(419): CodeIgniter\CodeIgniter->runController(Object(App\Controllers\MasterController))
#6 E:\xampp\htdocs\chxn_git\system\CodeIgniter.php(326): CodeIgniter\CodeIgniter->handleRequest(NULL, Object(Config\Cache), false)
#7 E:\xampp\htdocs\chxn_git\public\index.php(37): CodeIgniter\CodeIgniter->run()
#8 E:\xampp\htdocs\chxn_git\system\Commands\Server\rewrite.php(43): require_once('E:\\xampp\\htdocs...')
#9 {main}
CRITICAL - 2022-08-08 23:21:54 --> Object of class stdClass could not be converted to string
#0 E:\xampp\htdocs\chxn_git\system\View\View.php(210): include()
#1 E:\xampp\htdocs\chxn_git\system\View\View.php(213): CodeIgniter\View\View->CodeIgniter\View\{closure}()
#2 E:\xampp\htdocs\chxn_git\system\Common.php(1089): CodeIgniter\View\View->render('mastersize', Array, true)
#3 E:\xampp\htdocs\chxn_git\app\Controllers\MasterController.php(108): view('mastersize', Array)
#4 E:\xampp\htdocs\chxn_git\system\CodeIgniter.php(832): App\Controllers\MasterController->get_itemProductSize()
#5 E:\xampp\htdocs\chxn_git\system\CodeIgniter.php(419): CodeIgniter\CodeIgniter->runController(Object(App\Controllers\MasterController))
#6 E:\xampp\htdocs\chxn_git\system\CodeIgniter.php(326): CodeIgniter\CodeIgniter->handleRequest(NULL, Object(Config\Cache), false)
#7 E:\xampp\htdocs\chxn_git\public\index.php(37): CodeIgniter\CodeIgniter->run()
#8 E:\xampp\htdocs\chxn_git\system\Commands\Server\rewrite.php(43): require_once('E:\\xampp\\htdocs...')
#9 {main}
CRITICAL - 2022-08-08 23:22:19 --> Object of class stdClass could not be converted to string
#0 E:\xampp\htdocs\chxn_git\system\View\View.php(210): include()
#1 E:\xampp\htdocs\chxn_git\system\View\View.php(213): CodeIgniter\View\View->CodeIgniter\View\{closure}()
#2 E:\xampp\htdocs\chxn_git\system\Common.php(1089): CodeIgniter\View\View->render('mastersize', Array, true)
#3 E:\xampp\htdocs\chxn_git\app\Controllers\MasterController.php(108): view('mastersize', Array)
#4 E:\xampp\htdocs\chxn_git\system\CodeIgniter.php(832): App\Controllers\MasterController->get_itemProductSize()
#5 E:\xampp\htdocs\chxn_git\system\CodeIgniter.php(419): CodeIgniter\CodeIgniter->runController(Object(App\Controllers\MasterController))
#6 E:\xampp\htdocs\chxn_git\system\CodeIgniter.php(326): CodeIgniter\CodeIgniter->handleRequest(NULL, Object(Config\Cache), false)
#7 E:\xampp\htdocs\chxn_git\public\index.php(37): CodeIgniter\CodeIgniter->run()
#8 E:\xampp\htdocs\chxn_git\system\Commands\Server\rewrite.php(43): require_once('E:\\xampp\\htdocs...')
#9 {main}
CRITICAL - 2022-08-08 23:23:39 --> Object of class stdClass could not be converted to string
#0 E:\xampp\htdocs\chxn_git\system\View\View.php(210): include()
#1 E:\xampp\htdocs\chxn_git\system\View\View.php(213): CodeIgniter\View\View->CodeIgniter\View\{closure}()
#2 E:\xampp\htdocs\chxn_git\system\Common.php(1089): CodeIgniter\View\View->render('mastersize', Array, true)
#3 E:\xampp\htdocs\chxn_git\app\Controllers\MasterController.php(108): view('mastersize', Array)
#4 E:\xampp\htdocs\chxn_git\system\CodeIgniter.php(832): App\Controllers\MasterController->get_itemProductSize()
#5 E:\xampp\htdocs\chxn_git\system\CodeIgniter.php(419): CodeIgniter\CodeIgniter->runController(Object(App\Controllers\MasterController))
#6 E:\xampp\htdocs\chxn_git\system\CodeIgniter.php(326): CodeIgniter\CodeIgniter->handleRequest(NULL, Object(Config\Cache), false)
#7 E:\xampp\htdocs\chxn_git\public\index.php(37): CodeIgniter\CodeIgniter->run()
#8 E:\xampp\htdocs\chxn_git\system\Commands\Server\rewrite.php(43): require_once('E:\\xampp\\htdocs...')
#9 {main}
CRITICAL - 2022-08-08 23:25:47 --> count(): Parameter must be an array or an object that implements Countable
#0 E:\xampp\htdocs\chxn_git\app\Views\mastersize.php(149): CodeIgniter\Debug\Exceptions->errorHandler(2, 'count(): Parame...', 'E:\\xampp\\htdocs...', 149, Array)
#1 E:\xampp\htdocs\chxn_git\system\View\View.php(210): include('E:\\xampp\\htdocs...')
#2 E:\xampp\htdocs\chxn_git\system\View\View.php(213): CodeIgniter\View\View->CodeIgniter\View\{closure}()
#3 E:\xampp\htdocs\chxn_git\system\Common.php(1089): CodeIgniter\View\View->render('mastersize', Array, true)
#4 E:\xampp\htdocs\chxn_git\app\Controllers\MasterController.php(108): view('mastersize', Array)
#5 E:\xampp\htdocs\chxn_git\system\CodeIgniter.php(832): App\Controllers\MasterController->get_itemProductSize()
#6 E:\xampp\htdocs\chxn_git\system\CodeIgniter.php(419): CodeIgniter\CodeIgniter->runController(Object(App\Controllers\MasterController))
#7 E:\xampp\htdocs\chxn_git\system\CodeIgniter.php(326): CodeIgniter\CodeIgniter->handleRequest(NULL, Object(Config\Cache), false)
#8 E:\xampp\htdocs\chxn_git\public\index.php(37): CodeIgniter\CodeIgniter->run()
#9 E:\xampp\htdocs\chxn_git\system\Commands\Server\rewrite.php(43): require_once('E:\\xampp\\htdocs...')
#10 {main}
CRITICAL - 2022-08-08 23:27:05 --> count(): Parameter must be an array or an object that implements Countable
#0 E:\xampp\htdocs\chxn_git\app\Views\mastersize.php(149): CodeIgniter\Debug\Exceptions->errorHandler(2, 'count(): Parame...', 'E:\\xampp\\htdocs...', 149, Array)
#1 E:\xampp\htdocs\chxn_git\system\View\View.php(210): include('E:\\xampp\\htdocs...')
#2 E:\xampp\htdocs\chxn_git\system\View\View.php(213): CodeIgniter\View\View->CodeIgniter\View\{closure}()
#3 E:\xampp\htdocs\chxn_git\system\Common.php(1089): CodeIgniter\View\View->render('mastersize', Array, true)
#4 E:\xampp\htdocs\chxn_git\app\Controllers\MasterController.php(108): view('mastersize', Array)
#5 E:\xampp\htdocs\chxn_git\system\CodeIgniter.php(832): App\Controllers\MasterController->get_itemProductSize()
#6 E:\xampp\htdocs\chxn_git\system\CodeIgniter.php(419): CodeIgniter\CodeIgniter->runController(Object(App\Controllers\MasterController))
#7 E:\xampp\htdocs\chxn_git\system\CodeIgniter.php(326): CodeIgniter\CodeIgniter->handleRequest(NULL, Object(Config\Cache), false)
#8 E:\xampp\htdocs\chxn_git\public\index.php(37): CodeIgniter\CodeIgniter->run()
#9 E:\xampp\htdocs\chxn_git\system\Commands\Server\rewrite.php(43): require_once('E:\\xampp\\htdocs...')
#10 {main}
CRITICAL - 2022-08-08 23:32:31 --> Undefined property: stdClass::$master_id
#0 E:\xampp\htdocs\chxn_git\app\Views\mastersize.php(150): CodeIgniter\Debug\Exceptions->errorHandler(8, 'Undefined prope...', 'E:\\xampp\\htdocs...', 150, Array)
#1 E:\xampp\htdocs\chxn_git\system\View\View.php(210): include('E:\\xampp\\htdocs...')
#2 E:\xampp\htdocs\chxn_git\system\View\View.php(213): CodeIgniter\View\View->CodeIgniter\View\{closure}()
#3 E:\xampp\htdocs\chxn_git\system\Common.php(1089): CodeIgniter\View\View->render('mastersize', Array, true)
#4 E:\xampp\htdocs\chxn_git\app\Controllers\MasterController.php(108): view('mastersize', Array)
#5 E:\xampp\htdocs\chxn_git\system\CodeIgniter.php(832): App\Controllers\MasterController->get_itemProductSize()
#6 E:\xampp\htdocs\chxn_git\system\CodeIgniter.php(419): CodeIgniter\CodeIgniter->runController(Object(App\Controllers\MasterController))
#7 E:\xampp\htdocs\chxn_git\system\CodeIgniter.php(326): CodeIgniter\CodeIgniter->handleRequest(NULL, Object(Config\Cache), false)
#8 E:\xampp\htdocs\chxn_git\public\index.php(37): CodeIgniter\CodeIgniter->run()
#9 E:\xampp\htdocs\chxn_git\system\Commands\Server\rewrite.php(43): require_once('E:\\xampp\\htdocs...')
#10 {main}
CRITICAL - 2022-08-08 23:36:42 --> Object of class stdClass could not be converted to string
#0 E:\xampp\htdocs\chxn_git\system\View\View.php(210): include()
#1 E:\xampp\htdocs\chxn_git\system\View\View.php(213): CodeIgniter\View\View->CodeIgniter\View\{closure}()
#2 E:\xampp\htdocs\chxn_git\system\Common.php(1089): CodeIgniter\View\View->render('mastersize', Array, true)
#3 E:\xampp\htdocs\chxn_git\app\Controllers\MasterController.php(108): view('mastersize', Array)
#4 E:\xampp\htdocs\chxn_git\system\CodeIgniter.php(832): App\Controllers\MasterController->get_itemProductSize()
#5 E:\xampp\htdocs\chxn_git\system\CodeIgniter.php(419): CodeIgniter\CodeIgniter->runController(Object(App\Controllers\MasterController))
#6 E:\xampp\htdocs\chxn_git\system\CodeIgniter.php(326): CodeIgniter\CodeIgniter->handleRequest(NULL, Object(Config\Cache), false)
#7 E:\xampp\htdocs\chxn_git\public\index.php(37): CodeIgniter\CodeIgniter->run()
#8 E:\xampp\htdocs\chxn_git\system\Commands\Server\rewrite.php(43): require_once('E:\\xampp\\htdocs...')
#9 {main}
CRITICAL - 2022-08-08 23:38:58 --> Undefined property: stdClass::$dawdawd
#0 E:\xampp\htdocs\chxn_git\app\Views\mastersize.php(152): CodeIgniter\Debug\Exceptions->errorHandler(8, 'Undefined prope...', 'E:\\xampp\\htdocs...', 152, Array)
#1 E:\xampp\htdocs\chxn_git\system\View\View.php(210): include('E:\\xampp\\htdocs...')
#2 E:\xampp\htdocs\chxn_git\system\View\View.php(213): CodeIgniter\View\View->CodeIgniter\View\{closure}()
#3 E:\xampp\htdocs\chxn_git\system\Common.php(1089): CodeIgniter\View\View->render('mastersize', Array, true)
#4 E:\xampp\htdocs\chxn_git\app\Controllers\MasterController.php(108): view('mastersize', Array)
#5 E:\xampp\htdocs\chxn_git\system\CodeIgniter.php(832): App\Controllers\MasterController->get_itemProductSize()
#6 E:\xampp\htdocs\chxn_git\system\CodeIgniter.php(419): CodeIgniter\CodeIgniter->runController(Object(App\Controllers\MasterController))
#7 E:\xampp\htdocs\chxn_git\system\CodeIgniter.php(326): CodeIgniter\CodeIgniter->handleRequest(NULL, Object(Config\Cache), false)
#8 E:\xampp\htdocs\chxn_git\public\index.php(37): CodeIgniter\CodeIgniter->run()
#9 E:\xampp\htdocs\chxn_git\system\Commands\Server\rewrite.php(43): require_once('E:\\xampp\\htdocs...')
#10 {main}
CRITICAL - 2022-08-08 23:41:20 --> Undefined property: stdClass::$dawdawd
#0 E:\xampp\htdocs\chxn_git\app\Views\mastersize.php(153): CodeIgniter\Debug\Exceptions->errorHandler(8, 'Undefined prope...', 'E:\\xampp\\htdocs...', 153, Array)
#1 E:\xampp\htdocs\chxn_git\system\View\View.php(210): include('E:\\xampp\\htdocs...')
#2 E:\xampp\htdocs\chxn_git\system\View\View.php(213): CodeIgniter\View\View->CodeIgniter\View\{closure}()
#3 E:\xampp\htdocs\chxn_git\system\Common.php(1089): CodeIgniter\View\View->render('mastersize', Array, true)
#4 E:\xampp\htdocs\chxn_git\app\Controllers\MasterController.php(108): view('mastersize', Array)
#5 E:\xampp\htdocs\chxn_git\system\CodeIgniter.php(832): App\Controllers\MasterController->get_itemProductSize()
#6 E:\xampp\htdocs\chxn_git\system\CodeIgniter.php(419): CodeIgniter\CodeIgniter->runController(Object(App\Controllers\MasterController))
#7 E:\xampp\htdocs\chxn_git\system\CodeIgniter.php(326): CodeIgniter\CodeIgniter->handleRequest(NULL, Object(Config\Cache), false)
#8 E:\xampp\htdocs\chxn_git\public\index.php(37): CodeIgniter\CodeIgniter->run()
#9 E:\xampp\htdocs\chxn_git\system\Commands\Server\rewrite.php(43): require_once('E:\\xampp\\htdocs...')
#10 {main}
