CRITICAL - 2022-04-12 15:44:48 --> Undefined property: App\Controllers\Home::$load
#0 C:\xampp\htdocs\chx\app\Controllers\Home.php(9): CodeIgniter\Debug\Exceptions->errorHandler(2, 'Undefined prope...', 'C:\\xampp\\htdocs...', 9)
#1 C:\xampp\htdocs\chx\system\CodeIgniter.php(832): App\Controllers\Home->index()
#2 C:\xampp\htdocs\chx\system\CodeIgniter.php(419): CodeIgniter\CodeIgniter->runController(Object(App\Controllers\Home))
#3 C:\xampp\htdocs\chx\system\CodeIgniter.php(326): CodeIgniter\CodeIgniter->handleRequest(NULL, Object(Config\Cache), false)
#4 C:\xampp\htdocs\chx\public\index.php(37): CodeIgniter\CodeIgniter->run()
#5 C:\xampp\htdocs\chx\system\Commands\Server\rewrite.php(43): require_once('C:\\xampp\\htdocs...')
#6 {main}
CRITICAL - 2022-04-12 15:44:50 --> Undefined property: App\Controllers\Home::$load
#0 C:\xampp\htdocs\chx\app\Controllers\Home.php(9): CodeIgniter\Debug\Exceptions->errorHandler(2, 'Undefined prope...', 'C:\\xampp\\htdocs...', 9)
#1 C:\xampp\htdocs\chx\system\CodeIgniter.php(832): App\Controllers\Home->index()
#2 C:\xampp\htdocs\chx\system\CodeIgniter.php(419): CodeIgniter\CodeIgniter->runController(Object(App\Controllers\Home))
#3 C:\xampp\htdocs\chx\system\CodeIgniter.php(326): CodeIgniter\CodeIgniter->handleRequest(NULL, Object(Config\Cache), false)
#4 C:\xampp\htdocs\chx\public\index.php(37): CodeIgniter\CodeIgniter->run()
#5 C:\xampp\htdocs\chx\system\Commands\Server\rewrite.php(43): require_once('C:\\xampp\\htdocs...')
#6 {main}
CRITICAL - 2022-04-12 15:44:50 --> Undefined property: App\Controllers\Home::$load
#0 C:\xampp\htdocs\chx\app\Controllers\Home.php(9): CodeIgniter\Debug\Exceptions->errorHandler(2, 'Undefined prope...', 'C:\\xampp\\htdocs...', 9)
#1 C:\xampp\htdocs\chx\system\CodeIgniter.php(832): App\Controllers\Home->index()
#2 C:\xampp\htdocs\chx\system\CodeIgniter.php(419): CodeIgniter\CodeIgniter->runController(Object(App\Controllers\Home))
#3 C:\xampp\htdocs\chx\system\CodeIgniter.php(326): CodeIgniter\CodeIgniter->handleRequest(NULL, Object(Config\Cache), false)
#4 C:\xampp\htdocs\chx\public\index.php(37): CodeIgniter\CodeIgniter->run()
#5 C:\xampp\htdocs\chx\system\Commands\Server\rewrite.php(43): require_once('C:\\xampp\\htdocs...')
#6 {main}
CRITICAL - 2022-04-12 15:44:50 --> Undefined property: App\Controllers\Home::$load
#0 C:\xampp\htdocs\chx\app\Controllers\Home.php(9): CodeIgniter\Debug\Exceptions->errorHandler(2, 'Undefined prope...', 'C:\\xampp\\htdocs...', 9)
#1 C:\xampp\htdocs\chx\system\CodeIgniter.php(832): App\Controllers\Home->index()
#2 C:\xampp\htdocs\chx\system\CodeIgniter.php(419): CodeIgniter\CodeIgniter->runController(Object(App\Controllers\Home))
#3 C:\xampp\htdocs\chx\system\CodeIgniter.php(326): CodeIgniter\CodeIgniter->handleRequest(NULL, Object(Config\Cache), false)
#4 C:\xampp\htdocs\chx\public\index.php(37): CodeIgniter\CodeIgniter->run()
#5 C:\xampp\htdocs\chx\system\Commands\Server\rewrite.php(43): require_once('C:\\xampp\\htdocs...')
#6 {main}
CRITICAL - 2022-04-12 15:44:50 --> Undefined property: App\Controllers\Home::$load
#0 C:\xampp\htdocs\chx\app\Controllers\Home.php(9): CodeIgniter\Debug\Exceptions->errorHandler(2, 'Undefined prope...', 'C:\\xampp\\htdocs...', 9)
#1 C:\xampp\htdocs\chx\system\CodeIgniter.php(832): App\Controllers\Home->index()
#2 C:\xampp\htdocs\chx\system\CodeIgniter.php(419): CodeIgniter\CodeIgniter->runController(Object(App\Controllers\Home))
#3 C:\xampp\htdocs\chx\system\CodeIgniter.php(326): CodeIgniter\CodeIgniter->handleRequest(NULL, Object(Config\Cache), false)
#4 C:\xampp\htdocs\chx\public\index.php(37): CodeIgniter\CodeIgniter->run()
#5 C:\xampp\htdocs\chx\system\Commands\Server\rewrite.php(43): require_once('C:\\xampp\\htdocs...')
#6 {main}
CRITICAL - 2022-04-12 15:46:26 --> Undefined property: App\Controllers\Home::$load
#0 C:\xampp\htdocs\chx\app\Controllers\Home.php(9): CodeIgniter\Debug\Exceptions->errorHandler(2, 'Undefined prope...', 'C:\\xampp\\htdocs...', 9)
#1 C:\xampp\htdocs\chx\system\CodeIgniter.php(832): App\Controllers\Home->index()
#2 C:\xampp\htdocs\chx\system\CodeIgniter.php(419): CodeIgniter\CodeIgniter->runController(Object(App\Controllers\Home))
#3 C:\xampp\htdocs\chx\system\CodeIgniter.php(326): CodeIgniter\CodeIgniter->handleRequest(NULL, Object(Config\Cache), false)
#4 C:\xampp\htdocs\chx\public\index.php(37): CodeIgniter\CodeIgniter->run()
#5 C:\xampp\htdocs\chx\system\Commands\Server\rewrite.php(43): require_once('C:\\xampp\\htdocs...')
#6 {main}
CRITICAL - 2022-04-12 15:48:47 --> Undefined property: App\Controllers\Home::$load
#0 C:\xampp\htdocs\chx\app\Controllers\Home.php(9): CodeIgniter\Debug\Exceptions->errorHandler(2, 'Undefined prope...', 'C:\\xampp\\htdocs...', 9)
#1 C:\xampp\htdocs\chx\system\CodeIgniter.php(832): App\Controllers\Home->index()
#2 C:\xampp\htdocs\chx\system\CodeIgniter.php(419): CodeIgniter\CodeIgniter->runController(Object(App\Controllers\Home))
#3 C:\xampp\htdocs\chx\system\CodeIgniter.php(326): CodeIgniter\CodeIgniter->handleRequest(NULL, Object(Config\Cache), false)
#4 C:\xampp\htdocs\chx\public\index.php(37): CodeIgniter\CodeIgniter->run()
#5 C:\xampp\htdocs\chx\system\Commands\Server\rewrite.php(43): require_once('C:\\xampp\\htdocs...')
#6 {main}
CRITICAL - 2022-04-12 15:48:47 --> Undefined property: App\Controllers\Home::$load
#0 C:\xampp\htdocs\chx\app\Controllers\Home.php(9): CodeIgniter\Debug\Exceptions->errorHandler(2, 'Undefined prope...', 'C:\\xampp\\htdocs...', 9)
#1 C:\xampp\htdocs\chx\system\CodeIgniter.php(832): App\Controllers\Home->index()
#2 C:\xampp\htdocs\chx\system\CodeIgniter.php(419): CodeIgniter\CodeIgniter->runController(Object(App\Controllers\Home))
#3 C:\xampp\htdocs\chx\system\CodeIgniter.php(326): CodeIgniter\CodeIgniter->handleRequest(NULL, Object(Config\Cache), false)
#4 C:\xampp\htdocs\chx\public\index.php(37): CodeIgniter\CodeIgniter->run()
#5 C:\xampp\htdocs\chx\system\Commands\Server\rewrite.php(43): require_once('C:\\xampp\\htdocs...')
#6 {main}
CRITICAL - 2022-04-12 15:48:48 --> Undefined property: App\Controllers\Home::$load
#0 C:\xampp\htdocs\chx\app\Controllers\Home.php(9): CodeIgniter\Debug\Exceptions->errorHandler(2, 'Undefined prope...', 'C:\\xampp\\htdocs...', 9)
#1 C:\xampp\htdocs\chx\system\CodeIgniter.php(832): App\Controllers\Home->index()
#2 C:\xampp\htdocs\chx\system\CodeIgniter.php(419): CodeIgniter\CodeIgniter->runController(Object(App\Controllers\Home))
#3 C:\xampp\htdocs\chx\system\CodeIgniter.php(326): CodeIgniter\CodeIgniter->handleRequest(NULL, Object(Config\Cache), false)
#4 C:\xampp\htdocs\chx\public\index.php(37): CodeIgniter\CodeIgniter->run()
#5 C:\xampp\htdocs\chx\system\Commands\Server\rewrite.php(43): require_once('C:\\xampp\\htdocs...')
#6 {main}
CRITICAL - 2022-04-12 15:48:48 --> Undefined property: App\Controllers\Home::$load
#0 C:\xampp\htdocs\chx\app\Controllers\Home.php(9): CodeIgniter\Debug\Exceptions->errorHandler(2, 'Undefined prope...', 'C:\\xampp\\htdocs...', 9)
#1 C:\xampp\htdocs\chx\system\CodeIgniter.php(832): App\Controllers\Home->index()
#2 C:\xampp\htdocs\chx\system\CodeIgniter.php(419): CodeIgniter\CodeIgniter->runController(Object(App\Controllers\Home))
#3 C:\xampp\htdocs\chx\system\CodeIgniter.php(326): CodeIgniter\CodeIgniter->handleRequest(NULL, Object(Config\Cache), false)
#4 C:\xampp\htdocs\chx\public\index.php(37): CodeIgniter\CodeIgniter->run()
#5 C:\xampp\htdocs\chx\system\Commands\Server\rewrite.php(43): require_once('C:\\xampp\\htdocs...')
#6 {main}
CRITICAL - 2022-04-12 15:48:48 --> Undefined property: App\Controllers\Home::$load
#0 C:\xampp\htdocs\chx\app\Controllers\Home.php(9): CodeIgniter\Debug\Exceptions->errorHandler(2, 'Undefined prope...', 'C:\\xampp\\htdocs...', 9)
#1 C:\xampp\htdocs\chx\system\CodeIgniter.php(832): App\Controllers\Home->index()
#2 C:\xampp\htdocs\chx\system\CodeIgniter.php(419): CodeIgniter\CodeIgniter->runController(Object(App\Controllers\Home))
#3 C:\xampp\htdocs\chx\system\CodeIgniter.php(326): CodeIgniter\CodeIgniter->handleRequest(NULL, Object(Config\Cache), false)
#4 C:\xampp\htdocs\chx\public\index.php(37): CodeIgniter\CodeIgniter->run()
#5 C:\xampp\htdocs\chx\system\Commands\Server\rewrite.php(43): require_once('C:\\xampp\\htdocs...')
#6 {main}
CRITICAL - 2022-04-12 15:48:48 --> Undefined property: App\Controllers\Home::$load
#0 C:\xampp\htdocs\chx\app\Controllers\Home.php(9): CodeIgniter\Debug\Exceptions->errorHandler(2, 'Undefined prope...', 'C:\\xampp\\htdocs...', 9)
#1 C:\xampp\htdocs\chx\system\CodeIgniter.php(832): App\Controllers\Home->index()
#2 C:\xampp\htdocs\chx\system\CodeIgniter.php(419): CodeIgniter\CodeIgniter->runController(Object(App\Controllers\Home))
#3 C:\xampp\htdocs\chx\system\CodeIgniter.php(326): CodeIgniter\CodeIgniter->handleRequest(NULL, Object(Config\Cache), false)
#4 C:\xampp\htdocs\chx\public\index.php(37): CodeIgniter\CodeIgniter->run()
#5 C:\xampp\htdocs\chx\system\Commands\Server\rewrite.php(43): require_once('C:\\xampp\\htdocs...')
#6 {main}
CRITICAL - 2022-04-12 15:59:47 --> Call to undefined function baser_url()
#0 C:\xampp\htdocs\chx\system\View\View.php(210): include()
#1 C:\xampp\htdocs\chx\system\View\View.php(213): CodeIgniter\View\View->CodeIgniter\View\{closure}()
#2 C:\xampp\htdocs\chx\system\Common.php(1089): CodeIgniter\View\View->render('login', Array, true)
#3 C:\xampp\htdocs\chx\app\Controllers\Home.php(10): view('login')
#4 C:\xampp\htdocs\chx\system\CodeIgniter.php(832): App\Controllers\Home->index()
#5 C:\xampp\htdocs\chx\system\CodeIgniter.php(419): CodeIgniter\CodeIgniter->runController(Object(App\Controllers\Home))
#6 C:\xampp\htdocs\chx\system\CodeIgniter.php(326): CodeIgniter\CodeIgniter->handleRequest(NULL, Object(Config\Cache), false)
#7 C:\xampp\htdocs\chx\public\index.php(37): CodeIgniter\CodeIgniter->run()
#8 C:\xampp\htdocs\chx\system\Commands\Server\rewrite.php(43): require_once('C:\\xampp\\htdocs...')
#9 {main}
CRITICAL - 2022-04-12 16:01:11 --> Call to undefined function baser_url()
#0 C:\xampp\htdocs\chx\system\View\View.php(210): include()
#1 C:\xampp\htdocs\chx\system\View\View.php(213): CodeIgniter\View\View->CodeIgniter\View\{closure}()
#2 C:\xampp\htdocs\chx\system\Common.php(1089): CodeIgniter\View\View->render('login', Array, true)
#3 C:\xampp\htdocs\chx\app\Controllers\Home.php(10): view('login')
#4 C:\xampp\htdocs\chx\system\CodeIgniter.php(832): App\Controllers\Home->index()
#5 C:\xampp\htdocs\chx\system\CodeIgniter.php(419): CodeIgniter\CodeIgniter->runController(Object(App\Controllers\Home))
#6 C:\xampp\htdocs\chx\system\CodeIgniter.php(326): CodeIgniter\CodeIgniter->handleRequest(NULL, Object(Config\Cache), false)
#7 C:\xampp\htdocs\chx\public\index.php(37): CodeIgniter\CodeIgniter->run()
#8 C:\xampp\htdocs\chx\system\Commands\Server\rewrite.php(43): require_once('C:\\xampp\\htdocs...')
#9 {main}
CRITICAL - 2022-04-12 16:01:11 --> Call to undefined function baser_url()
#0 C:\xampp\htdocs\chx\system\View\View.php(210): include()
#1 C:\xampp\htdocs\chx\system\View\View.php(213): CodeIgniter\View\View->CodeIgniter\View\{closure}()
#2 C:\xampp\htdocs\chx\system\Common.php(1089): CodeIgniter\View\View->render('login', Array, true)
#3 C:\xampp\htdocs\chx\app\Controllers\Home.php(10): view('login')
#4 C:\xampp\htdocs\chx\system\CodeIgniter.php(832): App\Controllers\Home->index()
#5 C:\xampp\htdocs\chx\system\CodeIgniter.php(419): CodeIgniter\CodeIgniter->runController(Object(App\Controllers\Home))
#6 C:\xampp\htdocs\chx\system\CodeIgniter.php(326): CodeIgniter\CodeIgniter->handleRequest(NULL, Object(Config\Cache), false)
#7 C:\xampp\htdocs\chx\public\index.php(37): CodeIgniter\CodeIgniter->run()
#8 C:\xampp\htdocs\chx\system\Commands\Server\rewrite.php(43): require_once('C:\\xampp\\htdocs...')
#9 {main}
CRITICAL - 2022-04-12 16:01:12 --> Call to undefined function baser_url()
#0 C:\xampp\htdocs\chx\system\View\View.php(210): include()
#1 C:\xampp\htdocs\chx\system\View\View.php(213): CodeIgniter\View\View->CodeIgniter\View\{closure}()
#2 C:\xampp\htdocs\chx\system\Common.php(1089): CodeIgniter\View\View->render('login', Array, true)
#3 C:\xampp\htdocs\chx\app\Controllers\Home.php(10): view('login')
#4 C:\xampp\htdocs\chx\system\CodeIgniter.php(832): App\Controllers\Home->index()
#5 C:\xampp\htdocs\chx\system\CodeIgniter.php(419): CodeIgniter\CodeIgniter->runController(Object(App\Controllers\Home))
#6 C:\xampp\htdocs\chx\system\CodeIgniter.php(326): CodeIgniter\CodeIgniter->handleRequest(NULL, Object(Config\Cache), false)
#7 C:\xampp\htdocs\chx\public\index.php(37): CodeIgniter\CodeIgniter->run()
#8 C:\xampp\htdocs\chx\system\Commands\Server\rewrite.php(43): require_once('C:\\xampp\\htdocs...')
#9 {main}
CRITICAL - 2022-04-12 16:02:32 --> Call to undefined function baser_url()
#0 C:\xampp\htdocs\chx\system\View\View.php(210): include()
#1 C:\xampp\htdocs\chx\system\View\View.php(213): CodeIgniter\View\View->CodeIgniter\View\{closure}()
#2 C:\xampp\htdocs\chx\system\Common.php(1089): CodeIgniter\View\View->render('login', Array, true)
#3 C:\xampp\htdocs\chx\app\Controllers\Home.php(10): view('login')
#4 C:\xampp\htdocs\chx\system\CodeIgniter.php(832): App\Controllers\Home->index()
#5 C:\xampp\htdocs\chx\system\CodeIgniter.php(419): CodeIgniter\CodeIgniter->runController(Object(App\Controllers\Home))
#6 C:\xampp\htdocs\chx\system\CodeIgniter.php(326): CodeIgniter\CodeIgniter->handleRequest(NULL, Object(Config\Cache), false)
#7 C:\xampp\htdocs\chx\public\index.php(37): CodeIgniter\CodeIgniter->run()
#8 C:\xampp\htdocs\chx\system\Commands\Server\rewrite.php(43): require_once('C:\\xampp\\htdocs...')
#9 {main}
CRITICAL - 2022-04-12 16:02:55 --> Call to undefined function baser_url()
#0 C:\xampp\htdocs\chx\system\View\View.php(210): include()
#1 C:\xampp\htdocs\chx\system\View\View.php(213): CodeIgniter\View\View->CodeIgniter\View\{closure}()
#2 C:\xampp\htdocs\chx\system\Common.php(1089): CodeIgniter\View\View->render('login', Array, true)
#3 C:\xampp\htdocs\chx\app\Controllers\Home.php(10): view('login')
#4 C:\xampp\htdocs\chx\system\CodeIgniter.php(832): App\Controllers\Home->index()
#5 C:\xampp\htdocs\chx\system\CodeIgniter.php(419): CodeIgniter\CodeIgniter->runController(Object(App\Controllers\Home))
#6 C:\xampp\htdocs\chx\system\CodeIgniter.php(326): CodeIgniter\CodeIgniter->handleRequest(NULL, Object(Config\Cache), false)
#7 C:\xampp\htdocs\chx\public\index.php(37): CodeIgniter\CodeIgniter->run()
#8 C:\xampp\htdocs\chx\system\Commands\Server\rewrite.php(43): require_once('C:\\xampp\\htdocs...')
#9 {main}
CRITICAL - 2022-04-12 16:02:55 --> Call to undefined function baser_url()
#0 C:\xampp\htdocs\chx\system\View\View.php(210): include()
#1 C:\xampp\htdocs\chx\system\View\View.php(213): CodeIgniter\View\View->CodeIgniter\View\{closure}()
#2 C:\xampp\htdocs\chx\system\Common.php(1089): CodeIgniter\View\View->render('login', Array, true)
#3 C:\xampp\htdocs\chx\app\Controllers\Home.php(10): view('login')
#4 C:\xampp\htdocs\chx\system\CodeIgniter.php(832): App\Controllers\Home->index()
#5 C:\xampp\htdocs\chx\system\CodeIgniter.php(419): CodeIgniter\CodeIgniter->runController(Object(App\Controllers\Home))
#6 C:\xampp\htdocs\chx\system\CodeIgniter.php(326): CodeIgniter\CodeIgniter->handleRequest(NULL, Object(Config\Cache), false)
#7 C:\xampp\htdocs\chx\public\index.php(37): CodeIgniter\CodeIgniter->run()
#8 C:\xampp\htdocs\chx\system\Commands\Server\rewrite.php(43): require_once('C:\\xampp\\htdocs...')
#9 {main}
CRITICAL - 2022-04-12 16:02:56 --> Call to undefined function baser_url()
#0 C:\xampp\htdocs\chx\system\View\View.php(210): include()
#1 C:\xampp\htdocs\chx\system\View\View.php(213): CodeIgniter\View\View->CodeIgniter\View\{closure}()
#2 C:\xampp\htdocs\chx\system\Common.php(1089): CodeIgniter\View\View->render('login', Array, true)
#3 C:\xampp\htdocs\chx\app\Controllers\Home.php(10): view('login')
#4 C:\xampp\htdocs\chx\system\CodeIgniter.php(832): App\Controllers\Home->index()
#5 C:\xampp\htdocs\chx\system\CodeIgniter.php(419): CodeIgniter\CodeIgniter->runController(Object(App\Controllers\Home))
#6 C:\xampp\htdocs\chx\system\CodeIgniter.php(326): CodeIgniter\CodeIgniter->handleRequest(NULL, Object(Config\Cache), false)
#7 C:\xampp\htdocs\chx\public\index.php(37): CodeIgniter\CodeIgniter->run()
#8 C:\xampp\htdocs\chx\system\Commands\Server\rewrite.php(43): require_once('C:\\xampp\\htdocs...')
#9 {main}
CRITICAL - 2022-04-12 16:02:56 --> Call to undefined function baser_url()
#0 C:\xampp\htdocs\chx\system\View\View.php(210): include()
#1 C:\xampp\htdocs\chx\system\View\View.php(213): CodeIgniter\View\View->CodeIgniter\View\{closure}()
#2 C:\xampp\htdocs\chx\system\Common.php(1089): CodeIgniter\View\View->render('login', Array, true)
#3 C:\xampp\htdocs\chx\app\Controllers\Home.php(10): view('login')
#4 C:\xampp\htdocs\chx\system\CodeIgniter.php(832): App\Controllers\Home->index()
#5 C:\xampp\htdocs\chx\system\CodeIgniter.php(419): CodeIgniter\CodeIgniter->runController(Object(App\Controllers\Home))
#6 C:\xampp\htdocs\chx\system\CodeIgniter.php(326): CodeIgniter\CodeIgniter->handleRequest(NULL, Object(Config\Cache), false)
#7 C:\xampp\htdocs\chx\public\index.php(37): CodeIgniter\CodeIgniter->run()
#8 C:\xampp\htdocs\chx\system\Commands\Server\rewrite.php(43): require_once('C:\\xampp\\htdocs...')
#9 {main}
CRITICAL - 2022-04-12 16:02:56 --> Call to undefined function baser_url()
#0 C:\xampp\htdocs\chx\system\View\View.php(210): include()
#1 C:\xampp\htdocs\chx\system\View\View.php(213): CodeIgniter\View\View->CodeIgniter\View\{closure}()
#2 C:\xampp\htdocs\chx\system\Common.php(1089): CodeIgniter\View\View->render('login', Array, true)
#3 C:\xampp\htdocs\chx\app\Controllers\Home.php(10): view('login')
#4 C:\xampp\htdocs\chx\system\CodeIgniter.php(832): App\Controllers\Home->index()
#5 C:\xampp\htdocs\chx\system\CodeIgniter.php(419): CodeIgniter\CodeIgniter->runController(Object(App\Controllers\Home))
#6 C:\xampp\htdocs\chx\system\CodeIgniter.php(326): CodeIgniter\CodeIgniter->handleRequest(NULL, Object(Config\Cache), false)
#7 C:\xampp\htdocs\chx\public\index.php(37): CodeIgniter\CodeIgniter->run()
#8 C:\xampp\htdocs\chx\system\Commands\Server\rewrite.php(43): require_once('C:\\xampp\\htdocs...')
#9 {main}
CRITICAL - 2022-04-12 16:02:56 --> Call to undefined function baser_url()
#0 C:\xampp\htdocs\chx\system\View\View.php(210): include()
#1 C:\xampp\htdocs\chx\system\View\View.php(213): CodeIgniter\View\View->CodeIgniter\View\{closure}()
#2 C:\xampp\htdocs\chx\system\Common.php(1089): CodeIgniter\View\View->render('login', Array, true)
#3 C:\xampp\htdocs\chx\app\Controllers\Home.php(10): view('login')
#4 C:\xampp\htdocs\chx\system\CodeIgniter.php(832): App\Controllers\Home->index()
#5 C:\xampp\htdocs\chx\system\CodeIgniter.php(419): CodeIgniter\CodeIgniter->runController(Object(App\Controllers\Home))
#6 C:\xampp\htdocs\chx\system\CodeIgniter.php(326): CodeIgniter\CodeIgniter->handleRequest(NULL, Object(Config\Cache), false)
#7 C:\xampp\htdocs\chx\public\index.php(37): CodeIgniter\CodeIgniter->run()
#8 C:\xampp\htdocs\chx\system\Commands\Server\rewrite.php(43): require_once('C:\\xampp\\htdocs...')
#9 {main}
CRITICAL - 2022-04-12 16:02:56 --> Call to undefined function baser_url()
#0 C:\xampp\htdocs\chx\system\View\View.php(210): include()
#1 C:\xampp\htdocs\chx\system\View\View.php(213): CodeIgniter\View\View->CodeIgniter\View\{closure}()
#2 C:\xampp\htdocs\chx\system\Common.php(1089): CodeIgniter\View\View->render('login', Array, true)
#3 C:\xampp\htdocs\chx\app\Controllers\Home.php(10): view('login')
#4 C:\xampp\htdocs\chx\system\CodeIgniter.php(832): App\Controllers\Home->index()
#5 C:\xampp\htdocs\chx\system\CodeIgniter.php(419): CodeIgniter\CodeIgniter->runController(Object(App\Controllers\Home))
#6 C:\xampp\htdocs\chx\system\CodeIgniter.php(326): CodeIgniter\CodeIgniter->handleRequest(NULL, Object(Config\Cache), false)
#7 C:\xampp\htdocs\chx\public\index.php(37): CodeIgniter\CodeIgniter->run()
#8 C:\xampp\htdocs\chx\system\Commands\Server\rewrite.php(43): require_once('C:\\xampp\\htdocs...')
#9 {main}
