CRITICAL - 2022-07-18 03:47:09 --> Call to undefined method App\Services\CompanyInfoService::updatecompany
#0 E:\xampp\htdocs\chxn\app\Controllers\CompanyController.php(41): CodeIgniter\Model->__call('updatecompany', Array)
#1 E:\xampp\htdocs\chxn\system\CodeIgniter.php(832): App\Controllers\CompanyController->insertcompany('update')
#2 E:\xampp\htdocs\chxn\system\CodeIgniter.php(419): CodeIgniter\CodeIgniter->runController(Object(App\Controllers\CompanyController))
#3 E:\xampp\htdocs\chxn\system\CodeIgniter.php(326): CodeIgniter\CodeIgniter->handleRequest(NULL, Object(Config\Cache), false)
#4 E:\xampp\htdocs\chxn\public\index.php(37): CodeIgniter\CodeIgniter->run()
#5 E:\xampp\htdocs\chxn\system\Commands\Server\rewrite.php(43): require_once('E:\\xampp\\htdocs...')
#6 {main}
CRITICAL - 2022-07-18 03:47:09 --> Call to undefined method App\Services\CompanyInfoService::updatecompany
#0 E:\xampp\htdocs\chxn\app\Controllers\CompanyController.php(41): CodeIgniter\Model->__call('updatecompany', Array)
#1 E:\xampp\htdocs\chxn\system\CodeIgniter.php(832): App\Controllers\CompanyController->insertcompany('update')
#2 E:\xampp\htdocs\chxn\system\CodeIgniter.php(419): CodeIgniter\CodeIgniter->runController(Object(App\Controllers\CompanyController))
#3 E:\xampp\htdocs\chxn\system\CodeIgniter.php(326): CodeIgniter\CodeIgniter->handleRequest(NULL, Object(Config\Cache), false)
#4 E:\xampp\htdocs\chxn\public\index.php(37): CodeIgniter\CodeIgniter->run()
#5 E:\xampp\htdocs\chxn\system\Commands\Server\rewrite.php(43): require_once('E:\\xampp\\htdocs...')
#6 {main}
ERROR - 2022-07-18 03:48:33 --> Column 'company_name' cannot be null
CRITICAL - 2022-07-18 03:48:33 --> Column 'company_name' cannot be null
#0 E:\xampp\htdocs\chxn\system\Database\MySQLi\Connection.php(292): mysqli->query('INSERT INTO `co...', 0)
#1 E:\xampp\htdocs\chxn\system\Database\BaseConnection.php(670): CodeIgniter\Database\MySQLi\Connection->execute('INSERT INTO `co...')
#2 E:\xampp\htdocs\chxn\system\Database\BaseConnection.php(598): CodeIgniter\Database\BaseConnection->simpleQuery('INSERT INTO `co...')
#3 E:\xampp\htdocs\chxn\system\Database\BaseBuilder.php(1771): CodeIgniter\Database\BaseConnection->query('INSERT INTO `co...', Array, false)
#4 E:\xampp\htdocs\chxn\system\Model.php(239): CodeIgniter\Database\BaseBuilder->insert()
#5 E:\xampp\htdocs\chxn\system\BaseModel.php(738): CodeIgniter\Model->doInsert(Array)
#6 E:\xampp\htdocs\chxn\system\Model.php(625): CodeIgniter\BaseModel->insert(Array, true)
#7 E:\xampp\htdocs\chxn\app\Services\CompanyInfoService.php(19): CodeIgniter\Model->insert(Array)
#8 E:\xampp\htdocs\chxn\app\Controllers\CompanyController.php(59): App\Services\CompanyInfoService->insertdata(Array)
#9 E:\xampp\htdocs\chxn\system\CodeIgniter.php(832): App\Controllers\CompanyController->insertcompany('insert')
#10 E:\xampp\htdocs\chxn\system\CodeIgniter.php(419): CodeIgniter\CodeIgniter->runController(Object(App\Controllers\CompanyController))
#11 E:\xampp\htdocs\chxn\system\CodeIgniter.php(326): CodeIgniter\CodeIgniter->handleRequest(NULL, Object(Config\Cache), false)
#12 E:\xampp\htdocs\chxn\public\index.php(37): CodeIgniter\CodeIgniter->run()
#13 E:\xampp\htdocs\chxn\system\Commands\Server\rewrite.php(43): require_once('E:\\xampp\\htdocs...')
#14 {main}
CRITICAL - 2022-07-18 08:31:00 --> Undefined offset: 0
#0 E:\xampp\htdocs\chxn\app\Controllers\CompanyController.php(31): CodeIgniter\Debug\Exceptions->errorHandler(8, 'Undefined offse...', 'E:\\xampp\\htdocs...', 31, Array)
#1 E:\xampp\htdocs\chxn\system\CodeIgniter.php(832): App\Controllers\CompanyController->insertcompany('insert', '0')
#2 E:\xampp\htdocs\chxn\system\CodeIgniter.php(419): CodeIgniter\CodeIgniter->runController(Object(App\Controllers\CompanyController))
#3 E:\xampp\htdocs\chxn\system\CodeIgniter.php(326): CodeIgniter\CodeIgniter->handleRequest(NULL, Object(Config\Cache), false)
#4 E:\xampp\htdocs\chxn\public\index.php(37): CodeIgniter\CodeIgniter->run()
#5 E:\xampp\htdocs\chxn\system\Commands\Server\rewrite.php(43): require_once('E:\\xampp\\htdocs...')
#6 {main}
CRITICAL - 2022-07-18 08:37:45 --> count(): Parameter must be an array or an object that implements Countable
#0 [internal function]: CodeIgniter\Debug\Exceptions->errorHandler(2, 'count(): Parame...', 'E:\\xampp\\htdocs...', 37, Array)
#1 E:\xampp\htdocs\chxn\app\Controllers\CompanyController.php(37): count(-0.4)
#2 E:\xampp\htdocs\chxn\system\CodeIgniter.php(832): App\Controllers\CompanyController->insertcompany('update', '4')
#3 E:\xampp\htdocs\chxn\system\CodeIgniter.php(419): CodeIgniter\CodeIgniter->runController(Object(App\Controllers\CompanyController))
#4 E:\xampp\htdocs\chxn\system\CodeIgniter.php(326): CodeIgniter\CodeIgniter->handleRequest(NULL, Object(Config\Cache), false)
#5 E:\xampp\htdocs\chxn\public\index.php(37): CodeIgniter\CodeIgniter->run()
#6 E:\xampp\htdocs\chxn\system\Commands\Server\rewrite.php(43): require_once('E:\\xampp\\htdocs...')
#7 {main}
ERROR - 2022-07-18 08:40:30 --> Column 'company_name' cannot be null
CRITICAL - 2022-07-18 08:40:30 --> Column 'company_name' cannot be null
#0 E:\xampp\htdocs\chxn\system\Database\MySQLi\Connection.php(292): mysqli->query('INSERT INTO `co...', 0)
#1 E:\xampp\htdocs\chxn\system\Database\BaseConnection.php(670): CodeIgniter\Database\MySQLi\Connection->execute('INSERT INTO `co...')
#2 E:\xampp\htdocs\chxn\system\Database\BaseConnection.php(598): CodeIgniter\Database\BaseConnection->simpleQuery('INSERT INTO `co...')
#3 E:\xampp\htdocs\chxn\system\Database\BaseBuilder.php(1771): CodeIgniter\Database\BaseConnection->query('INSERT INTO `co...', Array, false)
#4 E:\xampp\htdocs\chxn\system\Model.php(239): CodeIgniter\Database\BaseBuilder->insert()
#5 E:\xampp\htdocs\chxn\system\BaseModel.php(738): CodeIgniter\Model->doInsert(Array)
#6 E:\xampp\htdocs\chxn\system\Model.php(625): CodeIgniter\BaseModel->insert(Array, true)
#7 E:\xampp\htdocs\chxn\app\Services\CompanyInfoService.php(19): CodeIgniter\Model->insert(Array)
#8 E:\xampp\htdocs\chxn\app\Controllers\CompanyController.php(79): App\Services\CompanyInfoService->insertdata(Array)
#9 E:\xampp\htdocs\chxn\system\CodeIgniter.php(832): App\Controllers\CompanyController->insertcompany('insert', '0')
#10 E:\xampp\htdocs\chxn\system\CodeIgniter.php(419): CodeIgniter\CodeIgniter->runController(Object(App\Controllers\CompanyController))
#11 E:\xampp\htdocs\chxn\system\CodeIgniter.php(326): CodeIgniter\CodeIgniter->handleRequest(NULL, Object(Config\Cache), false)
#12 E:\xampp\htdocs\chxn\public\index.php(37): CodeIgniter\CodeIgniter->run()
#13 E:\xampp\htdocs\chxn\system\Commands\Server\rewrite.php(43): require_once('E:\\xampp\\htdocs...')
#14 {main}
CRITICAL - 2022-07-18 08:51:43 --> Undefined variable: data
#0 E:\xampp\htdocs\chxn\app\Controllers\EmpProfileController.php(13): CodeIgniter\Debug\Exceptions->errorHandler(8, 'Undefined varia...', 'E:\\xampp\\htdocs...', 13, Array)
#1 E:\xampp\htdocs\chxn\system\CodeIgniter.php(832): App\Controllers\EmpProfileController->index()
#2 E:\xampp\htdocs\chxn\system\CodeIgniter.php(419): CodeIgniter\CodeIgniter->runController(Object(App\Controllers\EmpProfileController))
#3 E:\xampp\htdocs\chxn\system\CodeIgniter.php(326): CodeIgniter\CodeIgniter->handleRequest(NULL, Object(Config\Cache), false)
#4 E:\xampp\htdocs\chxn\public\index.php(37): CodeIgniter\CodeIgniter->run()
#5 E:\xampp\htdocs\chxn\system\Commands\Server\rewrite.php(43): require_once('E:\\xampp\\htdocs...')
#6 {main}
CRITICAL - 2022-07-18 09:50:15 --> Declaration of App\Services\CompanyInfoService::insert($data) should be compatible with CodeIgniter\Model::insert($data = NULL, bool $returnID = true)
#0 E:\xampp\htdocs\chxn_git\app\Services\EmpProfileService.php(5): CodeIgniter\Debug\Exceptions->errorHandler(2, 'Declaration of ...', 'E:\\xampp\\htdocs...', 10, Array)
#1 E:\xampp\htdocs\chxn_git\system\Autoloader\Autoloader.php(264): include_once('E:\\xampp\\htdocs...')
#2 E:\xampp\htdocs\chxn_git\system\Autoloader\Autoloader.php(241): CodeIgniter\Autoloader\Autoloader->includeFile('E:\\xampp\\htdocs...')
#3 E:\xampp\htdocs\chxn_git\system\Autoloader\Autoloader.php(219): CodeIgniter\Autoloader\Autoloader->loadInNamespace('App\\Services\\Em...')
#4 [internal function]: CodeIgniter\Autoloader\Autoloader->loadClass('App\\Services\\Em...')
#5 E:\xampp\htdocs\chxn_git\app\Controllers\EmpProfileController.php(31): spl_autoload_call('App\\Services\\Em...')
#6 E:\xampp\htdocs\chxn_git\system\CodeIgniter.php(832): App\Controllers\EmpProfileController->insert()
#7 E:\xampp\htdocs\chxn_git\system\CodeIgniter.php(419): CodeIgniter\CodeIgniter->runController(Object(App\Controllers\EmpProfileController))
#8 E:\xampp\htdocs\chxn_git\system\CodeIgniter.php(326): CodeIgniter\CodeIgniter->handleRequest(NULL, Object(Config\Cache), false)
#9 E:\xampp\htdocs\chxn_git\public\index.php(37): CodeIgniter\CodeIgniter->run()
#10 E:\xampp\htdocs\chxn_git\system\Commands\Server\rewrite.php(43): require_once('E:\\xampp\\htdocs...')
#11 {main}
CRITICAL - 2022-07-18 09:50:42 --> Declaration of App\Services\CompanyInfoService::insert($data) should be compatible with CodeIgniter\Model::insert($data = NULL, bool $returnID = true)
#0 E:\xampp\htdocs\chxn_git\app\Services\EmpProfileService.php(5): CodeIgniter\Debug\Exceptions->errorHandler(2, 'Declaration of ...', 'E:\\xampp\\htdocs...', 10, Array)
#1 E:\xampp\htdocs\chxn_git\system\Autoloader\Autoloader.php(264): include_once('E:\\xampp\\htdocs...')
#2 E:\xampp\htdocs\chxn_git\system\Autoloader\Autoloader.php(241): CodeIgniter\Autoloader\Autoloader->includeFile('E:\\xampp\\htdocs...')
#3 E:\xampp\htdocs\chxn_git\system\Autoloader\Autoloader.php(219): CodeIgniter\Autoloader\Autoloader->loadInNamespace('App\\Services\\Em...')
#4 [internal function]: CodeIgniter\Autoloader\Autoloader->loadClass('App\\Services\\Em...')
#5 E:\xampp\htdocs\chxn_git\app\Controllers\EmpProfileController.php(31): spl_autoload_call('App\\Services\\Em...')
#6 E:\xampp\htdocs\chxn_git\system\CodeIgniter.php(832): App\Controllers\EmpProfileController->insert()
#7 E:\xampp\htdocs\chxn_git\system\CodeIgniter.php(419): CodeIgniter\CodeIgniter->runController(Object(App\Controllers\EmpProfileController))
#8 E:\xampp\htdocs\chxn_git\system\CodeIgniter.php(326): CodeIgniter\CodeIgniter->handleRequest(NULL, Object(Config\Cache), false)
#9 E:\xampp\htdocs\chxn_git\public\index.php(37): CodeIgniter\CodeIgniter->run()
#10 E:\xampp\htdocs\chxn_git\system\Commands\Server\rewrite.php(43): require_once('E:\\xampp\\htdocs...')
#11 {main}
CRITICAL - 2022-07-18 09:51:52 --> Class 'App\Services\EmpProfileService' not found
#0 E:\xampp\htdocs\chxn_git\system\CodeIgniter.php(832): App\Controllers\EmpProfileController->insert()
#1 E:\xampp\htdocs\chxn_git\system\CodeIgniter.php(419): CodeIgniter\CodeIgniter->runController(Object(App\Controllers\EmpProfileController))
#2 E:\xampp\htdocs\chxn_git\system\CodeIgniter.php(326): CodeIgniter\CodeIgniter->handleRequest(NULL, Object(Config\Cache), false)
#3 E:\xampp\htdocs\chxn_git\public\index.php(37): CodeIgniter\CodeIgniter->run()
#4 E:\xampp\htdocs\chxn_git\system\Commands\Server\rewrite.php(43): require_once('E:\\xampp\\htdocs...')
#5 {main}
ERROR - 2022-07-18 09:52:34 --> Column 'fullname' cannot be null
CRITICAL - 2022-07-18 09:52:34 --> Column 'fullname' cannot be null
#0 E:\xampp\htdocs\chxn_git\system\Database\MySQLi\Connection.php(292): mysqli->query('INSERT INTO `em...', 0)
#1 E:\xampp\htdocs\chxn_git\system\Database\BaseConnection.php(670): CodeIgniter\Database\MySQLi\Connection->execute('INSERT INTO `em...')
#2 E:\xampp\htdocs\chxn_git\system\Database\BaseConnection.php(598): CodeIgniter\Database\BaseConnection->simpleQuery('INSERT INTO `em...')
#3 E:\xampp\htdocs\chxn_git\system\Database\BaseBuilder.php(1771): CodeIgniter\Database\BaseConnection->query('INSERT INTO `em...', Array, false)
#4 E:\xampp\htdocs\chxn_git\system\Model.php(239): CodeIgniter\Database\BaseBuilder->insert()
#5 E:\xampp\htdocs\chxn_git\system\BaseModel.php(738): CodeIgniter\Model->doInsert(Array)
#6 E:\xampp\htdocs\chxn_git\system\Model.php(625): CodeIgniter\BaseModel->insert(Array, true)
#7 E:\xampp\htdocs\chxn_git\app\Services\EmpProfileService.php(12): CodeIgniter\Model->insert(Array)
#8 E:\xampp\htdocs\chxn_git\app\Controllers\EmpProfileController.php(32): App\Services\EmpProfileService->insertData(Array)
#9 E:\xampp\htdocs\chxn_git\system\CodeIgniter.php(832): App\Controllers\EmpProfileController->insert()
#10 E:\xampp\htdocs\chxn_git\system\CodeIgniter.php(419): CodeIgniter\CodeIgniter->runController(Object(App\Controllers\EmpProfileController))
#11 E:\xampp\htdocs\chxn_git\system\CodeIgniter.php(326): CodeIgniter\CodeIgniter->handleRequest(NULL, Object(Config\Cache), false)
#12 E:\xampp\htdocs\chxn_git\public\index.php(37): CodeIgniter\CodeIgniter->run()
#13 E:\xampp\htdocs\chxn_git\system\Commands\Server\rewrite.php(43): require_once('E:\\xampp\\htdocs...')
#14 {main}
ERROR - 2022-07-18 09:53:56 --> Column 'fullname' cannot be null
CRITICAL - 2022-07-18 09:53:56 --> Column 'fullname' cannot be null
#0 E:\xampp\htdocs\chxn_git\system\Database\MySQLi\Connection.php(292): mysqli->query('INSERT INTO `em...', 0)
#1 E:\xampp\htdocs\chxn_git\system\Database\BaseConnection.php(670): CodeIgniter\Database\MySQLi\Connection->execute('INSERT INTO `em...')
#2 E:\xampp\htdocs\chxn_git\system\Database\BaseConnection.php(598): CodeIgniter\Database\BaseConnection->simpleQuery('INSERT INTO `em...')
#3 E:\xampp\htdocs\chxn_git\system\Database\BaseBuilder.php(1771): CodeIgniter\Database\BaseConnection->query('INSERT INTO `em...', Array, false)
#4 E:\xampp\htdocs\chxn_git\system\Model.php(239): CodeIgniter\Database\BaseBuilder->insert()
#5 E:\xampp\htdocs\chxn_git\system\BaseModel.php(738): CodeIgniter\Model->doInsert(Array)
#6 E:\xampp\htdocs\chxn_git\system\Model.php(625): CodeIgniter\BaseModel->insert(Array, true)
#7 E:\xampp\htdocs\chxn_git\app\Services\EmpProfileService.php(12): CodeIgniter\Model->insert(Array)
#8 E:\xampp\htdocs\chxn_git\app\Controllers\EmpProfileController.php(32): App\Services\EmpProfileService->insertData(Array)
#9 E:\xampp\htdocs\chxn_git\system\CodeIgniter.php(832): App\Controllers\EmpProfileController->insert()
#10 E:\xampp\htdocs\chxn_git\system\CodeIgniter.php(419): CodeIgniter\CodeIgniter->runController(Object(App\Controllers\EmpProfileController))
#11 E:\xampp\htdocs\chxn_git\system\CodeIgniter.php(326): CodeIgniter\CodeIgniter->handleRequest(NULL, Object(Config\Cache), false)
#12 E:\xampp\htdocs\chxn_git\public\index.php(37): CodeIgniter\CodeIgniter->run()
#13 E:\xampp\htdocs\chxn_git\system\Commands\Server\rewrite.php(43): require_once('E:\\xampp\\htdocs...')
#14 {main}
CRITICAL - 2022-07-18 10:00:31 --> Trying to get property 'id' of non-object
#0 E:\xampp\htdocs\chxn_git\app\Views\emp_profile.php(476): CodeIgniter\Debug\Exceptions->errorHandler(8, 'Trying to get p...', 'E:\\xampp\\htdocs...', 476, Array)
#1 E:\xampp\htdocs\chxn_git\system\View\View.php(210): include('E:\\xampp\\htdocs...')
#2 E:\xampp\htdocs\chxn_git\system\View\View.php(213): CodeIgniter\View\View->CodeIgniter\View\{closure}()
#3 E:\xampp\htdocs\chxn_git\system\Common.php(1089): CodeIgniter\View\View->render('emp_profile', Array, true)
#4 E:\xampp\htdocs\chxn_git\app\Controllers\EmpProfileController.php(15): view('emp_profile', Array)
#5 E:\xampp\htdocs\chxn_git\system\CodeIgniter.php(832): App\Controllers\EmpProfileController->index()
#6 E:\xampp\htdocs\chxn_git\system\CodeIgniter.php(419): CodeIgniter\CodeIgniter->runController(Object(App\Controllers\EmpProfileController))
#7 E:\xampp\htdocs\chxn_git\system\CodeIgniter.php(326): CodeIgniter\CodeIgniter->handleRequest(NULL, Object(Config\Cache), false)
#8 E:\xampp\htdocs\chxn_git\public\index.php(37): CodeIgniter\CodeIgniter->run()
#9 E:\xampp\htdocs\chxn_git\system\Commands\Server\rewrite.php(43): require_once('E:\\xampp\\htdocs...')
#10 {main}
CRITICAL - 2022-07-18 10:06:31 --> Trying to get property 'uid' of non-object
#0 E:\xampp\htdocs\chxn_git\app\Views\emp_profile.php(573): CodeIgniter\Debug\Exceptions->errorHandler(8, 'Trying to get p...', 'E:\\xampp\\htdocs...', 573, Array)
#1 E:\xampp\htdocs\chxn_git\system\View\View.php(210): include('E:\\xampp\\htdocs...')
#2 E:\xampp\htdocs\chxn_git\system\View\View.php(213): CodeIgniter\View\View->CodeIgniter\View\{closure}()
#3 E:\xampp\htdocs\chxn_git\system\Common.php(1089): CodeIgniter\View\View->render('emp_profile', Array, true)
#4 E:\xampp\htdocs\chxn_git\app\Controllers\EmpProfileController.php(15): view('emp_profile', Array)
#5 E:\xampp\htdocs\chxn_git\system\CodeIgniter.php(832): App\Controllers\EmpProfileController->index()
#6 E:\xampp\htdocs\chxn_git\system\CodeIgniter.php(419): CodeIgniter\CodeIgniter->runController(Object(App\Controllers\EmpProfileController))
#7 E:\xampp\htdocs\chxn_git\system\CodeIgniter.php(326): CodeIgniter\CodeIgniter->handleRequest(NULL, Object(Config\Cache), false)
#8 E:\xampp\htdocs\chxn_git\public\index.php(37): CodeIgniter\CodeIgniter->run()
#9 E:\xampp\htdocs\chxn_git\system\Commands\Server\rewrite.php(43): require_once('E:\\xampp\\htdocs...')
#10 {main}
CRITICAL - 2022-07-18 10:06:40 --> Trying to get property 'uid' of non-object
#0 E:\xampp\htdocs\chxn_git\app\Views\emp_profile.php(573): CodeIgniter\Debug\Exceptions->errorHandler(8, 'Trying to get p...', 'E:\\xampp\\htdocs...', 573, Array)
#1 E:\xampp\htdocs\chxn_git\system\View\View.php(210): include('E:\\xampp\\htdocs...')
#2 E:\xampp\htdocs\chxn_git\system\View\View.php(213): CodeIgniter\View\View->CodeIgniter\View\{closure}()
#3 E:\xampp\htdocs\chxn_git\system\Common.php(1089): CodeIgniter\View\View->render('emp_profile', Array, true)
#4 E:\xampp\htdocs\chxn_git\app\Controllers\EmpProfileController.php(15): view('emp_profile', Array)
#5 E:\xampp\htdocs\chxn_git\system\CodeIgniter.php(832): App\Controllers\EmpProfileController->index()
#6 E:\xampp\htdocs\chxn_git\system\CodeIgniter.php(419): CodeIgniter\CodeIgniter->runController(Object(App\Controllers\EmpProfileController))
#7 E:\xampp\htdocs\chxn_git\system\CodeIgniter.php(326): CodeIgniter\CodeIgniter->handleRequest(NULL, Object(Config\Cache), false)
#8 E:\xampp\htdocs\chxn_git\public\index.php(37): CodeIgniter\CodeIgniter->run()
#9 E:\xampp\htdocs\chxn_git\system\Commands\Server\rewrite.php(43): require_once('E:\\xampp\\htdocs...')
#10 {main}
CRITICAL - 2022-07-18 10:08:32 --> Trying to get property 'uid' of non-object
#0 E:\xampp\htdocs\chxn_git\app\Views\emp_profile.php(573): CodeIgniter\Debug\Exceptions->errorHandler(8, 'Trying to get p...', 'E:\\xampp\\htdocs...', 573, Array)
#1 E:\xampp\htdocs\chxn_git\system\View\View.php(210): include('E:\\xampp\\htdocs...')
#2 E:\xampp\htdocs\chxn_git\system\View\View.php(213): CodeIgniter\View\View->CodeIgniter\View\{closure}()
#3 E:\xampp\htdocs\chxn_git\system\Common.php(1089): CodeIgniter\View\View->render('emp_profile', Array, true)
#4 E:\xampp\htdocs\chxn_git\app\Controllers\EmpProfileController.php(15): view('emp_profile', Array)
#5 E:\xampp\htdocs\chxn_git\system\CodeIgniter.php(832): App\Controllers\EmpProfileController->index()
#6 E:\xampp\htdocs\chxn_git\system\CodeIgniter.php(419): CodeIgniter\CodeIgniter->runController(Object(App\Controllers\EmpProfileController))
#7 E:\xampp\htdocs\chxn_git\system\CodeIgniter.php(326): CodeIgniter\CodeIgniter->handleRequest(NULL, Object(Config\Cache), false)
#8 E:\xampp\htdocs\chxn_git\public\index.php(37): CodeIgniter\CodeIgniter->run()
#9 E:\xampp\htdocs\chxn_git\system\Commands\Server\rewrite.php(43): require_once('E:\\xampp\\htdocs...')
#10 {main}
CRITICAL - 2022-07-18 10:09:10 --> Trying to get property 'fullname' of non-object
#0 E:\xampp\htdocs\chxn_git\app\Views\emp_profile.php(571): CodeIgniter\Debug\Exceptions->errorHandler(8, 'Trying to get p...', 'E:\\xampp\\htdocs...', 571, Array)
#1 E:\xampp\htdocs\chxn_git\system\View\View.php(210): include('E:\\xampp\\htdocs...')
#2 E:\xampp\htdocs\chxn_git\system\View\View.php(213): CodeIgniter\View\View->CodeIgniter\View\{closure}()
#3 E:\xampp\htdocs\chxn_git\system\Common.php(1089): CodeIgniter\View\View->render('emp_profile', Array, true)
#4 E:\xampp\htdocs\chxn_git\app\Controllers\EmpProfileController.php(15): view('emp_profile', Array)
#5 E:\xampp\htdocs\chxn_git\system\CodeIgniter.php(832): App\Controllers\EmpProfileController->index()
#6 E:\xampp\htdocs\chxn_git\system\CodeIgniter.php(419): CodeIgniter\CodeIgniter->runController(Object(App\Controllers\EmpProfileController))
#7 E:\xampp\htdocs\chxn_git\system\CodeIgniter.php(326): CodeIgniter\CodeIgniter->handleRequest(NULL, Object(Config\Cache), false)
#8 E:\xampp\htdocs\chxn_git\public\index.php(37): CodeIgniter\CodeIgniter->run()
#9 E:\xampp\htdocs\chxn_git\system\Commands\Server\rewrite.php(43): require_once('E:\\xampp\\htdocs...')
#10 {main}
CRITICAL - 2022-07-18 10:11:28 --> Undefined index: role_name
#0 E:\xampp\htdocs\chxn_git\app\Views\emp_profile.php(584): CodeIgniter\Debug\Exceptions->errorHandler(8, 'Undefined index...', 'E:\\xampp\\htdocs...', 584, Array)
#1 E:\xampp\htdocs\chxn_git\system\View\View.php(210): include('E:\\xampp\\htdocs...')
#2 E:\xampp\htdocs\chxn_git\system\View\View.php(213): CodeIgniter\View\View->CodeIgniter\View\{closure}()
#3 E:\xampp\htdocs\chxn_git\system\Common.php(1089): CodeIgniter\View\View->render('emp_profile', Array, true)
#4 E:\xampp\htdocs\chxn_git\app\Controllers\EmpProfileController.php(15): view('emp_profile', Array)
#5 E:\xampp\htdocs\chxn_git\system\CodeIgniter.php(832): App\Controllers\EmpProfileController->index()
#6 E:\xampp\htdocs\chxn_git\system\CodeIgniter.php(419): CodeIgniter\CodeIgniter->runController(Object(App\Controllers\EmpProfileController))
#7 E:\xampp\htdocs\chxn_git\system\CodeIgniter.php(326): CodeIgniter\CodeIgniter->handleRequest(NULL, Object(Config\Cache), false)
#8 E:\xampp\htdocs\chxn_git\public\index.php(37): CodeIgniter\CodeIgniter->run()
#9 E:\xampp\htdocs\chxn_git\system\Commands\Server\rewrite.php(43): require_once('E:\\xampp\\htdocs...')
#10 {main}
CRITICAL - 2022-07-18 10:15:29 --> Array to string conversion
#0 E:\xampp\htdocs\chxn_git\app\Views\emp_profile.php(551): CodeIgniter\Debug\Exceptions->errorHandler(8, 'Array to string...', 'E:\\xampp\\htdocs...', 551, Array)
#1 E:\xampp\htdocs\chxn_git\system\View\View.php(210): include('E:\\xampp\\htdocs...')
#2 E:\xampp\htdocs\chxn_git\system\View\View.php(213): CodeIgniter\View\View->CodeIgniter\View\{closure}()
#3 E:\xampp\htdocs\chxn_git\system\Common.php(1089): CodeIgniter\View\View->render('emp_profile', Array, true)
#4 E:\xampp\htdocs\chxn_git\app\Controllers\EmpProfileController.php(15): view('emp_profile', Array)
#5 E:\xampp\htdocs\chxn_git\system\CodeIgniter.php(832): App\Controllers\EmpProfileController->index()
#6 E:\xampp\htdocs\chxn_git\system\CodeIgniter.php(419): CodeIgniter\CodeIgniter->runController(Object(App\Controllers\EmpProfileController))
#7 E:\xampp\htdocs\chxn_git\system\CodeIgniter.php(326): CodeIgniter\CodeIgniter->handleRequest(NULL, Object(Config\Cache), false)
#8 E:\xampp\htdocs\chxn_git\public\index.php(37): CodeIgniter\CodeIgniter->run()
#9 E:\xampp\htdocs\chxn_git\system\Commands\Server\rewrite.php(43): require_once('E:\\xampp\\htdocs...')
#10 {main}
