ERROR - 2022-07-05 10:44:49 --> You have an error in your SQL syntax; check the manual that corresponds to your MariaDB server version for the right syntax to use near 'NOT NULL,
	`poscode` INT(5) NOT NULL,
	`additional` VARCHAR(100) NOT NULL,
	`...' at line 19
ERROR - 2022-07-05 10:46:56 --> You have an error in your SQL syntax; check the manual that corresponds to your MariaDB server version for the right syntax to use near 'NOT NULL,
	`poscode` INT(5) NOT NULL,
	`additional` VARCHAR(100) NOT NULL,
	`...' at line 19
ERROR - 2022-07-05 10:47:51 --> You have an error in your SQL syntax; check the manual that corresponds to your MariaDB server version for the right syntax to use near 'NOT NULL,
	`poscode` INT(5) NOT NULL,
	`additional` VARCHAR(100) NOT NULL,
	`...' at line 19
ERROR - 2022-07-05 10:58:01 --> Table 'company_customer' already exists
CRITICAL - 2022-07-05 11:46:33 --> Class "App\Models\Companyinfo" not found
#0 C:\xampp\htdocs\chxn\system\CodeIgniter.php(832): App\Controllers\TestController->test()
#1 C:\xampp\htdocs\chxn\system\CodeIgniter.php(419): CodeIgniter\CodeIgniter->runController(Object(App\Controllers\TestController))
#2 C:\xampp\htdocs\chxn\system\CodeIgniter.php(326): CodeIgniter\CodeIgniter->handleRequest(NULL, Object(Config\Cache), false)
#3 C:\xampp\htdocs\chxn\public\index.php(37): CodeIgniter\CodeIgniter->run()
#4 C:\xampp\htdocs\chxn\system\Commands\Server\rewrite.php(43): require_once('C:\\xampp\\htdocs...')
#5 {main}
CRITICAL - 2022-07-05 11:51:53 --> Call to undefined method App\Models\Companyinfo::test
#0 C:\xampp\htdocs\chxn\app\Controllers\TestController.php(12): CodeIgniter\Model->__call('test', Array)
#1 C:\xampp\htdocs\chxn\system\CodeIgniter.php(832): App\Controllers\TestController->test()
#2 C:\xampp\htdocs\chxn\system\CodeIgniter.php(419): CodeIgniter\CodeIgniter->runController(Object(App\Controllers\TestController))
#3 C:\xampp\htdocs\chxn\system\CodeIgniter.php(326): CodeIgniter\CodeIgniter->handleRequest(NULL, Object(Config\Cache), false)
#4 C:\xampp\htdocs\chxn\public\index.php(37): CodeIgniter\CodeIgniter->run()
#5 C:\xampp\htdocs\chxn\system\Commands\Server\rewrite.php(43): require_once('C:\\xampp\\htdocs...')
#6 {main}
