CRITICAL - 2022-08-04 01:57:59 --> Class 'App\Services\Model' not found
#0 E:\xampp\htdocs\chxn_git\system\Autoloader\Autoloader.php(264): include_once()
#1 E:\xampp\htdocs\chxn_git\system\Autoloader\Autoloader.php(241): CodeIgniter\Autoloader\Autoloader->includeFile('E:\\xampp\\htdocs...')
#2 E:\xampp\htdocs\chxn_git\system\Autoloader\Autoloader.php(219): CodeIgniter\Autoloader\Autoloader->loadInNamespace('App\\Services\\Pe...')
#3 [internal function]: CodeIgniter\Autoloader\Autoloader->loadClass('App\\Services\\Pe...')
#4 E:\xampp\htdocs\chxn_git\app\Controllers\PermissionController.php(13): spl_autoload_call('App\\Services\\Pe...')
#5 E:\xampp\htdocs\chxn_git\system\CodeIgniter.php(832): App\Controllers\PermissionController->index()
#6 E:\xampp\htdocs\chxn_git\system\CodeIgniter.php(419): CodeIgniter\CodeIgniter->runController(Object(App\Controllers\PermissionController))
#7 E:\xampp\htdocs\chxn_git\system\CodeIgniter.php(326): CodeIgniter\CodeIgniter->handleRequest(NULL, Object(Config\Cache), false)
#8 E:\xampp\htdocs\chxn_git\public\index.php(37): CodeIgniter\CodeIgniter->run()
#9 E:\xampp\htdocs\chxn_git\system\Commands\Server\rewrite.php(43): require_once('E:\\xampp\\htdocs...')
#10 {main}
CRITICAL - 2022-08-04 01:58:51 --> Class 'App\Services\Model' not found
#0 E:\xampp\htdocs\chxn_git\system\Autoloader\Autoloader.php(264): include_once()
#1 E:\xampp\htdocs\chxn_git\system\Autoloader\Autoloader.php(241): CodeIgniter\Autoloader\Autoloader->includeFile('E:\\xampp\\htdocs...')
#2 E:\xampp\htdocs\chxn_git\system\Autoloader\Autoloader.php(219): CodeIgniter\Autoloader\Autoloader->loadInNamespace('App\\Services\\Pe...')
#3 [internal function]: CodeIgniter\Autoloader\Autoloader->loadClass('App\\Services\\Pe...')
#4 E:\xampp\htdocs\chxn_git\app\Controllers\PermissionController.php(13): spl_autoload_call('App\\Services\\Pe...')
#5 E:\xampp\htdocs\chxn_git\system\CodeIgniter.php(832): App\Controllers\PermissionController->index()
#6 E:\xampp\htdocs\chxn_git\system\CodeIgniter.php(419): CodeIgniter\CodeIgniter->runController(Object(App\Controllers\PermissionController))
#7 E:\xampp\htdocs\chxn_git\system\CodeIgniter.php(326): CodeIgniter\CodeIgniter->handleRequest(NULL, Object(Config\Cache), false)
#8 E:\xampp\htdocs\chxn_git\public\index.php(37): CodeIgniter\CodeIgniter->run()
#9 E:\xampp\htdocs\chxn_git\system\Commands\Server\rewrite.php(43): require_once('E:\\xampp\\htdocs...')
#10 {main}
CRITICAL - 2022-08-04 01:58:53 --> Class 'App\Services\Model' not found
#0 E:\xampp\htdocs\chxn_git\system\Autoloader\Autoloader.php(264): include_once()
#1 E:\xampp\htdocs\chxn_git\system\Autoloader\Autoloader.php(241): CodeIgniter\Autoloader\Autoloader->includeFile('E:\\xampp\\htdocs...')
#2 E:\xampp\htdocs\chxn_git\system\Autoloader\Autoloader.php(219): CodeIgniter\Autoloader\Autoloader->loadInNamespace('App\\Services\\Pe...')
#3 [internal function]: CodeIgniter\Autoloader\Autoloader->loadClass('App\\Services\\Pe...')
#4 E:\xampp\htdocs\chxn_git\app\Controllers\PermissionController.php(13): spl_autoload_call('App\\Services\\Pe...')
#5 E:\xampp\htdocs\chxn_git\system\CodeIgniter.php(832): App\Controllers\PermissionController->index()
#6 E:\xampp\htdocs\chxn_git\system\CodeIgniter.php(419): CodeIgniter\CodeIgniter->runController(Object(App\Controllers\PermissionController))
#7 E:\xampp\htdocs\chxn_git\system\CodeIgniter.php(326): CodeIgniter\CodeIgniter->handleRequest(NULL, Object(Config\Cache), false)
#8 E:\xampp\htdocs\chxn_git\public\index.php(37): CodeIgniter\CodeIgniter->run()
#9 E:\xampp\htdocs\chxn_git\system\Commands\Server\rewrite.php(43): require_once('E:\\xampp\\htdocs...')
#10 {main}
CRITICAL - 2022-08-04 01:59:59 --> Class 'App\Services\Model' not found
#0 E:\xampp\htdocs\chxn_git\system\Autoloader\Autoloader.php(264): include_once()
#1 E:\xampp\htdocs\chxn_git\system\Autoloader\Autoloader.php(241): CodeIgniter\Autoloader\Autoloader->includeFile('E:\\xampp\\htdocs...')
#2 E:\xampp\htdocs\chxn_git\system\Autoloader\Autoloader.php(219): CodeIgniter\Autoloader\Autoloader->loadInNamespace('App\\Services\\Pe...')
#3 [internal function]: CodeIgniter\Autoloader\Autoloader->loadClass('App\\Services\\Pe...')
#4 E:\xampp\htdocs\chxn_git\app\Controllers\PermissionController.php(13): spl_autoload_call('App\\Services\\Pe...')
#5 E:\xampp\htdocs\chxn_git\system\CodeIgniter.php(832): App\Controllers\PermissionController->index()
#6 E:\xampp\htdocs\chxn_git\system\CodeIgniter.php(419): CodeIgniter\CodeIgniter->runController(Object(App\Controllers\PermissionController))
#7 E:\xampp\htdocs\chxn_git\system\CodeIgniter.php(326): CodeIgniter\CodeIgniter->handleRequest(NULL, Object(Config\Cache), false)
#8 E:\xampp\htdocs\chxn_git\public\index.php(37): CodeIgniter\CodeIgniter->run()
#9 E:\xampp\htdocs\chxn_git\system\Commands\Server\rewrite.php(43): require_once('E:\\xampp\\htdocs...')
#10 {main}
CRITICAL - 2022-08-04 02:00:01 --> Class 'App\Services\Model' not found
#0 E:\xampp\htdocs\chxn_git\system\Autoloader\Autoloader.php(264): include_once()
#1 E:\xampp\htdocs\chxn_git\system\Autoloader\Autoloader.php(241): CodeIgniter\Autoloader\Autoloader->includeFile('E:\\xampp\\htdocs...')
#2 E:\xampp\htdocs\chxn_git\system\Autoloader\Autoloader.php(219): CodeIgniter\Autoloader\Autoloader->loadInNamespace('App\\Services\\Pe...')
#3 [internal function]: CodeIgniter\Autoloader\Autoloader->loadClass('App\\Services\\Pe...')
#4 E:\xampp\htdocs\chxn_git\app\Controllers\PermissionController.php(13): spl_autoload_call('App\\Services\\Pe...')
#5 E:\xampp\htdocs\chxn_git\system\CodeIgniter.php(832): App\Controllers\PermissionController->index()
#6 E:\xampp\htdocs\chxn_git\system\CodeIgniter.php(419): CodeIgniter\CodeIgniter->runController(Object(App\Controllers\PermissionController))
#7 E:\xampp\htdocs\chxn_git\system\CodeIgniter.php(326): CodeIgniter\CodeIgniter->handleRequest(NULL, Object(Config\Cache), false)
#8 E:\xampp\htdocs\chxn_git\public\index.php(37): CodeIgniter\CodeIgniter->run()
#9 E:\xampp\htdocs\chxn_git\system\Commands\Server\rewrite.php(43): require_once('E:\\xampp\\htdocs...')
#10 {main}
CRITICAL - 2022-08-04 02:00:29 --> Class 'App\Model\Model' not found
#0 E:\xampp\htdocs\chxn_git\system\Autoloader\Autoloader.php(264): include_once()
#1 E:\xampp\htdocs\chxn_git\system\Autoloader\Autoloader.php(241): CodeIgniter\Autoloader\Autoloader->includeFile('E:\\xampp\\htdocs...')
#2 E:\xampp\htdocs\chxn_git\system\Autoloader\Autoloader.php(219): CodeIgniter\Autoloader\Autoloader->loadInNamespace('App\\Services\\Pe...')
#3 [internal function]: CodeIgniter\Autoloader\Autoloader->loadClass('App\\Services\\Pe...')
#4 E:\xampp\htdocs\chxn_git\app\Controllers\PermissionController.php(13): spl_autoload_call('App\\Services\\Pe...')
#5 E:\xampp\htdocs\chxn_git\system\CodeIgniter.php(832): App\Controllers\PermissionController->index()
#6 E:\xampp\htdocs\chxn_git\system\CodeIgniter.php(419): CodeIgniter\CodeIgniter->runController(Object(App\Controllers\PermissionController))
#7 E:\xampp\htdocs\chxn_git\system\CodeIgniter.php(326): CodeIgniter\CodeIgniter->handleRequest(NULL, Object(Config\Cache), false)
#8 E:\xampp\htdocs\chxn_git\public\index.php(37): CodeIgniter\CodeIgniter->run()
#9 E:\xampp\htdocs\chxn_git\system\Commands\Server\rewrite.php(43): require_once('E:\\xampp\\htdocs...')
#10 {main}
CRITICAL - 2022-08-04 02:01:43 --> Class 'App\Models\PermissionModel' not found
#0 E:\xampp\htdocs\chxn_git\app\Controllers\PermissionController.php(14): App\Services\PermissionService->getData()
#1 E:\xampp\htdocs\chxn_git\system\CodeIgniter.php(832): App\Controllers\PermissionController->index()
#2 E:\xampp\htdocs\chxn_git\system\CodeIgniter.php(419): CodeIgniter\CodeIgniter->runController(Object(App\Controllers\PermissionController))
#3 E:\xampp\htdocs\chxn_git\system\CodeIgniter.php(326): CodeIgniter\CodeIgniter->handleRequest(NULL, Object(Config\Cache), false)
#4 E:\xampp\htdocs\chxn_git\public\index.php(37): CodeIgniter\CodeIgniter->run()
#5 E:\xampp\htdocs\chxn_git\system\Commands\Server\rewrite.php(43): require_once('E:\\xampp\\htdocs...')
#6 {main}
CRITICAL - 2022-08-04 02:03:23 --> Class 'App\Services\PermissionModel' not found
#0 E:\xampp\htdocs\chxn_git\app\Controllers\PermissionController.php(14): App\Services\PermissionService->getData()
#1 E:\xampp\htdocs\chxn_git\system\CodeIgniter.php(832): App\Controllers\PermissionController->index()
#2 E:\xampp\htdocs\chxn_git\system\CodeIgniter.php(419): CodeIgniter\CodeIgniter->runController(Object(App\Controllers\PermissionController))
#3 E:\xampp\htdocs\chxn_git\system\CodeIgniter.php(326): CodeIgniter\CodeIgniter->handleRequest(NULL, Object(Config\Cache), false)
#4 E:\xampp\htdocs\chxn_git\public\index.php(37): CodeIgniter\CodeIgniter->run()
#5 E:\xampp\htdocs\chxn_git\system\Commands\Server\rewrite.php(43): require_once('E:\\xampp\\htdocs...')
#6 {main}
CRITICAL - 2022-08-04 02:03:42 --> Undefined variable: data
#0 E:\xampp\htdocs\chxn_git\app\Views\permission.php(7): CodeIgniter\Debug\Exceptions->errorHandler(8, 'Undefined varia...', 'E:\\xampp\\htdocs...', 7, Array)
#1 E:\xampp\htdocs\chxn_git\system\View\View.php(210): include('E:\\xampp\\htdocs...')
#2 E:\xampp\htdocs\chxn_git\system\View\View.php(213): CodeIgniter\View\View->CodeIgniter\View\{closure}()
#3 E:\xampp\htdocs\chxn_git\system\Common.php(1089): CodeIgniter\View\View->render('permission', Array, true)
#4 E:\xampp\htdocs\chxn_git\app\Controllers\PermissionController.php(16): view('permission', Array)
#5 E:\xampp\htdocs\chxn_git\system\CodeIgniter.php(832): App\Controllers\PermissionController->index()
#6 E:\xampp\htdocs\chxn_git\system\CodeIgniter.php(419): CodeIgniter\CodeIgniter->runController(Object(App\Controllers\PermissionController))
#7 E:\xampp\htdocs\chxn_git\system\CodeIgniter.php(326): CodeIgniter\CodeIgniter->handleRequest(NULL, Object(Config\Cache), false)
#8 E:\xampp\htdocs\chxn_git\public\index.php(37): CodeIgniter\CodeIgniter->run()
#9 E:\xampp\htdocs\chxn_git\system\Commands\Server\rewrite.php(43): require_once('E:\\xampp\\htdocs...')
#10 {main}
CRITICAL - 2022-08-04 02:07:06 --> Array to string conversion
#0 E:\xampp\htdocs\chxn_git\app\Views\permission.php(7): CodeIgniter\Debug\Exceptions->errorHandler(8, 'Array to string...', 'E:\\xampp\\htdocs...', 7, Array)
#1 E:\xampp\htdocs\chxn_git\system\View\View.php(210): include('E:\\xampp\\htdocs...')
#2 E:\xampp\htdocs\chxn_git\system\View\View.php(213): CodeIgniter\View\View->CodeIgniter\View\{closure}()
#3 E:\xampp\htdocs\chxn_git\system\Common.php(1089): CodeIgniter\View\View->render('permission', Array, true)
#4 E:\xampp\htdocs\chxn_git\app\Controllers\PermissionController.php(19): view('permission', Array)
#5 E:\xampp\htdocs\chxn_git\system\CodeIgniter.php(832): App\Controllers\PermissionController->index()
#6 E:\xampp\htdocs\chxn_git\system\CodeIgniter.php(419): CodeIgniter\CodeIgniter->runController(Object(App\Controllers\PermissionController))
#7 E:\xampp\htdocs\chxn_git\system\CodeIgniter.php(326): CodeIgniter\CodeIgniter->handleRequest(NULL, Object(Config\Cache), false)
#8 E:\xampp\htdocs\chxn_git\public\index.php(37): CodeIgniter\CodeIgniter->run()
#9 E:\xampp\htdocs\chxn_git\system\Commands\Server\rewrite.php(43): require_once('E:\\xampp\\htdocs...')
#10 {main}
CRITICAL - 2022-08-04 02:14:24 --> Array to string conversion
#0 E:\xampp\htdocs\chxn_git\app\Views\permission.php(7): CodeIgniter\Debug\Exceptions->errorHandler(8, 'Array to string...', 'E:\\xampp\\htdocs...', 7, Array)
#1 E:\xampp\htdocs\chxn_git\system\View\View.php(210): include('E:\\xampp\\htdocs...')
#2 E:\xampp\htdocs\chxn_git\system\View\View.php(213): CodeIgniter\View\View->CodeIgniter\View\{closure}()
#3 E:\xampp\htdocs\chxn_git\system\Common.php(1089): CodeIgniter\View\View->render('permission', Array, true)
#4 E:\xampp\htdocs\chxn_git\app\Controllers\PermissionController.php(17): view('permission', Array)
#5 E:\xampp\htdocs\chxn_git\system\CodeIgniter.php(832): App\Controllers\PermissionController->index()
#6 E:\xampp\htdocs\chxn_git\system\CodeIgniter.php(419): CodeIgniter\CodeIgniter->runController(Object(App\Controllers\PermissionController))
#7 E:\xampp\htdocs\chxn_git\system\CodeIgniter.php(326): CodeIgniter\CodeIgniter->handleRequest(NULL, Object(Config\Cache), false)
#8 E:\xampp\htdocs\chxn_git\public\index.php(37): CodeIgniter\CodeIgniter->run()
#9 E:\xampp\htdocs\chxn_git\system\Commands\Server\rewrite.php(43): require_once('E:\\xampp\\htdocs...')
#10 {main}
CRITICAL - 2022-08-04 02:15:03 --> Undefined variable: data
#0 E:\xampp\htdocs\chxn_git\app\Views\permission.php(7): CodeIgniter\Debug\Exceptions->errorHandler(8, 'Undefined varia...', 'E:\\xampp\\htdocs...', 7, Array)
#1 E:\xampp\htdocs\chxn_git\system\View\View.php(210): include('E:\\xampp\\htdocs...')
#2 E:\xampp\htdocs\chxn_git\system\View\View.php(213): CodeIgniter\View\View->CodeIgniter\View\{closure}()
#3 E:\xampp\htdocs\chxn_git\system\Common.php(1089): CodeIgniter\View\View->render('permission', Array, true)
#4 E:\xampp\htdocs\chxn_git\app\Controllers\PermissionController.php(17): view('permission', Array)
#5 E:\xampp\htdocs\chxn_git\system\CodeIgniter.php(832): App\Controllers\PermissionController->index()
#6 E:\xampp\htdocs\chxn_git\system\CodeIgniter.php(419): CodeIgniter\CodeIgniter->runController(Object(App\Controllers\PermissionController))
#7 E:\xampp\htdocs\chxn_git\system\CodeIgniter.php(326): CodeIgniter\CodeIgniter->handleRequest(NULL, Object(Config\Cache), false)
#8 E:\xampp\htdocs\chxn_git\public\index.php(37): CodeIgniter\CodeIgniter->run()
#9 E:\xampp\htdocs\chxn_git\system\Commands\Server\rewrite.php(43): require_once('E:\\xampp\\htdocs...')
#10 {main}
CRITICAL - 2022-08-04 02:16:59 --> Class 'App\Models\PermissionModel' not found
#0 E:\xampp\htdocs\chxn_git\app\Controllers\PermissionController.php(14): App\Services\PermissionService->getData()
#1 E:\xampp\htdocs\chxn_git\system\CodeIgniter.php(832): App\Controllers\PermissionController->index()
#2 E:\xampp\htdocs\chxn_git\system\CodeIgniter.php(419): CodeIgniter\CodeIgniter->runController(Object(App\Controllers\PermissionController))
#3 E:\xampp\htdocs\chxn_git\system\CodeIgniter.php(326): CodeIgniter\CodeIgniter->handleRequest(NULL, Object(Config\Cache), false)
#4 E:\xampp\htdocs\chxn_git\public\index.php(37): CodeIgniter\CodeIgniter->run()
#5 E:\xampp\htdocs\chxn_git\system\Commands\Server\rewrite.php(43): require_once('E:\\xampp\\htdocs...')
#6 {main}
CRITICAL - 2022-08-04 02:17:00 --> Class 'App\Models\PermissionModel' not found
#0 E:\xampp\htdocs\chxn_git\app\Controllers\PermissionController.php(14): App\Services\PermissionService->getData()
#1 E:\xampp\htdocs\chxn_git\system\CodeIgniter.php(832): App\Controllers\PermissionController->index()
#2 E:\xampp\htdocs\chxn_git\system\CodeIgniter.php(419): CodeIgniter\CodeIgniter->runController(Object(App\Controllers\PermissionController))
#3 E:\xampp\htdocs\chxn_git\system\CodeIgniter.php(326): CodeIgniter\CodeIgniter->handleRequest(NULL, Object(Config\Cache), false)
#4 E:\xampp\htdocs\chxn_git\public\index.php(37): CodeIgniter\CodeIgniter->run()
#5 E:\xampp\htdocs\chxn_git\system\Commands\Server\rewrite.php(43): require_once('E:\\xampp\\htdocs...')
#6 {main}
CRITICAL - 2022-08-04 02:21:46 --> Class 'App\Models\PermissionModel' not found
#0 E:\xampp\htdocs\chxn_git\app\Controllers\PermissionController.php(14): App\Services\PermissionService->getData()
#1 E:\xampp\htdocs\chxn_git\system\CodeIgniter.php(832): App\Controllers\PermissionController->index()
#2 E:\xampp\htdocs\chxn_git\system\CodeIgniter.php(419): CodeIgniter\CodeIgniter->runController(Object(App\Controllers\PermissionController))
#3 E:\xampp\htdocs\chxn_git\system\CodeIgniter.php(326): CodeIgniter\CodeIgniter->handleRequest(NULL, Object(Config\Cache), false)
#4 E:\xampp\htdocs\chxn_git\public\index.php(37): CodeIgniter\CodeIgniter->run()
#5 E:\xampp\htdocs\chxn_git\system\Commands\Server\rewrite.php(43): require_once('E:\\xampp\\htdocs...')
#6 {main}
CRITICAL - 2022-08-04 02:23:27 --> Class 'App\Models\PermissionModel' not found
#0 E:\xampp\htdocs\chxn_git\app\Controllers\PermissionController.php(14): App\Services\PermissionService->getData()
#1 E:\xampp\htdocs\chxn_git\system\CodeIgniter.php(832): App\Controllers\PermissionController->index()
#2 E:\xampp\htdocs\chxn_git\system\CodeIgniter.php(419): CodeIgniter\CodeIgniter->runController(Object(App\Controllers\PermissionController))
#3 E:\xampp\htdocs\chxn_git\system\CodeIgniter.php(326): CodeIgniter\CodeIgniter->handleRequest(NULL, Object(Config\Cache), false)
#4 E:\xampp\htdocs\chxn_git\public\index.php(37): CodeIgniter\CodeIgniter->run()
#5 E:\xampp\htdocs\chxn_git\system\Commands\Server\rewrite.php(43): require_once('E:\\xampp\\htdocs...')
#6 {main}
CRITICAL - 2022-08-04 02:23:28 --> Class 'App\Models\PermissionModel' not found
#0 E:\xampp\htdocs\chxn_git\app\Controllers\PermissionController.php(14): App\Services\PermissionService->getData()
#1 E:\xampp\htdocs\chxn_git\system\CodeIgniter.php(832): App\Controllers\PermissionController->index()
#2 E:\xampp\htdocs\chxn_git\system\CodeIgniter.php(419): CodeIgniter\CodeIgniter->runController(Object(App\Controllers\PermissionController))
#3 E:\xampp\htdocs\chxn_git\system\CodeIgniter.php(326): CodeIgniter\CodeIgniter->handleRequest(NULL, Object(Config\Cache), false)
#4 E:\xampp\htdocs\chxn_git\public\index.php(37): CodeIgniter\CodeIgniter->run()
#5 E:\xampp\htdocs\chxn_git\system\Commands\Server\rewrite.php(43): require_once('E:\\xampp\\htdocs...')
#6 {main}
CRITICAL - 2022-08-04 02:23:28 --> Class 'App\Models\PermissionModel' not found
#0 E:\xampp\htdocs\chxn_git\app\Controllers\PermissionController.php(14): App\Services\PermissionService->getData()
#1 E:\xampp\htdocs\chxn_git\system\CodeIgniter.php(832): App\Controllers\PermissionController->index()
#2 E:\xampp\htdocs\chxn_git\system\CodeIgniter.php(419): CodeIgniter\CodeIgniter->runController(Object(App\Controllers\PermissionController))
#3 E:\xampp\htdocs\chxn_git\system\CodeIgniter.php(326): CodeIgniter\CodeIgniter->handleRequest(NULL, Object(Config\Cache), false)
#4 E:\xampp\htdocs\chxn_git\public\index.php(37): CodeIgniter\CodeIgniter->run()
#5 E:\xampp\htdocs\chxn_git\system\Commands\Server\rewrite.php(43): require_once('E:\\xampp\\htdocs...')
#6 {main}
CRITICAL - 2022-08-04 02:26:25 --> Trying to get property 'pid' of non-object
#0 E:\xampp\htdocs\chxn_git\app\Views\permission.php(35): CodeIgniter\Debug\Exceptions->errorHandler(8, 'Trying to get p...', 'E:\\xampp\\htdocs...', 35, Array)
#1 E:\xampp\htdocs\chxn_git\system\View\View.php(210): include('E:\\xampp\\htdocs...')
#2 E:\xampp\htdocs\chxn_git\system\View\View.php(213): CodeIgniter\View\View->CodeIgniter\View\{closure}()
#3 E:\xampp\htdocs\chxn_git\system\Common.php(1089): CodeIgniter\View\View->render('permission', Array, true)
#4 E:\xampp\htdocs\chxn_git\app\Controllers\PermissionController.php(17): view('permission', Array)
#5 E:\xampp\htdocs\chxn_git\system\CodeIgniter.php(832): App\Controllers\PermissionController->index()
#6 E:\xampp\htdocs\chxn_git\system\CodeIgniter.php(419): CodeIgniter\CodeIgniter->runController(Object(App\Controllers\PermissionController))
#7 E:\xampp\htdocs\chxn_git\system\CodeIgniter.php(326): CodeIgniter\CodeIgniter->handleRequest(NULL, Object(Config\Cache), false)
#8 E:\xampp\htdocs\chxn_git\public\index.php(37): CodeIgniter\CodeIgniter->run()
#9 E:\xampp\htdocs\chxn_git\system\Commands\Server\rewrite.php(43): require_once('E:\\xampp\\htdocs...')
#10 {main}
CRITICAL - 2022-08-04 02:36:31 --> Undefined variable: data
#0 E:\xampp\htdocs\chxn_git\app\Views\permission.php(6): CodeIgniter\Debug\Exceptions->errorHandler(8, 'Undefined varia...', 'E:\\xampp\\htdocs...', 6, Array)
#1 E:\xampp\htdocs\chxn_git\system\View\View.php(210): include('E:\\xampp\\htdocs...')
#2 E:\xampp\htdocs\chxn_git\system\View\View.php(213): CodeIgniter\View\View->CodeIgniter\View\{closure}()
#3 E:\xampp\htdocs\chxn_git\system\Common.php(1089): CodeIgniter\View\View->render('permission', Array, true)
#4 E:\xampp\htdocs\chxn_git\app\Controllers\PermissionController.php(22): view('permission', Array)
#5 E:\xampp\htdocs\chxn_git\system\CodeIgniter.php(832): App\Controllers\PermissionController->index()
#6 E:\xampp\htdocs\chxn_git\system\CodeIgniter.php(419): CodeIgniter\CodeIgniter->runController(Object(App\Controllers\PermissionController))
#7 E:\xampp\htdocs\chxn_git\system\CodeIgniter.php(326): CodeIgniter\CodeIgniter->handleRequest(NULL, Object(Config\Cache), false)
#8 E:\xampp\htdocs\chxn_git\public\index.php(37): CodeIgniter\CodeIgniter->run()
#9 E:\xampp\htdocs\chxn_git\system\Commands\Server\rewrite.php(43): require_once('E:\\xampp\\htdocs...')
#10 {main}
CRITICAL - 2022-08-04 02:36:42 --> Trying to get property 'pid' of non-object
#0 E:\xampp\htdocs\chxn_git\app\Views\permission.php(40): CodeIgniter\Debug\Exceptions->errorHandler(8, 'Trying to get p...', 'E:\\xampp\\htdocs...', 40, Array)
#1 E:\xampp\htdocs\chxn_git\system\View\View.php(210): include('E:\\xampp\\htdocs...')
#2 E:\xampp\htdocs\chxn_git\system\View\View.php(213): CodeIgniter\View\View->CodeIgniter\View\{closure}()
#3 E:\xampp\htdocs\chxn_git\system\Common.php(1089): CodeIgniter\View\View->render('permission', Array, true)
#4 E:\xampp\htdocs\chxn_git\app\Controllers\PermissionController.php(22): view('permission', Array)
#5 E:\xampp\htdocs\chxn_git\system\CodeIgniter.php(832): App\Controllers\PermissionController->index()
#6 E:\xampp\htdocs\chxn_git\system\CodeIgniter.php(419): CodeIgniter\CodeIgniter->runController(Object(App\Controllers\PermissionController))
#7 E:\xampp\htdocs\chxn_git\system\CodeIgniter.php(326): CodeIgniter\CodeIgniter->handleRequest(NULL, Object(Config\Cache), false)
#8 E:\xampp\htdocs\chxn_git\public\index.php(37): CodeIgniter\CodeIgniter->run()
#9 E:\xampp\htdocs\chxn_git\system\Commands\Server\rewrite.php(43): require_once('E:\\xampp\\htdocs...')
#10 {main}
CRITICAL - 2022-08-04 02:36:50 --> Trying to get property 'pid' of non-object
#0 E:\xampp\htdocs\chxn_git\app\Views\permission.php(40): CodeIgniter\Debug\Exceptions->errorHandler(8, 'Trying to get p...', 'E:\\xampp\\htdocs...', 40, Array)
#1 E:\xampp\htdocs\chxn_git\system\View\View.php(210): include('E:\\xampp\\htdocs...')
#2 E:\xampp\htdocs\chxn_git\system\View\View.php(213): CodeIgniter\View\View->CodeIgniter\View\{closure}()
#3 E:\xampp\htdocs\chxn_git\system\Common.php(1089): CodeIgniter\View\View->render('permission', Array, true)
#4 E:\xampp\htdocs\chxn_git\app\Controllers\PermissionController.php(22): view('permission', Array)
#5 E:\xampp\htdocs\chxn_git\system\CodeIgniter.php(832): App\Controllers\PermissionController->index()
#6 E:\xampp\htdocs\chxn_git\system\CodeIgniter.php(419): CodeIgniter\CodeIgniter->runController(Object(App\Controllers\PermissionController))
#7 E:\xampp\htdocs\chxn_git\system\CodeIgniter.php(326): CodeIgniter\CodeIgniter->handleRequest(NULL, Object(Config\Cache), false)
#8 E:\xampp\htdocs\chxn_git\public\index.php(37): CodeIgniter\CodeIgniter->run()
#9 E:\xampp\htdocs\chxn_git\system\Commands\Server\rewrite.php(43): require_once('E:\\xampp\\htdocs...')
#10 {main}
CRITICAL - 2022-08-04 02:36:54 --> Trying to get property 'pid' of non-object
#0 E:\xampp\htdocs\chxn_git\app\Views\permission.php(40): CodeIgniter\Debug\Exceptions->errorHandler(8, 'Trying to get p...', 'E:\\xampp\\htdocs...', 40, Array)
#1 E:\xampp\htdocs\chxn_git\system\View\View.php(210): include('E:\\xampp\\htdocs...')
#2 E:\xampp\htdocs\chxn_git\system\View\View.php(213): CodeIgniter\View\View->CodeIgniter\View\{closure}()
#3 E:\xampp\htdocs\chxn_git\system\Common.php(1089): CodeIgniter\View\View->render('permission', Array, true)
#4 E:\xampp\htdocs\chxn_git\app\Controllers\PermissionController.php(22): view('permission', Array)
#5 E:\xampp\htdocs\chxn_git\system\CodeIgniter.php(832): App\Controllers\PermissionController->index()
#6 E:\xampp\htdocs\chxn_git\system\CodeIgniter.php(419): CodeIgniter\CodeIgniter->runController(Object(App\Controllers\PermissionController))
#7 E:\xampp\htdocs\chxn_git\system\CodeIgniter.php(326): CodeIgniter\CodeIgniter->handleRequest(NULL, Object(Config\Cache), false)
#8 E:\xampp\htdocs\chxn_git\public\index.php(37): CodeIgniter\CodeIgniter->run()
#9 E:\xampp\htdocs\chxn_git\system\Commands\Server\rewrite.php(43): require_once('E:\\xampp\\htdocs...')
#10 {main}
CRITICAL - 2022-08-04 02:53:02 --> Undefined variable: allpermission
#0 E:\xampp\htdocs\chxn_git\app\Views\permission.php(7): CodeIgniter\Debug\Exceptions->errorHandler(8, 'Undefined varia...', 'E:\\xampp\\htdocs...', 7, Array)
#1 E:\xampp\htdocs\chxn_git\system\View\View.php(210): include('E:\\xampp\\htdocs...')
#2 E:\xampp\htdocs\chxn_git\system\View\View.php(213): CodeIgniter\View\View->CodeIgniter\View\{closure}()
#3 E:\xampp\htdocs\chxn_git\system\Common.php(1089): CodeIgniter\View\View->render('permission', Array, true)
#4 E:\xampp\htdocs\chxn_git\app\Controllers\PermissionController.php(24): view('permission', Array)
#5 E:\xampp\htdocs\chxn_git\system\CodeIgniter.php(832): App\Controllers\PermissionController->index()
#6 E:\xampp\htdocs\chxn_git\system\CodeIgniter.php(419): CodeIgniter\CodeIgniter->runController(Object(App\Controllers\PermissionController))
#7 E:\xampp\htdocs\chxn_git\system\CodeIgniter.php(326): CodeIgniter\CodeIgniter->handleRequest(NULL, Object(Config\Cache), false)
#8 E:\xampp\htdocs\chxn_git\public\index.php(37): CodeIgniter\CodeIgniter->run()
#9 E:\xampp\htdocs\chxn_git\system\Commands\Server\rewrite.php(43): require_once('E:\\xampp\\htdocs...')
#10 {main}
CRITICAL - 2022-08-04 03:03:32 --> Array to string conversion
#0 E:\xampp\htdocs\chxn_git\app\Views\permission.php(12): CodeIgniter\Debug\Exceptions->errorHandler(8, 'Array to string...', 'E:\\xampp\\htdocs...', 12, Array)
#1 E:\xampp\htdocs\chxn_git\system\View\View.php(210): include('E:\\xampp\\htdocs...')
#2 E:\xampp\htdocs\chxn_git\system\View\View.php(213): CodeIgniter\View\View->CodeIgniter\View\{closure}()
#3 E:\xampp\htdocs\chxn_git\system\Common.php(1089): CodeIgniter\View\View->render('permission', Array, true)
#4 E:\xampp\htdocs\chxn_git\app\Controllers\PermissionController.php(24): view('permission', Array)
#5 E:\xampp\htdocs\chxn_git\system\CodeIgniter.php(832): App\Controllers\PermissionController->index()
#6 E:\xampp\htdocs\chxn_git\system\CodeIgniter.php(419): CodeIgniter\CodeIgniter->runController(Object(App\Controllers\PermissionController))
#7 E:\xampp\htdocs\chxn_git\system\CodeIgniter.php(326): CodeIgniter\CodeIgniter->handleRequest(NULL, Object(Config\Cache), false)
#8 E:\xampp\htdocs\chxn_git\public\index.php(37): CodeIgniter\CodeIgniter->run()
#9 E:\xampp\htdocs\chxn_git\system\Commands\Server\rewrite.php(43): require_once('E:\\xampp\\htdocs...')
#10 {main}
CRITICAL - 2022-08-04 03:06:40 --> Array to string conversion
#0 E:\xampp\htdocs\chxn_git\app\Views\permission.php(13): CodeIgniter\Debug\Exceptions->errorHandler(8, 'Array to string...', 'E:\\xampp\\htdocs...', 13, Array)
#1 E:\xampp\htdocs\chxn_git\system\View\View.php(210): include('E:\\xampp\\htdocs...')
#2 E:\xampp\htdocs\chxn_git\system\View\View.php(213): CodeIgniter\View\View->CodeIgniter\View\{closure}()
#3 E:\xampp\htdocs\chxn_git\system\Common.php(1089): CodeIgniter\View\View->render('permission', Array, true)
#4 E:\xampp\htdocs\chxn_git\app\Controllers\PermissionController.php(24): view('permission', Array)
#5 E:\xampp\htdocs\chxn_git\system\CodeIgniter.php(832): App\Controllers\PermissionController->index()
#6 E:\xampp\htdocs\chxn_git\system\CodeIgniter.php(419): CodeIgniter\CodeIgniter->runController(Object(App\Controllers\PermissionController))
#7 E:\xampp\htdocs\chxn_git\system\CodeIgniter.php(326): CodeIgniter\CodeIgniter->handleRequest(NULL, Object(Config\Cache), false)
#8 E:\xampp\htdocs\chxn_git\public\index.php(37): CodeIgniter\CodeIgniter->run()
#9 E:\xampp\htdocs\chxn_git\system\Commands\Server\rewrite.php(43): require_once('E:\\xampp\\htdocs...')
#10 {main}
CRITICAL - 2022-08-04 03:06:59 --> Undefined index: user_status
#0 E:\xampp\htdocs\chxn_git\app\Views\permission.php(13): CodeIgniter\Debug\Exceptions->errorHandler(8, 'Undefined index...', 'E:\\xampp\\htdocs...', 13, Array)
#1 E:\xampp\htdocs\chxn_git\system\View\View.php(210): include('E:\\xampp\\htdocs...')
#2 E:\xampp\htdocs\chxn_git\system\View\View.php(213): CodeIgniter\View\View->CodeIgniter\View\{closure}()
#3 E:\xampp\htdocs\chxn_git\system\Common.php(1089): CodeIgniter\View\View->render('permission', Array, true)
#4 E:\xampp\htdocs\chxn_git\app\Controllers\PermissionController.php(24): view('permission', Array)
#5 E:\xampp\htdocs\chxn_git\system\CodeIgniter.php(832): App\Controllers\PermissionController->index()
#6 E:\xampp\htdocs\chxn_git\system\CodeIgniter.php(419): CodeIgniter\CodeIgniter->runController(Object(App\Controllers\PermissionController))
#7 E:\xampp\htdocs\chxn_git\system\CodeIgniter.php(326): CodeIgniter\CodeIgniter->handleRequest(NULL, Object(Config\Cache), false)
#8 E:\xampp\htdocs\chxn_git\public\index.php(37): CodeIgniter\CodeIgniter->run()
#9 E:\xampp\htdocs\chxn_git\system\Commands\Server\rewrite.php(43): require_once('E:\\xampp\\htdocs...')
#10 {main}
CRITICAL - 2022-08-04 03:07:01 --> Undefined index: user_status
#0 E:\xampp\htdocs\chxn_git\app\Views\permission.php(13): CodeIgniter\Debug\Exceptions->errorHandler(8, 'Undefined index...', 'E:\\xampp\\htdocs...', 13, Array)
#1 E:\xampp\htdocs\chxn_git\system\View\View.php(210): include('E:\\xampp\\htdocs...')
#2 E:\xampp\htdocs\chxn_git\system\View\View.php(213): CodeIgniter\View\View->CodeIgniter\View\{closure}()
#3 E:\xampp\htdocs\chxn_git\system\Common.php(1089): CodeIgniter\View\View->render('permission', Array, true)
#4 E:\xampp\htdocs\chxn_git\app\Controllers\PermissionController.php(24): view('permission', Array)
#5 E:\xampp\htdocs\chxn_git\system\CodeIgniter.php(832): App\Controllers\PermissionController->index()
#6 E:\xampp\htdocs\chxn_git\system\CodeIgniter.php(419): CodeIgniter\CodeIgniter->runController(Object(App\Controllers\PermissionController))
#7 E:\xampp\htdocs\chxn_git\system\CodeIgniter.php(326): CodeIgniter\CodeIgniter->handleRequest(NULL, Object(Config\Cache), false)
#8 E:\xampp\htdocs\chxn_git\public\index.php(37): CodeIgniter\CodeIgniter->run()
#9 E:\xampp\htdocs\chxn_git\system\Commands\Server\rewrite.php(43): require_once('E:\\xampp\\htdocs...')
#10 {main}
CRITICAL - 2022-08-04 03:07:52 --> Undefined index: user_status
#0 E:\xampp\htdocs\chxn_git\app\Views\permission.php(10): CodeIgniter\Debug\Exceptions->errorHandler(8, 'Undefined index...', 'E:\\xampp\\htdocs...', 10, Array)
#1 E:\xampp\htdocs\chxn_git\system\View\View.php(210): include('E:\\xampp\\htdocs...')
#2 E:\xampp\htdocs\chxn_git\system\View\View.php(213): CodeIgniter\View\View->CodeIgniter\View\{closure}()
#3 E:\xampp\htdocs\chxn_git\system\Common.php(1089): CodeIgniter\View\View->render('permission', Array, true)
#4 E:\xampp\htdocs\chxn_git\app\Controllers\PermissionController.php(24): view('permission', Array)
#5 E:\xampp\htdocs\chxn_git\system\CodeIgniter.php(832): App\Controllers\PermissionController->index()
#6 E:\xampp\htdocs\chxn_git\system\CodeIgniter.php(419): CodeIgniter\CodeIgniter->runController(Object(App\Controllers\PermissionController))
#7 E:\xampp\htdocs\chxn_git\system\CodeIgniter.php(326): CodeIgniter\CodeIgniter->handleRequest(NULL, Object(Config\Cache), false)
#8 E:\xampp\htdocs\chxn_git\public\index.php(37): CodeIgniter\CodeIgniter->run()
#9 E:\xampp\htdocs\chxn_git\system\Commands\Server\rewrite.php(43): require_once('E:\\xampp\\htdocs...')
#10 {main}
CRITICAL - 2022-08-04 03:24:46 --> Undefined variable: key
#0 E:\xampp\htdocs\chxn_git\app\Views\permission.php(37): CodeIgniter\Debug\Exceptions->errorHandler(8, 'Undefined varia...', 'E:\\xampp\\htdocs...', 37, Array)
#1 E:\xampp\htdocs\chxn_git\system\View\View.php(210): include('E:\\xampp\\htdocs...')
#2 E:\xampp\htdocs\chxn_git\system\View\View.php(213): CodeIgniter\View\View->CodeIgniter\View\{closure}()
#3 E:\xampp\htdocs\chxn_git\system\Common.php(1089): CodeIgniter\View\View->render('permission', Array, true)
#4 E:\xampp\htdocs\chxn_git\app\Controllers\PermissionController.php(24): view('permission', Array)
#5 E:\xampp\htdocs\chxn_git\system\CodeIgniter.php(832): App\Controllers\PermissionController->index()
#6 E:\xampp\htdocs\chxn_git\system\CodeIgniter.php(419): CodeIgniter\CodeIgniter->runController(Object(App\Controllers\PermissionController))
#7 E:\xampp\htdocs\chxn_git\system\CodeIgniter.php(326): CodeIgniter\CodeIgniter->handleRequest(NULL, Object(Config\Cache), false)
#8 E:\xampp\htdocs\chxn_git\public\index.php(37): CodeIgniter\CodeIgniter->run()
#9 E:\xampp\htdocs\chxn_git\system\Commands\Server\rewrite.php(43): require_once('E:\\xampp\\htdocs...')
#10 {main}
CRITICAL - 2022-08-04 03:24:53 --> Undefined variable: key
#0 E:\xampp\htdocs\chxn_git\app\Views\permission.php(37): CodeIgniter\Debug\Exceptions->errorHandler(8, 'Undefined varia...', 'E:\\xampp\\htdocs...', 37, Array)
#1 E:\xampp\htdocs\chxn_git\system\View\View.php(210): include('E:\\xampp\\htdocs...')
#2 E:\xampp\htdocs\chxn_git\system\View\View.php(213): CodeIgniter\View\View->CodeIgniter\View\{closure}()
#3 E:\xampp\htdocs\chxn_git\system\Common.php(1089): CodeIgniter\View\View->render('permission', Array, true)
#4 E:\xampp\htdocs\chxn_git\app\Controllers\PermissionController.php(24): view('permission', Array)
#5 E:\xampp\htdocs\chxn_git\system\CodeIgniter.php(832): App\Controllers\PermissionController->index()
#6 E:\xampp\htdocs\chxn_git\system\CodeIgniter.php(419): CodeIgniter\CodeIgniter->runController(Object(App\Controllers\PermissionController))
#7 E:\xampp\htdocs\chxn_git\system\CodeIgniter.php(326): CodeIgniter\CodeIgniter->handleRequest(NULL, Object(Config\Cache), false)
#8 E:\xampp\htdocs\chxn_git\public\index.php(37): CodeIgniter\CodeIgniter->run()
#9 E:\xampp\htdocs\chxn_git\system\Commands\Server\rewrite.php(43): require_once('E:\\xampp\\htdocs...')
#10 {main}
CRITICAL - 2022-08-04 03:38:03 --> Undefined variable: service
#0 E:\xampp\htdocs\chxn_git\app\Controllers\PermissionController.php(34): CodeIgniter\Debug\Exceptions->errorHandler(8, 'Undefined varia...', 'E:\\xampp\\htdocs...', 34, Array)
#1 E:\xampp\htdocs\chxn_git\system\CodeIgniter.php(832): App\Controllers\PermissionController->edit()
#2 E:\xampp\htdocs\chxn_git\system\CodeIgniter.php(419): CodeIgniter\CodeIgniter->runController(Object(App\Controllers\PermissionController))
#3 E:\xampp\htdocs\chxn_git\system\CodeIgniter.php(326): CodeIgniter\CodeIgniter->handleRequest(NULL, Object(Config\Cache), false)
#4 E:\xampp\htdocs\chxn_git\public\index.php(37): CodeIgniter\CodeIgniter->run()
#5 E:\xampp\htdocs\chxn_git\system\Commands\Server\rewrite.php(43): require_once('E:\\xampp\\htdocs...')
#6 {main}
CRITICAL - 2022-08-04 03:39:54 --> Illegal string offset 'pid'
#0 E:\xampp\htdocs\chxn_git\app\Services\PermissionService.php(22): CodeIgniter\Debug\Exceptions->errorHandler(2, 'Illegal string ...', 'E:\\xampp\\htdocs...', 22, Array)
#1 E:\xampp\htdocs\chxn_git\app\Controllers\PermissionController.php(34): App\Services\PermissionService->edit(Array)
#2 E:\xampp\htdocs\chxn_git\system\CodeIgniter.php(832): App\Controllers\PermissionController->edit()
#3 E:\xampp\htdocs\chxn_git\system\CodeIgniter.php(419): CodeIgniter\CodeIgniter->runController(Object(App\Controllers\PermissionController))
#4 E:\xampp\htdocs\chxn_git\system\CodeIgniter.php(326): CodeIgniter\CodeIgniter->handleRequest(NULL, Object(Config\Cache), false)
#5 E:\xampp\htdocs\chxn_git\public\index.php(37): CodeIgniter\CodeIgniter->run()
#6 E:\xampp\htdocs\chxn_git\system\Commands\Server\rewrite.php(43): require_once('E:\\xampp\\htdocs...')
#7 {main}
CRITICAL - 2022-08-04 03:47:45 --> Illegal string offset 'pid'
#0 E:\xampp\htdocs\chxn_git\app\Views\permission.php(34): CodeIgniter\Debug\Exceptions->errorHandler(2, 'Illegal string ...', 'E:\\xampp\\htdocs...', 34, Array)
#1 E:\xampp\htdocs\chxn_git\system\View\View.php(210): include('E:\\xampp\\htdocs...')
#2 E:\xampp\htdocs\chxn_git\system\View\View.php(213): CodeIgniter\View\View->CodeIgniter\View\{closure}()
#3 E:\xampp\htdocs\chxn_git\system\Common.php(1089): CodeIgniter\View\View->render('permission', Array, true)
#4 E:\xampp\htdocs\chxn_git\app\Controllers\PermissionController.php(30): view('permission', Array)
#5 E:\xampp\htdocs\chxn_git\system\CodeIgniter.php(832): App\Controllers\PermissionController->index()
#6 E:\xampp\htdocs\chxn_git\system\CodeIgniter.php(419): CodeIgniter\CodeIgniter->runController(Object(App\Controllers\PermissionController))
#7 E:\xampp\htdocs\chxn_git\system\CodeIgniter.php(326): CodeIgniter\CodeIgniter->handleRequest(NULL, Object(Config\Cache), false)
#8 E:\xampp\htdocs\chxn_git\public\index.php(37): CodeIgniter\CodeIgniter->run()
#9 E:\xampp\htdocs\chxn_git\system\Commands\Server\rewrite.php(43): require_once('E:\\xampp\\htdocs...')
#10 {main}
CRITICAL - 2022-08-04 03:48:18 --> Array to string conversion
#0 E:\xampp\htdocs\chxn_git\app\Views\permission.php(34): CodeIgniter\Debug\Exceptions->errorHandler(8, 'Array to string...', 'E:\\xampp\\htdocs...', 34, Array)
#1 E:\xampp\htdocs\chxn_git\system\View\View.php(210): include('E:\\xampp\\htdocs...')
#2 E:\xampp\htdocs\chxn_git\system\View\View.php(213): CodeIgniter\View\View->CodeIgniter\View\{closure}()
#3 E:\xampp\htdocs\chxn_git\system\Common.php(1089): CodeIgniter\View\View->render('permission', Array, true)
#4 E:\xampp\htdocs\chxn_git\app\Controllers\PermissionController.php(30): view('permission', Array)
#5 E:\xampp\htdocs\chxn_git\system\CodeIgniter.php(832): App\Controllers\PermissionController->index()
#6 E:\xampp\htdocs\chxn_git\system\CodeIgniter.php(419): CodeIgniter\CodeIgniter->runController(Object(App\Controllers\PermissionController))
#7 E:\xampp\htdocs\chxn_git\system\CodeIgniter.php(326): CodeIgniter\CodeIgniter->handleRequest(NULL, Object(Config\Cache), false)
#8 E:\xampp\htdocs\chxn_git\public\index.php(37): CodeIgniter\CodeIgniter->run()
#9 E:\xampp\htdocs\chxn_git\system\Commands\Server\rewrite.php(43): require_once('E:\\xampp\\htdocs...')
#10 {main}
CRITICAL - 2022-08-04 03:50:42 --> Array to string conversion
#0 E:\xampp\htdocs\chxn_git\app\Views\permission.php(37): CodeIgniter\Debug\Exceptions->errorHandler(8, 'Array to string...', 'E:\\xampp\\htdocs...', 37, Array)
#1 E:\xampp\htdocs\chxn_git\system\View\View.php(210): include('E:\\xampp\\htdocs...')
#2 E:\xampp\htdocs\chxn_git\system\View\View.php(213): CodeIgniter\View\View->CodeIgniter\View\{closure}()
#3 E:\xampp\htdocs\chxn_git\system\Common.php(1089): CodeIgniter\View\View->render('permission', Array, true)
#4 E:\xampp\htdocs\chxn_git\app\Controllers\PermissionController.php(30): view('permission', Array)
#5 E:\xampp\htdocs\chxn_git\system\CodeIgniter.php(832): App\Controllers\PermissionController->index()
#6 E:\xampp\htdocs\chxn_git\system\CodeIgniter.php(419): CodeIgniter\CodeIgniter->runController(Object(App\Controllers\PermissionController))
#7 E:\xampp\htdocs\chxn_git\system\CodeIgniter.php(326): CodeIgniter\CodeIgniter->handleRequest(NULL, Object(Config\Cache), false)
#8 E:\xampp\htdocs\chxn_git\public\index.php(37): CodeIgniter\CodeIgniter->run()
#9 E:\xampp\htdocs\chxn_git\system\Commands\Server\rewrite.php(43): require_once('E:\\xampp\\htdocs...')
#10 {main}
CRITICAL - 2022-08-04 03:53:29 --> Call to undefined method CodeIgniter\Database\MySQLi\Connection::set()
#0 E:\xampp\htdocs\chxn_git\app\Controllers\PermissionController.php(40): App\Services\PermissionService->edit(Array)
#1 E:\xampp\htdocs\chxn_git\system\CodeIgniter.php(832): App\Controllers\PermissionController->edit()
#2 E:\xampp\htdocs\chxn_git\system\CodeIgniter.php(419): CodeIgniter\CodeIgniter->runController(Object(App\Controllers\PermissionController))
#3 E:\xampp\htdocs\chxn_git\system\CodeIgniter.php(326): CodeIgniter\CodeIgniter->handleRequest(NULL, Object(Config\Cache), false)
#4 E:\xampp\htdocs\chxn_git\public\index.php(37): CodeIgniter\CodeIgniter->run()
#5 E:\xampp\htdocs\chxn_git\system\Commands\Server\rewrite.php(43): require_once('E:\\xampp\\htdocs...')
#6 {main}
CRITICAL - 2022-08-04 03:56:07 --> There is no data to update.
#0 E:\xampp\htdocs\chxn_git\system\BaseModel.php(1574): CodeIgniter\Database\Exceptions\DataException::forEmptyDataset('update')
#1 E:\xampp\htdocs\chxn_git\system\BaseModel.php(832): CodeIgniter\BaseModel->transformDataToArray('0', 'update')
#2 E:\xampp\htdocs\chxn_git\system\Model.php(651): CodeIgniter\BaseModel->update(Array, '0')
#3 E:\xampp\htdocs\chxn_git\app\Services\PermissionService.php(24): CodeIgniter\Model->update(1, '0')
#4 E:\xampp\htdocs\chxn_git\app\Controllers\PermissionController.php(40): App\Services\PermissionService->edit(Array)
#5 E:\xampp\htdocs\chxn_git\system\CodeIgniter.php(832): App\Controllers\PermissionController->edit()
#6 E:\xampp\htdocs\chxn_git\system\CodeIgniter.php(419): CodeIgniter\CodeIgniter->runController(Object(App\Controllers\PermissionController))
#7 E:\xampp\htdocs\chxn_git\system\CodeIgniter.php(326): CodeIgniter\CodeIgniter->handleRequest(NULL, Object(Config\Cache), false)
#8 E:\xampp\htdocs\chxn_git\public\index.php(37): CodeIgniter\CodeIgniter->run()
#9 E:\xampp\htdocs\chxn_git\system\Commands\Server\rewrite.php(43): require_once('E:\\xampp\\htdocs...')
#10 {main}
CRITICAL - 2022-08-04 03:57:20 --> Illegal string offset 'menu_status'
#0 E:\xampp\htdocs\chxn_git\app\Services\PermissionService.php(24): CodeIgniter\Debug\Exceptions->errorHandler(2, 'Illegal string ...', 'E:\\xampp\\htdocs...', 24, Array)
#1 E:\xampp\htdocs\chxn_git\app\Controllers\PermissionController.php(40): App\Services\PermissionService->edit(Array)
#2 E:\xampp\htdocs\chxn_git\system\CodeIgniter.php(832): App\Controllers\PermissionController->edit()
#3 E:\xampp\htdocs\chxn_git\system\CodeIgniter.php(419): CodeIgniter\CodeIgniter->runController(Object(App\Controllers\PermissionController))
#4 E:\xampp\htdocs\chxn_git\system\CodeIgniter.php(326): CodeIgniter\CodeIgniter->handleRequest(NULL, Object(Config\Cache), false)
#5 E:\xampp\htdocs\chxn_git\public\index.php(37): CodeIgniter\CodeIgniter->run()
#6 E:\xampp\htdocs\chxn_git\system\Commands\Server\rewrite.php(43): require_once('E:\\xampp\\htdocs...')
#7 {main}
CRITICAL - 2022-08-04 03:57:40 --> There is no data to update.
#0 E:\xampp\htdocs\chxn_git\system\BaseModel.php(1574): CodeIgniter\Database\Exceptions\DataException::forEmptyDataset('update')
#1 E:\xampp\htdocs\chxn_git\system\BaseModel.php(832): CodeIgniter\BaseModel->transformDataToArray(false, 'update')
#2 E:\xampp\htdocs\chxn_git\system\Model.php(651): CodeIgniter\BaseModel->update(Array, false)
#3 E:\xampp\htdocs\chxn_git\app\Services\PermissionService.php(30): CodeIgniter\Model->update(1, false)
#4 E:\xampp\htdocs\chxn_git\app\Controllers\PermissionController.php(40): App\Services\PermissionService->edit(Array)
#5 E:\xampp\htdocs\chxn_git\system\CodeIgniter.php(832): App\Controllers\PermissionController->edit()
#6 E:\xampp\htdocs\chxn_git\system\CodeIgniter.php(419): CodeIgniter\CodeIgniter->runController(Object(App\Controllers\PermissionController))
#7 E:\xampp\htdocs\chxn_git\system\CodeIgniter.php(326): CodeIgniter\CodeIgniter->handleRequest(NULL, Object(Config\Cache), false)
#8 E:\xampp\htdocs\chxn_git\public\index.php(37): CodeIgniter\CodeIgniter->run()
#9 E:\xampp\htdocs\chxn_git\system\Commands\Server\rewrite.php(43): require_once('E:\\xampp\\htdocs...')
#10 {main}
CRITICAL - 2022-08-04 11:23:54 --> syntax error, unexpected '?>'
#0 E:\xampp\htdocs\chxn_git\system\View\View.php(213): CodeIgniter\View\View->CodeIgniter\View\{closure}()
#1 E:\xampp\htdocs\chxn_git\system\Common.php(1089): CodeIgniter\View\View->render('permission', Array, true)
#2 E:\xampp\htdocs\chxn_git\app\Controllers\PermissionController.php(26): view('permission', Array)
#3 E:\xampp\htdocs\chxn_git\system\CodeIgniter.php(832): App\Controllers\PermissionController->index()
#4 E:\xampp\htdocs\chxn_git\system\CodeIgniter.php(419): CodeIgniter\CodeIgniter->runController(Object(App\Controllers\PermissionController))
#5 E:\xampp\htdocs\chxn_git\system\CodeIgniter.php(326): CodeIgniter\CodeIgniter->handleRequest(NULL, Object(Config\Cache), false)
#6 E:\xampp\htdocs\chxn_git\public\index.php(37): CodeIgniter\CodeIgniter->run()
#7 E:\xampp\htdocs\chxn_git\system\Commands\Server\rewrite.php(43): require_once('E:\\xampp\\htdocs...')
#8 {main}
CRITICAL - 2022-08-04 11:24:31 --> syntax error, unexpected '}', expecting end of file
#0 E:\xampp\htdocs\chxn_git\system\View\View.php(213): CodeIgniter\View\View->CodeIgniter\View\{closure}()
#1 E:\xampp\htdocs\chxn_git\system\Common.php(1089): CodeIgniter\View\View->render('permission', Array, true)
#2 E:\xampp\htdocs\chxn_git\app\Controllers\PermissionController.php(26): view('permission', Array)
#3 E:\xampp\htdocs\chxn_git\system\CodeIgniter.php(832): App\Controllers\PermissionController->index()
#4 E:\xampp\htdocs\chxn_git\system\CodeIgniter.php(419): CodeIgniter\CodeIgniter->runController(Object(App\Controllers\PermissionController))
#5 E:\xampp\htdocs\chxn_git\system\CodeIgniter.php(326): CodeIgniter\CodeIgniter->handleRequest(NULL, Object(Config\Cache), false)
#6 E:\xampp\htdocs\chxn_git\public\index.php(37): CodeIgniter\CodeIgniter->run()
#7 E:\xampp\htdocs\chxn_git\system\Commands\Server\rewrite.php(43): require_once('E:\\xampp\\htdocs...')
#8 {main}
CRITICAL - 2022-08-04 12:27:53 --> Illegal string offset 'pid'
#0 E:\xampp\htdocs\chxn_git\app\Views\permission.php(37): CodeIgniter\Debug\Exceptions->errorHandler(2, 'Illegal string ...', 'E:\\xampp\\htdocs...', 37, Array)
#1 E:\xampp\htdocs\chxn_git\system\View\View.php(210): include('E:\\xampp\\htdocs...')
#2 E:\xampp\htdocs\chxn_git\system\View\View.php(213): CodeIgniter\View\View->CodeIgniter\View\{closure}()
#3 E:\xampp\htdocs\chxn_git\system\Common.php(1089): CodeIgniter\View\View->render('permission', Array, true)
#4 E:\xampp\htdocs\chxn_git\app\Controllers\PermissionController.php(26): view('permission', Array)
#5 E:\xampp\htdocs\chxn_git\system\CodeIgniter.php(832): App\Controllers\PermissionController->index()
#6 E:\xampp\htdocs\chxn_git\system\CodeIgniter.php(419): CodeIgniter\CodeIgniter->runController(Object(App\Controllers\PermissionController))
#7 E:\xampp\htdocs\chxn_git\system\CodeIgniter.php(326): CodeIgniter\CodeIgniter->handleRequest(NULL, Object(Config\Cache), false)
#8 E:\xampp\htdocs\chxn_git\public\index.php(37): CodeIgniter\CodeIgniter->run()
#9 E:\xampp\htdocs\chxn_git\system\Commands\Server\rewrite.php(43): require_once('E:\\xampp\\htdocs...')
#10 {main}
CRITICAL - 2022-08-04 12:51:26 --> Class 'App\Models\PermissionModel' not found
#0 E:\xampp\htdocs\chxn_git\system\CodeIgniter.php(832): App\Controllers\UserController->login()
#1 E:\xampp\htdocs\chxn_git\system\CodeIgniter.php(419): CodeIgniter\CodeIgniter->runController(Object(App\Controllers\UserController))
#2 E:\xampp\htdocs\chxn_git\system\CodeIgniter.php(326): CodeIgniter\CodeIgniter->handleRequest(NULL, Object(Config\Cache), false)
#3 E:\xampp\htdocs\chxn_git\public\index.php(37): CodeIgniter\CodeIgniter->run()
#4 E:\xampp\htdocs\chxn_git\system\Commands\Server\rewrite.php(43): require_once('E:\\xampp\\htdocs...')
#5 {main}
