ERROR - 2022-07-09 03:02:38 --> Table 'chix.bank_info' doesn't exist
CRITICAL - 2022-07-09 03:02:38 --> Table 'chix.bank_info' doesn't exist
#0 C:\xampp\htdocs\chxn\system\Database\MySQLi\Connection.php(292): mysqli->query('INSERT INTO `ba...', 0)
#1 C:\xampp\htdocs\chxn\system\Database\BaseConnection.php(670): CodeIgniter\Database\MySQLi\Connection->execute('INSERT INTO `ba...')
#2 C:\xampp\htdocs\chxn\system\Database\BaseConnection.php(598): CodeIgniter\Database\BaseConnection->simpleQuery('INSERT INTO `ba...')
#3 C:\xampp\htdocs\chxn\system\Database\BaseBuilder.php(1771): CodeIgniter\Database\BaseConnection->query('INSERT INTO `ba...', Array, false)
#4 C:\xampp\htdocs\chxn\system\Model.php(239): CodeIgniter\Database\BaseBuilder->insert()
#5 C:\xampp\htdocs\chxn\system\BaseModel.php(738): CodeIgniter\Model->doInsert(Array)
#6 C:\xampp\htdocs\chxn\system\Model.php(625): CodeIgniter\BaseModel->insert(Array, true)
#7 C:\xampp\htdocs\chxn\app\Services\BankInfoService.php(11): CodeIgniter\Model->insert(Array)
#8 C:\xampp\htdocs\chxn\app\Controllers\CompanyController.php(52): App\Services\BankInfoService->insertbank(Array)
#9 C:\xampp\htdocs\chxn\system\CodeIgniter.php(832): App\Controllers\CompanyController->insertcompany()
#10 C:\xampp\htdocs\chxn\system\CodeIgniter.php(419): CodeIgniter\CodeIgniter->runController(Object(App\Controllers\CompanyController))
#11 C:\xampp\htdocs\chxn\system\CodeIgniter.php(326): CodeIgniter\CodeIgniter->handleRequest(NULL, Object(Config\Cache), false)
#12 C:\xampp\htdocs\chxn\public\index.php(37): CodeIgniter\CodeIgniter->run()
#13 C:\xampp\htdocs\chxn\system\Commands\Server\rewrite.php(43): require_once('C:\\xampp\\htdocs...')
#14 {main}
ERROR - 2022-07-09 03:04:57 --> Table 'chix.bank_info' doesn't exist
CRITICAL - 2022-07-09 03:04:57 --> Table 'chix.bank_info' doesn't exist
#0 C:\xampp\htdocs\chxn\system\Database\MySQLi\Connection.php(292): mysqli->query('INSERT INTO `ba...', 0)
#1 C:\xampp\htdocs\chxn\system\Database\BaseConnection.php(670): CodeIgniter\Database\MySQLi\Connection->execute('INSERT INTO `ba...')
#2 C:\xampp\htdocs\chxn\system\Database\BaseConnection.php(598): CodeIgniter\Database\BaseConnection->simpleQuery('INSERT INTO `ba...')
#3 C:\xampp\htdocs\chxn\system\Database\BaseBuilder.php(1771): CodeIgniter\Database\BaseConnection->query('INSERT INTO `ba...', Array, false)
#4 C:\xampp\htdocs\chxn\system\Model.php(239): CodeIgniter\Database\BaseBuilder->insert()
#5 C:\xampp\htdocs\chxn\system\BaseModel.php(738): CodeIgniter\Model->doInsert(Array)
#6 C:\xampp\htdocs\chxn\system\Model.php(625): CodeIgniter\BaseModel->insert(Array, true)
#7 C:\xampp\htdocs\chxn\app\Services\BankInfoService.php(11): CodeIgniter\Model->insert(Array)
#8 C:\xampp\htdocs\chxn\app\Controllers\CompanyController.php(52): App\Services\BankInfoService->insertbank(Array)
#9 C:\xampp\htdocs\chxn\system\CodeIgniter.php(832): App\Controllers\CompanyController->insertcompany()
#10 C:\xampp\htdocs\chxn\system\CodeIgniter.php(419): CodeIgniter\CodeIgniter->runController(Object(App\Controllers\CompanyController))
#11 C:\xampp\htdocs\chxn\system\CodeIgniter.php(326): CodeIgniter\CodeIgniter->handleRequest(NULL, Object(Config\Cache), false)
#12 C:\xampp\htdocs\chxn\public\index.php(37): CodeIgniter\CodeIgniter->run()
#13 C:\xampp\htdocs\chxn\system\Commands\Server\rewrite.php(43): require_once('C:\\xampp\\htdocs...')
#14 {main}
ERROR - 2022-07-09 03:05:29 --> Operand should contain 1 column(s)
CRITICAL - 2022-07-09 03:05:29 --> Operand should contain 1 column(s)
#0 C:\xampp\htdocs\chxn\system\Database\MySQLi\Connection.php(292): mysqli->query('INSERT INTO `bo...', 0)
#1 C:\xampp\htdocs\chxn\system\Database\BaseConnection.php(670): CodeIgniter\Database\MySQLi\Connection->execute('INSERT INTO `bo...')
#2 C:\xampp\htdocs\chxn\system\Database\BaseConnection.php(598): CodeIgniter\Database\BaseConnection->simpleQuery('INSERT INTO `bo...')
#3 C:\xampp\htdocs\chxn\system\Database\BaseBuilder.php(1771): CodeIgniter\Database\BaseConnection->query('INSERT INTO `bo...', Array, false)
#4 C:\xampp\htdocs\chxn\system\Model.php(239): CodeIgniter\Database\BaseBuilder->insert()
#5 C:\xampp\htdocs\chxn\system\BaseModel.php(738): CodeIgniter\Model->doInsert(Array)
#6 C:\xampp\htdocs\chxn\system\Model.php(625): CodeIgniter\BaseModel->insert(Array, true)
#7 C:\xampp\htdocs\chxn\app\Services\BankInfoService.php(11): CodeIgniter\Model->insert(Array)
#8 C:\xampp\htdocs\chxn\app\Controllers\CompanyController.php(52): App\Services\BankInfoService->insertbank(Array)
#9 C:\xampp\htdocs\chxn\system\CodeIgniter.php(832): App\Controllers\CompanyController->insertcompany()
#10 C:\xampp\htdocs\chxn\system\CodeIgniter.php(419): CodeIgniter\CodeIgniter->runController(Object(App\Controllers\CompanyController))
#11 C:\xampp\htdocs\chxn\system\CodeIgniter.php(326): CodeIgniter\CodeIgniter->handleRequest(NULL, Object(Config\Cache), false)
#12 C:\xampp\htdocs\chxn\public\index.php(37): CodeIgniter\CodeIgniter->run()
#13 C:\xampp\htdocs\chxn\system\Commands\Server\rewrite.php(43): require_once('C:\\xampp\\htdocs...')
#14 {main}
ERROR - 2022-07-09 03:10:25 --> Column 'province' cannot be null
CRITICAL - 2022-07-09 03:10:25 --> Column 'province' cannot be null
#0 C:\xampp\htdocs\chxn\system\Database\MySQLi\Connection.php(292): mysqli->query('INSERT INTO `co...', 0)
#1 C:\xampp\htdocs\chxn\system\Database\BaseConnection.php(670): CodeIgniter\Database\MySQLi\Connection->execute('INSERT INTO `co...')
#2 C:\xampp\htdocs\chxn\system\Database\BaseConnection.php(598): CodeIgniter\Database\BaseConnection->simpleQuery('INSERT INTO `co...')
#3 C:\xampp\htdocs\chxn\system\Database\BaseBuilder.php(1771): CodeIgniter\Database\BaseConnection->query('INSERT INTO `co...', Array, false)
#4 C:\xampp\htdocs\chxn\system\Model.php(239): CodeIgniter\Database\BaseBuilder->insert()
#5 C:\xampp\htdocs\chxn\system\BaseModel.php(738): CodeIgniter\Model->doInsert(Array)
#6 C:\xampp\htdocs\chxn\system\Model.php(625): CodeIgniter\BaseModel->insert(Array, true)
#7 C:\xampp\htdocs\chxn\app\Services\CompanyInfoService.php(19): CodeIgniter\Model->insert(Array)
#8 C:\xampp\htdocs\chxn\app\Controllers\CompanyController.php(70): App\Services\CompanyInfoService->insertdata(Array)
#9 C:\xampp\htdocs\chxn\system\CodeIgniter.php(832): App\Controllers\CompanyController->insertcompany()
#10 C:\xampp\htdocs\chxn\system\CodeIgniter.php(419): CodeIgniter\CodeIgniter->runController(Object(App\Controllers\CompanyController))
#11 C:\xampp\htdocs\chxn\system\CodeIgniter.php(326): CodeIgniter\CodeIgniter->handleRequest(NULL, Object(Config\Cache), false)
#12 C:\xampp\htdocs\chxn\public\index.php(37): CodeIgniter\CodeIgniter->run()
#13 C:\xampp\htdocs\chxn\system\Commands\Server\rewrite.php(43): require_once('C:\\xampp\\htdocs...')
#14 {main}
ERROR - 2022-07-09 03:12:14 --> Operand should contain 1 column(s)
CRITICAL - 2022-07-09 03:12:14 --> Operand should contain 1 column(s)
#0 C:\xampp\htdocs\chxn\system\Database\MySQLi\Connection.php(292): mysqli->query('INSERT INTO `bo...', 0)
#1 C:\xampp\htdocs\chxn\system\Database\BaseConnection.php(670): CodeIgniter\Database\MySQLi\Connection->execute('INSERT INTO `bo...')
#2 C:\xampp\htdocs\chxn\system\Database\BaseConnection.php(598): CodeIgniter\Database\BaseConnection->simpleQuery('INSERT INTO `bo...')
#3 C:\xampp\htdocs\chxn\system\Database\BaseBuilder.php(1771): CodeIgniter\Database\BaseConnection->query('INSERT INTO `bo...', Array, false)
#4 C:\xampp\htdocs\chxn\system\Model.php(239): CodeIgniter\Database\BaseBuilder->insert()
#5 C:\xampp\htdocs\chxn\system\BaseModel.php(738): CodeIgniter\Model->doInsert(Array)
#6 C:\xampp\htdocs\chxn\system\Model.php(625): CodeIgniter\BaseModel->insert(Array, true)
#7 C:\xampp\htdocs\chxn\app\Services\BankInfoService.php(12): CodeIgniter\Model->insert(Array)
#8 C:\xampp\htdocs\chxn\app\Controllers\CompanyController.php(52): App\Services\BankInfoService->insertbank(Array)
#9 C:\xampp\htdocs\chxn\system\CodeIgniter.php(832): App\Controllers\CompanyController->insertcompany()
#10 C:\xampp\htdocs\chxn\system\CodeIgniter.php(419): CodeIgniter\CodeIgniter->runController(Object(App\Controllers\CompanyController))
#11 C:\xampp\htdocs\chxn\system\CodeIgniter.php(326): CodeIgniter\CodeIgniter->handleRequest(NULL, Object(Config\Cache), false)
#12 C:\xampp\htdocs\chxn\public\index.php(37): CodeIgniter\CodeIgniter->run()
#13 C:\xampp\htdocs\chxn\system\Commands\Server\rewrite.php(43): require_once('C:\\xampp\\htdocs...')
#14 {main}
ERROR - 2022-07-09 03:13:02 --> You have an error in your SQL syntax; check the manual that corresponds to your MariaDB server version for the right syntax to use near ':book_info)' at line 1
CRITICAL - 2022-07-09 03:13:02 --> You have an error in your SQL syntax; check the manual that corresponds to your MariaDB server version for the right syntax to use near ':book_info)' at line 1
#0 C:\xampp\htdocs\chxn\system\Database\MySQLi\Connection.php(292): mysqli->query('INSERT INTO boo...', 0)
#1 C:\xampp\htdocs\chxn\system\Database\BaseConnection.php(670): CodeIgniter\Database\MySQLi\Connection->execute('INSERT INTO boo...')
#2 C:\xampp\htdocs\chxn\system\Database\BaseConnection.php(598): CodeIgniter\Database\BaseConnection->simpleQuery('INSERT INTO boo...')
#3 C:\xampp\htdocs\chxn\app\Services\BankInfoService.php(15): CodeIgniter\Database\BaseConnection->query('INSERT INTO boo...', Array)
#4 C:\xampp\htdocs\chxn\app\Controllers\CompanyController.php(52): App\Services\BankInfoService->insertbank(Array)
#5 C:\xampp\htdocs\chxn\system\CodeIgniter.php(832): App\Controllers\CompanyController->insertcompany()
#6 C:\xampp\htdocs\chxn\system\CodeIgniter.php(419): CodeIgniter\CodeIgniter->runController(Object(App\Controllers\CompanyController))
#7 C:\xampp\htdocs\chxn\system\CodeIgniter.php(326): CodeIgniter\CodeIgniter->handleRequest(NULL, Object(Config\Cache), false)
#8 C:\xampp\htdocs\chxn\public\index.php(37): CodeIgniter\CodeIgniter->run()
#9 C:\xampp\htdocs\chxn\system\Commands\Server\rewrite.php(43): require_once('C:\\xampp\\htdocs...')
#10 {main}
ERROR - 2022-07-09 03:18:07 --> CONSTRAINT `book_info.book_info` failed for `chix`.`book_info`
CRITICAL - 2022-07-09 03:18:07 --> CONSTRAINT `book_info.book_info` failed for `chix`.`book_info`
#0 C:\xampp\htdocs\chxn\system\Database\MySQLi\Connection.php(292): mysqli->query('INSERT INTO boo...', 0)
#1 C:\xampp\htdocs\chxn\system\Database\BaseConnection.php(670): CodeIgniter\Database\MySQLi\Connection->execute('INSERT INTO boo...')
#2 C:\xampp\htdocs\chxn\system\Database\BaseConnection.php(598): CodeIgniter\Database\BaseConnection->simpleQuery('INSERT INTO boo...')
#3 C:\xampp\htdocs\chxn\system\Model.php(726): CodeIgniter\Database\BaseConnection->query('INSERT INTO boo...', Array)
#4 C:\xampp\htdocs\chxn\app\Services\BankInfoService.php(16): CodeIgniter\Model->__call('query', Array)
#5 C:\xampp\htdocs\chxn\app\Controllers\CompanyController.php(52): App\Services\BankInfoService->insertbank(Array)
#6 C:\xampp\htdocs\chxn\system\CodeIgniter.php(832): App\Controllers\CompanyController->insertcompany()
#7 C:\xampp\htdocs\chxn\system\CodeIgniter.php(419): CodeIgniter\CodeIgniter->runController(Object(App\Controllers\CompanyController))
#8 C:\xampp\htdocs\chxn\system\CodeIgniter.php(326): CodeIgniter\CodeIgniter->handleRequest(NULL, Object(Config\Cache), false)
#9 C:\xampp\htdocs\chxn\public\index.php(37): CodeIgniter\CodeIgniter->run()
#10 C:\xampp\htdocs\chxn\system\Commands\Server\rewrite.php(43): require_once('C:\\xampp\\htdocs...')
#11 {main}
ERROR - 2022-07-09 03:19:37 --> CONSTRAINT `book_info.book_info` failed for `chix`.`book_info`
CRITICAL - 2022-07-09 03:19:37 --> CONSTRAINT `book_info.book_info` failed for `chix`.`book_info`
#0 C:\xampp\htdocs\chxn\system\Database\MySQLi\Connection.php(292): mysqli->query('INSERT INTO boo...', 0)
#1 C:\xampp\htdocs\chxn\system\Database\BaseConnection.php(670): CodeIgniter\Database\MySQLi\Connection->execute('INSERT INTO boo...')
#2 C:\xampp\htdocs\chxn\system\Database\BaseConnection.php(598): CodeIgniter\Database\BaseConnection->simpleQuery('INSERT INTO boo...')
#3 C:\xampp\htdocs\chxn\system\Model.php(726): CodeIgniter\Database\BaseConnection->query('INSERT INTO boo...', Array)
#4 C:\xampp\htdocs\chxn\app\Services\BankInfoService.php(16): CodeIgniter\Model->__call('query', Array)
#5 C:\xampp\htdocs\chxn\app\Controllers\CompanyController.php(52): App\Services\BankInfoService->insertbank(Array)
#6 C:\xampp\htdocs\chxn\system\CodeIgniter.php(832): App\Controllers\CompanyController->insertcompany()
#7 C:\xampp\htdocs\chxn\system\CodeIgniter.php(419): CodeIgniter\CodeIgniter->runController(Object(App\Controllers\CompanyController))
#8 C:\xampp\htdocs\chxn\system\CodeIgniter.php(326): CodeIgniter\CodeIgniter->handleRequest(NULL, Object(Config\Cache), false)
#9 C:\xampp\htdocs\chxn\public\index.php(37): CodeIgniter\CodeIgniter->run()
#10 C:\xampp\htdocs\chxn\system\Commands\Server\rewrite.php(43): require_once('C:\\xampp\\htdocs...')
#11 {main}
ERROR - 2022-07-09 03:20:15 --> Operand should contain 1 column(s)
CRITICAL - 2022-07-09 03:20:15 --> Operand should contain 1 column(s)
#0 C:\xampp\htdocs\chxn\system\Database\MySQLi\Connection.php(292): mysqli->query('INSERT INTO `bo...', 0)
#1 C:\xampp\htdocs\chxn\system\Database\BaseConnection.php(670): CodeIgniter\Database\MySQLi\Connection->execute('INSERT INTO `bo...')
#2 C:\xampp\htdocs\chxn\system\Database\BaseConnection.php(598): CodeIgniter\Database\BaseConnection->simpleQuery('INSERT INTO `bo...')
#3 C:\xampp\htdocs\chxn\system\Database\BaseBuilder.php(1771): CodeIgniter\Database\BaseConnection->query('INSERT INTO `bo...', Array, false)
#4 C:\xampp\htdocs\chxn\system\Model.php(239): CodeIgniter\Database\BaseBuilder->insert()
#5 C:\xampp\htdocs\chxn\system\BaseModel.php(738): CodeIgniter\Model->doInsert(Array)
#6 C:\xampp\htdocs\chxn\system\Model.php(625): CodeIgniter\BaseModel->insert(Array, true)
#7 C:\xampp\htdocs\chxn\app\Services\BankInfoService.php(12): CodeIgniter\Model->insert(Array)
#8 C:\xampp\htdocs\chxn\app\Controllers\CompanyController.php(52): App\Services\BankInfoService->insertbank(Array)
#9 C:\xampp\htdocs\chxn\system\CodeIgniter.php(832): App\Controllers\CompanyController->insertcompany()
#10 C:\xampp\htdocs\chxn\system\CodeIgniter.php(419): CodeIgniter\CodeIgniter->runController(Object(App\Controllers\CompanyController))
#11 C:\xampp\htdocs\chxn\system\CodeIgniter.php(326): CodeIgniter\CodeIgniter->handleRequest(NULL, Object(Config\Cache), false)
#12 C:\xampp\htdocs\chxn\public\index.php(37): CodeIgniter\CodeIgniter->run()
#13 C:\xampp\htdocs\chxn\system\Commands\Server\rewrite.php(43): require_once('C:\\xampp\\htdocs...')
#14 {main}
ERROR - 2022-07-09 03:21:42 --> Column 'province' cannot be null
CRITICAL - 2022-07-09 03:21:42 --> Column 'province' cannot be null
#0 C:\xampp\htdocs\chxn\system\Database\MySQLi\Connection.php(292): mysqli->query('INSERT INTO `co...', 0)
#1 C:\xampp\htdocs\chxn\system\Database\BaseConnection.php(670): CodeIgniter\Database\MySQLi\Connection->execute('INSERT INTO `co...')
#2 C:\xampp\htdocs\chxn\system\Database\BaseConnection.php(598): CodeIgniter\Database\BaseConnection->simpleQuery('INSERT INTO `co...')
#3 C:\xampp\htdocs\chxn\system\Database\BaseBuilder.php(1771): CodeIgniter\Database\BaseConnection->query('INSERT INTO `co...', Array, false)
#4 C:\xampp\htdocs\chxn\system\Model.php(239): CodeIgniter\Database\BaseBuilder->insert()
#5 C:\xampp\htdocs\chxn\system\BaseModel.php(738): CodeIgniter\Model->doInsert(Array)
#6 C:\xampp\htdocs\chxn\system\Model.php(625): CodeIgniter\BaseModel->insert(Array, true)
#7 C:\xampp\htdocs\chxn\app\Services\CompanyInfoService.php(19): CodeIgniter\Model->insert(Array)
#8 C:\xampp\htdocs\chxn\app\Controllers\CompanyController.php(70): App\Services\CompanyInfoService->insertdata(Array)
#9 C:\xampp\htdocs\chxn\system\CodeIgniter.php(832): App\Controllers\CompanyController->insertcompany()
#10 C:\xampp\htdocs\chxn\system\CodeIgniter.php(419): CodeIgniter\CodeIgniter->runController(Object(App\Controllers\CompanyController))
#11 C:\xampp\htdocs\chxn\system\CodeIgniter.php(326): CodeIgniter\CodeIgniter->handleRequest(NULL, Object(Config\Cache), false)
#12 C:\xampp\htdocs\chxn\public\index.php(37): CodeIgniter\CodeIgniter->run()
#13 C:\xampp\htdocs\chxn\system\Commands\Server\rewrite.php(43): require_once('C:\\xampp\\htdocs...')
#14 {main}
CRITICAL - 2022-07-09 03:21:48 --> Call to undefined function App\Services\length()
#0 C:\xampp\htdocs\chxn\app\Controllers\CompanyController.php(52): App\Services\BankInfoService->insertbank(Array)
#1 C:\xampp\htdocs\chxn\system\CodeIgniter.php(832): App\Controllers\CompanyController->insertcompany()
#2 C:\xampp\htdocs\chxn\system\CodeIgniter.php(419): CodeIgniter\CodeIgniter->runController(Object(App\Controllers\CompanyController))
#3 C:\xampp\htdocs\chxn\system\CodeIgniter.php(326): CodeIgniter\CodeIgniter->handleRequest(NULL, Object(Config\Cache), false)
#4 C:\xampp\htdocs\chxn\public\index.php(37): CodeIgniter\CodeIgniter->run()
#5 C:\xampp\htdocs\chxn\system\Commands\Server\rewrite.php(43): require_once('C:\\xampp\\htdocs...')
#6 {main}
ERROR - 2022-07-09 03:22:41 --> Column 'province' cannot be null
CRITICAL - 2022-07-09 03:22:41 --> Column 'province' cannot be null
#0 C:\xampp\htdocs\chxn\system\Database\MySQLi\Connection.php(292): mysqli->query('INSERT INTO `co...', 0)
#1 C:\xampp\htdocs\chxn\system\Database\BaseConnection.php(670): CodeIgniter\Database\MySQLi\Connection->execute('INSERT INTO `co...')
#2 C:\xampp\htdocs\chxn\system\Database\BaseConnection.php(598): CodeIgniter\Database\BaseConnection->simpleQuery('INSERT INTO `co...')
#3 C:\xampp\htdocs\chxn\system\Database\BaseBuilder.php(1771): CodeIgniter\Database\BaseConnection->query('INSERT INTO `co...', Array, false)
#4 C:\xampp\htdocs\chxn\system\Model.php(239): CodeIgniter\Database\BaseBuilder->insert()
#5 C:\xampp\htdocs\chxn\system\BaseModel.php(738): CodeIgniter\Model->doInsert(Array)
#6 C:\xampp\htdocs\chxn\system\Model.php(625): CodeIgniter\BaseModel->insert(Array, true)
#7 C:\xampp\htdocs\chxn\app\Services\CompanyInfoService.php(19): CodeIgniter\Model->insert(Array)
#8 C:\xampp\htdocs\chxn\app\Controllers\CompanyController.php(70): App\Services\CompanyInfoService->insertdata(Array)
#9 C:\xampp\htdocs\chxn\system\CodeIgniter.php(832): App\Controllers\CompanyController->insertcompany()
#10 C:\xampp\htdocs\chxn\system\CodeIgniter.php(419): CodeIgniter\CodeIgniter->runController(Object(App\Controllers\CompanyController))
#11 C:\xampp\htdocs\chxn\system\CodeIgniter.php(326): CodeIgniter\CodeIgniter->handleRequest(NULL, Object(Config\Cache), false)
#12 C:\xampp\htdocs\chxn\public\index.php(37): CodeIgniter\CodeIgniter->run()
#13 C:\xampp\htdocs\chxn\system\Commands\Server\rewrite.php(43): require_once('C:\\xampp\\htdocs...')
#14 {main}
CRITICAL - 2022-07-09 03:24:43 --> CodeIgniter\Database\BaseConnection::query(): Argument #1 ($sql) must be of type string, null given, called in C:\xampp\htdocs\chxn\app\Services\BankInfoService.php on line 14
#0 C:\xampp\htdocs\chxn\app\Services\BankInfoService.php(14): CodeIgniter\Database\BaseConnection->query(NULL)
#1 C:\xampp\htdocs\chxn\app\Controllers\CompanyController.php(52): App\Services\BankInfoService->insertbank(Array)
#2 C:\xampp\htdocs\chxn\system\CodeIgniter.php(832): App\Controllers\CompanyController->insertcompany()
#3 C:\xampp\htdocs\chxn\system\CodeIgniter.php(419): CodeIgniter\CodeIgniter->runController(Object(App\Controllers\CompanyController))
#4 C:\xampp\htdocs\chxn\system\CodeIgniter.php(326): CodeIgniter\CodeIgniter->handleRequest(NULL, Object(Config\Cache), false)
#5 C:\xampp\htdocs\chxn\public\index.php(37): CodeIgniter\CodeIgniter->run()
#6 C:\xampp\htdocs\chxn\system\Commands\Server\rewrite.php(43): require_once('C:\\xampp\\htdocs...')
#7 {main}
CRITICAL - 2022-07-09 03:25:28 --> CodeIgniter\Database\BaseConnection::query(): Argument #1 ($sql) must be of type string, null given, called in C:\xampp\htdocs\chxn\app\Services\BankInfoService.php on line 14
#0 C:\xampp\htdocs\chxn\app\Services\BankInfoService.php(14): CodeIgniter\Database\BaseConnection->query(NULL)
#1 C:\xampp\htdocs\chxn\app\Controllers\CompanyController.php(52): App\Services\BankInfoService->insertbank(Array)
#2 C:\xampp\htdocs\chxn\system\CodeIgniter.php(832): App\Controllers\CompanyController->insertcompany()
#3 C:\xampp\htdocs\chxn\system\CodeIgniter.php(419): CodeIgniter\CodeIgniter->runController(Object(App\Controllers\CompanyController))
#4 C:\xampp\htdocs\chxn\system\CodeIgniter.php(326): CodeIgniter\CodeIgniter->handleRequest(NULL, Object(Config\Cache), false)
#5 C:\xampp\htdocs\chxn\public\index.php(37): CodeIgniter\CodeIgniter->run()
#6 C:\xampp\htdocs\chxn\system\Commands\Server\rewrite.php(43): require_once('C:\\xampp\\htdocs...')
#7 {main}
CRITICAL - 2022-07-09 03:27:40 --> CodeIgniter\Database\BaseConnection::query(): Argument #1 ($sql) must be of type string, null given, called in C:\xampp\htdocs\chxn\app\Services\BankInfoService.php on line 14
#0 C:\xampp\htdocs\chxn\app\Services\BankInfoService.php(14): CodeIgniter\Database\BaseConnection->query(NULL)
#1 C:\xampp\htdocs\chxn\app\Controllers\CompanyController.php(52): App\Services\BankInfoService->insertbank(Array)
#2 C:\xampp\htdocs\chxn\system\CodeIgniter.php(832): App\Controllers\CompanyController->insertcompany()
#3 C:\xampp\htdocs\chxn\system\CodeIgniter.php(419): CodeIgniter\CodeIgniter->runController(Object(App\Controllers\CompanyController))
#4 C:\xampp\htdocs\chxn\system\CodeIgniter.php(326): CodeIgniter\CodeIgniter->handleRequest(NULL, Object(Config\Cache), false)
#5 C:\xampp\htdocs\chxn\public\index.php(37): CodeIgniter\CodeIgniter->run()
#6 C:\xampp\htdocs\chxn\system\Commands\Server\rewrite.php(43): require_once('C:\\xampp\\htdocs...')
#7 {main}
CRITICAL - 2022-07-09 03:27:56 --> CodeIgniter\Database\BaseConnection::query(): Argument #1 ($sql) must be of type string, null given, called in C:\xampp\htdocs\chxn\app\Services\BankInfoService.php on line 14
#0 C:\xampp\htdocs\chxn\app\Services\BankInfoService.php(14): CodeIgniter\Database\BaseConnection->query(NULL)
#1 C:\xampp\htdocs\chxn\app\Controllers\CompanyController.php(52): App\Services\BankInfoService->insertbank(Array)
#2 C:\xampp\htdocs\chxn\system\CodeIgniter.php(832): App\Controllers\CompanyController->insertcompany()
#3 C:\xampp\htdocs\chxn\system\CodeIgniter.php(419): CodeIgniter\CodeIgniter->runController(Object(App\Controllers\CompanyController))
#4 C:\xampp\htdocs\chxn\system\CodeIgniter.php(326): CodeIgniter\CodeIgniter->handleRequest(NULL, Object(Config\Cache), false)
#5 C:\xampp\htdocs\chxn\public\index.php(37): CodeIgniter\CodeIgniter->run()
#6 C:\xampp\htdocs\chxn\system\Commands\Server\rewrite.php(43): require_once('C:\\xampp\\htdocs...')
#7 {main}
CRITICAL - 2022-07-09 03:29:14 --> CodeIgniter\Database\BaseConnection::query(): Argument #1 ($sql) must be of type string, null given, called in C:\xampp\htdocs\chxn\app\Services\BankInfoService.php on line 15
#0 C:\xampp\htdocs\chxn\app\Services\BankInfoService.php(15): CodeIgniter\Database\BaseConnection->query(NULL)
#1 C:\xampp\htdocs\chxn\app\Controllers\CompanyController.php(52): App\Services\BankInfoService->insertbank(Array)
#2 C:\xampp\htdocs\chxn\system\CodeIgniter.php(832): App\Controllers\CompanyController->insertcompany()
#3 C:\xampp\htdocs\chxn\system\CodeIgniter.php(419): CodeIgniter\CodeIgniter->runController(Object(App\Controllers\CompanyController))
#4 C:\xampp\htdocs\chxn\system\CodeIgniter.php(326): CodeIgniter\CodeIgniter->handleRequest(NULL, Object(Config\Cache), false)
#5 C:\xampp\htdocs\chxn\public\index.php(37): CodeIgniter\CodeIgniter->run()
#6 C:\xampp\htdocs\chxn\system\Commands\Server\rewrite.php(43): require_once('C:\\xampp\\htdocs...')
#7 {main}
CRITICAL - 2022-07-09 03:29:44 --> CodeIgniter\Database\BaseConnection::query(): Argument #1 ($sql) must be of type string, null given, called in C:\xampp\htdocs\chxn\app\Services\BankInfoService.php on line 15
#0 C:\xampp\htdocs\chxn\app\Services\BankInfoService.php(15): CodeIgniter\Database\BaseConnection->query(NULL)
#1 C:\xampp\htdocs\chxn\app\Controllers\CompanyController.php(52): App\Services\BankInfoService->insertbank(Array)
#2 C:\xampp\htdocs\chxn\system\CodeIgniter.php(832): App\Controllers\CompanyController->insertcompany()
#3 C:\xampp\htdocs\chxn\system\CodeIgniter.php(419): CodeIgniter\CodeIgniter->runController(Object(App\Controllers\CompanyController))
#4 C:\xampp\htdocs\chxn\system\CodeIgniter.php(326): CodeIgniter\CodeIgniter->handleRequest(NULL, Object(Config\Cache), false)
#5 C:\xampp\htdocs\chxn\public\index.php(37): CodeIgniter\CodeIgniter->run()
#6 C:\xampp\htdocs\chxn\system\Commands\Server\rewrite.php(43): require_once('C:\\xampp\\htdocs...')
#7 {main}
