CRITICAL - 2022-08-14 02:18:35 --> Undefined variable: filename
#0 E:\xampp\htdocs\chxn_git\app\Controllers\EmpProfileController.php(43): CodeIgniter\Debug\Exceptions->errorHandler(8, 'Undefined varia...', 'E:\\xampp\\htdocs...', 43, Array)
#1 E:\xampp\htdocs\chxn_git\system\CodeIgniter.php(832): App\Controllers\EmpProfileController->insert()
#2 E:\xampp\htdocs\chxn_git\system\CodeIgniter.php(419): CodeIgniter\CodeIgniter->runController(Object(App\Controllers\EmpProfileController))
#3 E:\xampp\htdocs\chxn_git\system\CodeIgniter.php(326): CodeIgniter\CodeIgniter->handleRequest(NULL, Object(Config\Cache), false)
#4 E:\xampp\htdocs\chxn_git\public\index.php(37): CodeIgniter\CodeIgniter->run()
#5 E:\xampp\htdocs\chxn_git\system\Commands\Server\rewrite.php(43): require_once('E:\\xampp\\htdocs...')
#6 {main}
CRITICAL - 2022-08-14 02:22:02 --> Undefined variable: filename
#0 E:\xampp\htdocs\chxn_git\app\Controllers\EmpProfileController.php(43): CodeIgniter\Debug\Exceptions->errorHandler(8, 'Undefined varia...', 'E:\\xampp\\htdocs...', 43, Array)
#1 E:\xampp\htdocs\chxn_git\system\CodeIgniter.php(832): App\Controllers\EmpProfileController->insert()
#2 E:\xampp\htdocs\chxn_git\system\CodeIgniter.php(419): CodeIgniter\CodeIgniter->runController(Object(App\Controllers\EmpProfileController))
#3 E:\xampp\htdocs\chxn_git\system\CodeIgniter.php(326): CodeIgniter\CodeIgniter->handleRequest(NULL, Object(Config\Cache), false)
#4 E:\xampp\htdocs\chxn_git\public\index.php(37): CodeIgniter\CodeIgniter->run()
#5 E:\xampp\htdocs\chxn_git\system\Commands\Server\rewrite.php(43): require_once('E:\\xampp\\htdocs...')
#6 {main}
CRITICAL - 2022-08-14 02:33:39 --> Trying to get property 'password' of non-object
#0 E:\xampp\htdocs\chxn_git\app\Controllers\UserController.php(19): CodeIgniter\Debug\Exceptions->errorHandler(8, 'Trying to get p...', 'E:\\xampp\\htdocs...', 19, Array)
#1 E:\xampp\htdocs\chxn_git\system\CodeIgniter.php(832): App\Controllers\UserController->login()
#2 E:\xampp\htdocs\chxn_git\system\CodeIgniter.php(419): CodeIgniter\CodeIgniter->runController(Object(App\Controllers\UserController))
#3 E:\xampp\htdocs\chxn_git\system\CodeIgniter.php(326): CodeIgniter\CodeIgniter->handleRequest(NULL, Object(Config\Cache), false)
#4 E:\xampp\htdocs\chxn_git\public\index.php(37): CodeIgniter\CodeIgniter->run()
#5 E:\xampp\htdocs\chxn_git\system\Commands\Server\rewrite.php(43): require_once('E:\\xampp\\htdocs...')
#6 {main}
ERROR - 2022-08-14 03:08:43 --> Unknown column 'product_type' in 'where clause'
CRITICAL - 2022-08-14 03:08:44 --> Unknown column 'product_type' in 'where clause'
#0 E:\xampp\htdocs\chxn_git\system\Database\MySQLi\Connection.php(292): mysqli->query('SELECT * FROM m...', 0)
#1 E:\xampp\htdocs\chxn_git\system\Database\BaseConnection.php(670): CodeIgniter\Database\MySQLi\Connection->execute('SELECT * FROM m...')
#2 E:\xampp\htdocs\chxn_git\system\Database\BaseConnection.php(598): CodeIgniter\Database\BaseConnection->simpleQuery('SELECT * FROM m...')
#3 E:\xampp\htdocs\chxn_git\app\Services\ProductStoneService.php(10): CodeIgniter\Database\BaseConnection->query('SELECT * FROM m...')
#4 E:\xampp\htdocs\chxn_git\app\Controllers\ProductStoneController.php(15): App\Services\ProductStoneService->getData()
#5 E:\xampp\htdocs\chxn_git\system\CodeIgniter.php(832): App\Controllers\ProductStoneController->index()
#6 E:\xampp\htdocs\chxn_git\system\CodeIgniter.php(419): CodeIgniter\CodeIgniter->runController(Object(App\Controllers\ProductStoneController))
#7 E:\xampp\htdocs\chxn_git\system\CodeIgniter.php(326): CodeIgniter\CodeIgniter->handleRequest(NULL, Object(Config\Cache), false)
#8 E:\xampp\htdocs\chxn_git\public\index.php(37): CodeIgniter\CodeIgniter->run()
#9 E:\xampp\htdocs\chxn_git\system\Commands\Server\rewrite.php(43): require_once('E:\\xampp\\htdocs...')
#10 {main}
CRITICAL - 2022-08-14 04:02:04 --> Undefined index: stone_code
#0 E:\xampp\htdocs\chxn_git\app\Services\ProductStoneService.php(36): CodeIgniter\Debug\Exceptions->errorHandler(8, 'Undefined index...', 'E:\\xampp\\htdocs...', 36, Array)
#1 E:\xampp\htdocs\chxn_git\app\Controllers\ProductStoneController.php(27): App\Services\ProductStoneService->insertData(Array)
#2 E:\xampp\htdocs\chxn_git\system\CodeIgniter.php(832): App\Controllers\ProductStoneController->insert()
#3 E:\xampp\htdocs\chxn_git\system\CodeIgniter.php(419): CodeIgniter\CodeIgniter->runController(Object(App\Controllers\ProductStoneController))
#4 E:\xampp\htdocs\chxn_git\system\CodeIgniter.php(326): CodeIgniter\CodeIgniter->handleRequest(NULL, Object(Config\Cache), false)
#5 E:\xampp\htdocs\chxn_git\public\index.php(37): CodeIgniter\CodeIgniter->run()
#6 E:\xampp\htdocs\chxn_git\system\Commands\Server\rewrite.php(43): require_once('E:\\xampp\\htdocs...')
#7 {main}
ERROR - 2022-08-14 04:02:46 --> You have an error in your SQL syntax; check the manual that corresponds to your MariaDB server version for the right syntax to use near '?,?,?,?,?,?,?,?,?,?)' at line 1
CRITICAL - 2022-08-14 04:02:46 --> You have an error in your SQL syntax; check the manual that corresponds to your MariaDB server version for the right syntax to use near '?,?,?,?,?,?,?,?,?,?)' at line 1
#0 E:\xampp\htdocs\chxn_git\system\Database\MySQLi\Connection.php(292): mysqli->query('INSERT INTO pro...', 0)
#1 E:\xampp\htdocs\chxn_git\system\Database\BaseConnection.php(670): CodeIgniter\Database\MySQLi\Connection->execute('INSERT INTO pro...')
#2 E:\xampp\htdocs\chxn_git\system\Database\BaseConnection.php(598): CodeIgniter\Database\BaseConnection->simpleQuery('INSERT INTO pro...')
#3 E:\xampp\htdocs\chxn_git\app\Services\ProductStoneService.php(50): CodeIgniter\Database\BaseConnection->query('INSERT INTO pro...', Array)
#4 E:\xampp\htdocs\chxn_git\app\Controllers\ProductStoneController.php(27): App\Services\ProductStoneService->insertData(Array)
#5 E:\xampp\htdocs\chxn_git\system\CodeIgniter.php(832): App\Controllers\ProductStoneController->insert()
#6 E:\xampp\htdocs\chxn_git\system\CodeIgniter.php(419): CodeIgniter\CodeIgniter->runController(Object(App\Controllers\ProductStoneController))
#7 E:\xampp\htdocs\chxn_git\system\CodeIgniter.php(326): CodeIgniter\CodeIgniter->handleRequest(NULL, Object(Config\Cache), false)
#8 E:\xampp\htdocs\chxn_git\public\index.php(37): CodeIgniter\CodeIgniter->run()
#9 E:\xampp\htdocs\chxn_git\system\Commands\Server\rewrite.php(43): require_once('E:\\xampp\\htdocs...')
#10 {main}
ERROR - 2022-08-14 04:03:48 --> You have an error in your SQL syntax; check the manual that corresponds to your MariaDB server version for the right syntax to use near 'INSRT INTO product_data (stone_code, product_group, product_name, product_sha...' at line 1
CRITICAL - 2022-08-14 04:03:48 --> You have an error in your SQL syntax; check the manual that corresponds to your MariaDB server version for the right syntax to use near 'INSRT INTO product_data (stone_code, product_group, product_name, product_sha...' at line 1
#0 E:\xampp\htdocs\chxn_git\system\Database\MySQLi\Connection.php(292): mysqli->query('INSRT INTO prod...', 0)
#1 E:\xampp\htdocs\chxn_git\system\Database\BaseConnection.php(670): CodeIgniter\Database\MySQLi\Connection->execute('INSRT INTO prod...')
#2 E:\xampp\htdocs\chxn_git\system\Database\BaseConnection.php(598): CodeIgniter\Database\BaseConnection->simpleQuery('INSRT INTO prod...')
#3 E:\xampp\htdocs\chxn_git\app\Services\ProductStoneService.php(52): CodeIgniter\Database\BaseConnection->query('INSRT INTO prod...', Array)
#4 E:\xampp\htdocs\chxn_git\app\Controllers\ProductStoneController.php(27): App\Services\ProductStoneService->insertData(Array)
#5 E:\xampp\htdocs\chxn_git\system\CodeIgniter.php(832): App\Controllers\ProductStoneController->insert()
#6 E:\xampp\htdocs\chxn_git\system\CodeIgniter.php(419): CodeIgniter\CodeIgniter->runController(Object(App\Controllers\ProductStoneController))
#7 E:\xampp\htdocs\chxn_git\system\CodeIgniter.php(326): CodeIgniter\CodeIgniter->handleRequest(NULL, Object(Config\Cache), false)
#8 E:\xampp\htdocs\chxn_git\public\index.php(37): CodeIgniter\CodeIgniter->run()
#9 E:\xampp\htdocs\chxn_git\system\Commands\Server\rewrite.php(43): require_once('E:\\xampp\\htdocs...')
#10 {main}
ERROR - 2022-08-14 04:04:41 --> You have an error in your SQL syntax; check the manual that corresponds to your MariaDB server version for the right syntax to use near ':stone_code, :product_group, :product_name, :product_shape, :product_color, :...' at line 1
CRITICAL - 2022-08-14 04:04:41 --> You have an error in your SQL syntax; check the manual that corresponds to your MariaDB server version for the right syntax to use near ':stone_code, :product_group, :product_name, :product_shape, :product_color, :...' at line 1
#0 E:\xampp\htdocs\chxn_git\system\Database\MySQLi\Connection.php(292): mysqli->query('INSERT INTO pro...', 0)
#1 E:\xampp\htdocs\chxn_git\system\Database\BaseConnection.php(670): CodeIgniter\Database\MySQLi\Connection->execute('INSERT INTO pro...')
#2 E:\xampp\htdocs\chxn_git\system\Database\BaseConnection.php(598): CodeIgniter\Database\BaseConnection->simpleQuery('INSERT INTO pro...')
#3 E:\xampp\htdocs\chxn_git\app\Services\ProductStoneService.php(50): CodeIgniter\Database\BaseConnection->query('INSERT INTO pro...', Array)
#4 E:\xampp\htdocs\chxn_git\app\Controllers\ProductStoneController.php(27): App\Services\ProductStoneService->insertData(Array)
#5 E:\xampp\htdocs\chxn_git\system\CodeIgniter.php(832): App\Controllers\ProductStoneController->insert()
#6 E:\xampp\htdocs\chxn_git\system\CodeIgniter.php(419): CodeIgniter\CodeIgniter->runController(Object(App\Controllers\ProductStoneController))
#7 E:\xampp\htdocs\chxn_git\system\CodeIgniter.php(326): CodeIgniter\CodeIgniter->handleRequest(NULL, Object(Config\Cache), false)
#8 E:\xampp\htdocs\chxn_git\public\index.php(37): CodeIgniter\CodeIgniter->run()
#9 E:\xampp\htdocs\chxn_git\system\Commands\Server\rewrite.php(43): require_once('E:\\xampp\\htdocs...')
#10 {main}
CRITICAL - 2022-08-14 04:23:13 --> syntax error, unexpected end of file
#0 E:\xampp\htdocs\chxn_git\system\View\View.php(213): CodeIgniter\View\View->CodeIgniter\View\{closure}()
#1 E:\xampp\htdocs\chxn_git\system\Common.php(1089): CodeIgniter\View\View->render('productstone', Array, true)
#2 E:\xampp\htdocs\chxn_git\app\Controllers\ProductStoneController.php(20): view('productstone', Array)
#3 E:\xampp\htdocs\chxn_git\system\CodeIgniter.php(832): App\Controllers\ProductStoneController->index()
#4 E:\xampp\htdocs\chxn_git\system\CodeIgniter.php(419): CodeIgniter\CodeIgniter->runController(Object(App\Controllers\ProductStoneController))
#5 E:\xampp\htdocs\chxn_git\system\CodeIgniter.php(326): CodeIgniter\CodeIgniter->handleRequest(NULL, Object(Config\Cache), false)
#6 E:\xampp\htdocs\chxn_git\public\index.php(37): CodeIgniter\CodeIgniter->run()
#7 E:\xampp\htdocs\chxn_git\system\Commands\Server\rewrite.php(43): require_once('E:\\xampp\\htdocs...')
#8 {main}
CRITICAL - 2022-08-14 04:23:48 --> Trying to get property 'gem_group' of non-object
#0 E:\xampp\htdocs\chxn_git\app\Views\productstone.php(222): CodeIgniter\Debug\Exceptions->errorHandler(8, 'Trying to get p...', 'E:\\xampp\\htdocs...', 222, Array)
#1 E:\xampp\htdocs\chxn_git\system\View\View.php(210): include('E:\\xampp\\htdocs...')
#2 E:\xampp\htdocs\chxn_git\system\View\View.php(213): CodeIgniter\View\View->CodeIgniter\View\{closure}()
#3 E:\xampp\htdocs\chxn_git\system\Common.php(1089): CodeIgniter\View\View->render('productstone', Array, true)
#4 E:\xampp\htdocs\chxn_git\app\Controllers\ProductStoneController.php(20): view('productstone', Array)
#5 E:\xampp\htdocs\chxn_git\system\CodeIgniter.php(832): App\Controllers\ProductStoneController->index()
#6 E:\xampp\htdocs\chxn_git\system\CodeIgniter.php(419): CodeIgniter\CodeIgniter->runController(Object(App\Controllers\ProductStoneController))
#7 E:\xampp\htdocs\chxn_git\system\CodeIgniter.php(326): CodeIgniter\CodeIgniter->handleRequest(NULL, Object(Config\Cache), false)
#8 E:\xampp\htdocs\chxn_git\public\index.php(37): CodeIgniter\CodeIgniter->run()
#9 E:\xampp\htdocs\chxn_git\system\Commands\Server\rewrite.php(43): require_once('E:\\xampp\\htdocs...')
#10 {main}
CRITICAL - 2022-08-14 04:25:05 --> Array to string conversion
#0 E:\xampp\htdocs\chxn_git\app\Views\productstone.php(226): CodeIgniter\Debug\Exceptions->errorHandler(8, 'Array to string...', 'E:\\xampp\\htdocs...', 226, Array)
#1 E:\xampp\htdocs\chxn_git\system\View\View.php(210): include('E:\\xampp\\htdocs...')
#2 E:\xampp\htdocs\chxn_git\system\View\View.php(213): CodeIgniter\View\View->CodeIgniter\View\{closure}()
#3 E:\xampp\htdocs\chxn_git\system\Common.php(1089): CodeIgniter\View\View->render('productstone', Array, true)
#4 E:\xampp\htdocs\chxn_git\app\Controllers\ProductStoneController.php(20): view('productstone', Array)
#5 E:\xampp\htdocs\chxn_git\system\CodeIgniter.php(832): App\Controllers\ProductStoneController->index()
#6 E:\xampp\htdocs\chxn_git\system\CodeIgniter.php(419): CodeIgniter\CodeIgniter->runController(Object(App\Controllers\ProductStoneController))
#7 E:\xampp\htdocs\chxn_git\system\CodeIgniter.php(326): CodeIgniter\CodeIgniter->handleRequest(NULL, Object(Config\Cache), false)
#8 E:\xampp\htdocs\chxn_git\public\index.php(37): CodeIgniter\CodeIgniter->run()
#9 E:\xampp\htdocs\chxn_git\system\Commands\Server\rewrite.php(43): require_once('E:\\xampp\\htdocs...')
#10 {main}
CRITICAL - 2022-08-14 04:26:08 --> Undefined offset: 0
#0 E:\xampp\htdocs\chxn_git\app\Views\productstone.php(226): CodeIgniter\Debug\Exceptions->errorHandler(8, 'Undefined offse...', 'E:\\xampp\\htdocs...', 226, Array)
#1 E:\xampp\htdocs\chxn_git\system\View\View.php(210): include('E:\\xampp\\htdocs...')
#2 E:\xampp\htdocs\chxn_git\system\View\View.php(213): CodeIgniter\View\View->CodeIgniter\View\{closure}()
#3 E:\xampp\htdocs\chxn_git\system\Common.php(1089): CodeIgniter\View\View->render('productstone', Array, true)
#4 E:\xampp\htdocs\chxn_git\app\Controllers\ProductStoneController.php(20): view('productstone', Array)
#5 E:\xampp\htdocs\chxn_git\system\CodeIgniter.php(832): App\Controllers\ProductStoneController->index()
#6 E:\xampp\htdocs\chxn_git\system\CodeIgniter.php(419): CodeIgniter\CodeIgniter->runController(Object(App\Controllers\ProductStoneController))
#7 E:\xampp\htdocs\chxn_git\system\CodeIgniter.php(326): CodeIgniter\CodeIgniter->handleRequest(NULL, Object(Config\Cache), false)
#8 E:\xampp\htdocs\chxn_git\public\index.php(37): CodeIgniter\CodeIgniter->run()
#9 E:\xampp\htdocs\chxn_git\system\Commands\Server\rewrite.php(43): require_once('E:\\xampp\\htdocs...')
#10 {main}
CRITICAL - 2022-08-14 04:26:37 --> Trying to get property 'gem_group' of non-object
#0 E:\xampp\htdocs\chxn_git\app\Views\productstone.php(226): CodeIgniter\Debug\Exceptions->errorHandler(8, 'Trying to get p...', 'E:\\xampp\\htdocs...', 226, Array)
#1 E:\xampp\htdocs\chxn_git\system\View\View.php(210): include('E:\\xampp\\htdocs...')
#2 E:\xampp\htdocs\chxn_git\system\View\View.php(213): CodeIgniter\View\View->CodeIgniter\View\{closure}()
#3 E:\xampp\htdocs\chxn_git\system\Common.php(1089): CodeIgniter\View\View->render('productstone', Array, true)
#4 E:\xampp\htdocs\chxn_git\app\Controllers\ProductStoneController.php(20): view('productstone', Array)
#5 E:\xampp\htdocs\chxn_git\system\CodeIgniter.php(832): App\Controllers\ProductStoneController->index()
#6 E:\xampp\htdocs\chxn_git\system\CodeIgniter.php(419): CodeIgniter\CodeIgniter->runController(Object(App\Controllers\ProductStoneController))
#7 E:\xampp\htdocs\chxn_git\system\CodeIgniter.php(326): CodeIgniter\CodeIgniter->handleRequest(NULL, Object(Config\Cache), false)
#8 E:\xampp\htdocs\chxn_git\public\index.php(37): CodeIgniter\CodeIgniter->run()
#9 E:\xampp\htdocs\chxn_git\system\Commands\Server\rewrite.php(43): require_once('E:\\xampp\\htdocs...')
#10 {main}
CRITICAL - 2022-08-14 04:27:07 --> Trying to get property 'uid' of non-object
#0 E:\xampp\htdocs\chxn_git\app\Views\productstone.php(226): CodeIgniter\Debug\Exceptions->errorHandler(8, 'Trying to get p...', 'E:\\xampp\\htdocs...', 226, Array)
#1 E:\xampp\htdocs\chxn_git\system\View\View.php(210): include('E:\\xampp\\htdocs...')
#2 E:\xampp\htdocs\chxn_git\system\View\View.php(213): CodeIgniter\View\View->CodeIgniter\View\{closure}()
#3 E:\xampp\htdocs\chxn_git\system\Common.php(1089): CodeIgniter\View\View->render('productstone', Array, true)
#4 E:\xampp\htdocs\chxn_git\app\Controllers\ProductStoneController.php(20): view('productstone', Array)
#5 E:\xampp\htdocs\chxn_git\system\CodeIgniter.php(832): App\Controllers\ProductStoneController->index()
#6 E:\xampp\htdocs\chxn_git\system\CodeIgniter.php(419): CodeIgniter\CodeIgniter->runController(Object(App\Controllers\ProductStoneController))
#7 E:\xampp\htdocs\chxn_git\system\CodeIgniter.php(326): CodeIgniter\CodeIgniter->handleRequest(NULL, Object(Config\Cache), false)
#8 E:\xampp\htdocs\chxn_git\public\index.php(37): CodeIgniter\CodeIgniter->run()
#9 E:\xampp\htdocs\chxn_git\system\Commands\Server\rewrite.php(43): require_once('E:\\xampp\\htdocs...')
#10 {main}
CRITICAL - 2022-08-14 04:27:28 --> Undefined index: uid
#0 E:\xampp\htdocs\chxn_git\app\Views\productstone.php(226): CodeIgniter\Debug\Exceptions->errorHandler(8, 'Undefined index...', 'E:\\xampp\\htdocs...', 226, Array)
#1 E:\xampp\htdocs\chxn_git\system\View\View.php(210): include('E:\\xampp\\htdocs...')
#2 E:\xampp\htdocs\chxn_git\system\View\View.php(213): CodeIgniter\View\View->CodeIgniter\View\{closure}()
#3 E:\xampp\htdocs\chxn_git\system\Common.php(1089): CodeIgniter\View\View->render('productstone', Array, true)
#4 E:\xampp\htdocs\chxn_git\app\Controllers\ProductStoneController.php(20): view('productstone', Array)
#5 E:\xampp\htdocs\chxn_git\system\CodeIgniter.php(832): App\Controllers\ProductStoneController->index()
#6 E:\xampp\htdocs\chxn_git\system\CodeIgniter.php(419): CodeIgniter\CodeIgniter->runController(Object(App\Controllers\ProductStoneController))
#7 E:\xampp\htdocs\chxn_git\system\CodeIgniter.php(326): CodeIgniter\CodeIgniter->handleRequest(NULL, Object(Config\Cache), false)
#8 E:\xampp\htdocs\chxn_git\public\index.php(37): CodeIgniter\CodeIgniter->run()
#9 E:\xampp\htdocs\chxn_git\system\Commands\Server\rewrite.php(43): require_once('E:\\xampp\\htdocs...')
#10 {main}
CRITICAL - 2022-08-14 04:28:08 --> Trying to get property 'master_name' of non-object
#0 E:\xampp\htdocs\chxn_git\app\Views\productstone.php(226): CodeIgniter\Debug\Exceptions->errorHandler(8, 'Trying to get p...', 'E:\\xampp\\htdocs...', 226, Array)
#1 E:\xampp\htdocs\chxn_git\system\View\View.php(210): include('E:\\xampp\\htdocs...')
#2 E:\xampp\htdocs\chxn_git\system\View\View.php(213): CodeIgniter\View\View->CodeIgniter\View\{closure}()
#3 E:\xampp\htdocs\chxn_git\system\Common.php(1089): CodeIgniter\View\View->render('productstone', Array, true)
#4 E:\xampp\htdocs\chxn_git\app\Controllers\ProductStoneController.php(20): view('productstone', Array)
#5 E:\xampp\htdocs\chxn_git\system\CodeIgniter.php(832): App\Controllers\ProductStoneController->index()
#6 E:\xampp\htdocs\chxn_git\system\CodeIgniter.php(419): CodeIgniter\CodeIgniter->runController(Object(App\Controllers\ProductStoneController))
#7 E:\xampp\htdocs\chxn_git\system\CodeIgniter.php(326): CodeIgniter\CodeIgniter->handleRequest(NULL, Object(Config\Cache), false)
#8 E:\xampp\htdocs\chxn_git\public\index.php(37): CodeIgniter\CodeIgniter->run()
#9 E:\xampp\htdocs\chxn_git\system\Commands\Server\rewrite.php(43): require_once('E:\\xampp\\htdocs...')
#10 {main}
CRITICAL - 2022-08-14 04:28:20 --> Trying to get property 'master_name' of non-object
#0 E:\xampp\htdocs\chxn_git\app\Views\productstone.php(226): CodeIgniter\Debug\Exceptions->errorHandler(8, 'Trying to get p...', 'E:\\xampp\\htdocs...', 226, Array)
#1 E:\xampp\htdocs\chxn_git\system\View\View.php(210): include('E:\\xampp\\htdocs...')
#2 E:\xampp\htdocs\chxn_git\system\View\View.php(213): CodeIgniter\View\View->CodeIgniter\View\{closure}()
#3 E:\xampp\htdocs\chxn_git\system\Common.php(1089): CodeIgniter\View\View->render('productstone', Array, true)
#4 E:\xampp\htdocs\chxn_git\app\Controllers\ProductStoneController.php(20): view('productstone', Array)
#5 E:\xampp\htdocs\chxn_git\system\CodeIgniter.php(832): App\Controllers\ProductStoneController->index()
#6 E:\xampp\htdocs\chxn_git\system\CodeIgniter.php(419): CodeIgniter\CodeIgniter->runController(Object(App\Controllers\ProductStoneController))
#7 E:\xampp\htdocs\chxn_git\system\CodeIgniter.php(326): CodeIgniter\CodeIgniter->handleRequest(NULL, Object(Config\Cache), false)
#8 E:\xampp\htdocs\chxn_git\public\index.php(37): CodeIgniter\CodeIgniter->run()
#9 E:\xampp\htdocs\chxn_git\system\Commands\Server\rewrite.php(43): require_once('E:\\xampp\\htdocs...')
#10 {main}
CRITICAL - 2022-08-14 04:30:12 --> Undefined property: stdClass::$product_group
#0 E:\xampp\htdocs\chxn_git\app\Views\productstone.php(223): CodeIgniter\Debug\Exceptions->errorHandler(8, 'Undefined prope...', 'E:\\xampp\\htdocs...', 223, Array)
#1 E:\xampp\htdocs\chxn_git\system\View\View.php(210): include('E:\\xampp\\htdocs...')
#2 E:\xampp\htdocs\chxn_git\system\View\View.php(213): CodeIgniter\View\View->CodeIgniter\View\{closure}()
#3 E:\xampp\htdocs\chxn_git\system\Common.php(1089): CodeIgniter\View\View->render('productstone', Array, true)
#4 E:\xampp\htdocs\chxn_git\app\Controllers\ProductStoneController.php(20): view('productstone', Array)
#5 E:\xampp\htdocs\chxn_git\system\CodeIgniter.php(832): App\Controllers\ProductStoneController->index()
#6 E:\xampp\htdocs\chxn_git\system\CodeIgniter.php(419): CodeIgniter\CodeIgniter->runController(Object(App\Controllers\ProductStoneController))
#7 E:\xampp\htdocs\chxn_git\system\CodeIgniter.php(326): CodeIgniter\CodeIgniter->handleRequest(NULL, Object(Config\Cache), false)
#8 E:\xampp\htdocs\chxn_git\public\index.php(37): CodeIgniter\CodeIgniter->run()
#9 E:\xampp\htdocs\chxn_git\system\Commands\Server\rewrite.php(43): require_once('E:\\xampp\\htdocs...')
#10 {main}
CRITICAL - 2022-08-14 04:36:34 --> Undefined property: stdClass::$product_code
#0 E:\xampp\htdocs\chxn_git\app\Views\productstone.php(231): CodeIgniter\Debug\Exceptions->errorHandler(8, 'Undefined prope...', 'E:\\xampp\\htdocs...', 231, Array)
#1 E:\xampp\htdocs\chxn_git\system\View\View.php(210): include('E:\\xampp\\htdocs...')
#2 E:\xampp\htdocs\chxn_git\system\View\View.php(213): CodeIgniter\View\View->CodeIgniter\View\{closure}()
#3 E:\xampp\htdocs\chxn_git\system\Common.php(1089): CodeIgniter\View\View->render('productstone', Array, true)
#4 E:\xampp\htdocs\chxn_git\app\Controllers\ProductStoneController.php(20): view('productstone', Array)
#5 E:\xampp\htdocs\chxn_git\system\CodeIgniter.php(832): App\Controllers\ProductStoneController->index()
#6 E:\xampp\htdocs\chxn_git\system\CodeIgniter.php(419): CodeIgniter\CodeIgniter->runController(Object(App\Controllers\ProductStoneController))
#7 E:\xampp\htdocs\chxn_git\system\CodeIgniter.php(326): CodeIgniter\CodeIgniter->handleRequest(NULL, Object(Config\Cache), false)
#8 E:\xampp\htdocs\chxn_git\public\index.php(37): CodeIgniter\CodeIgniter->run()
#9 E:\xampp\htdocs\chxn_git\system\Commands\Server\rewrite.php(43): require_once('E:\\xampp\\htdocs...')
#10 {main}
ERROR - 2022-08-14 04:47:31 --> Unknown column 'id' in 'where clause'
CRITICAL - 2022-08-14 04:47:31 --> Unknown column 'id' in 'where clause'
#0 E:\xampp\htdocs\chxn_git\system\Database\MySQLi\Connection.php(292): mysqli->query('DELETE FROM pro...', 0)
#1 E:\xampp\htdocs\chxn_git\system\Database\BaseConnection.php(670): CodeIgniter\Database\MySQLi\Connection->execute('DELETE FROM pro...')
#2 E:\xampp\htdocs\chxn_git\system\Database\BaseConnection.php(598): CodeIgniter\Database\BaseConnection->simpleQuery('DELETE FROM pro...')
#3 E:\xampp\htdocs\chxn_git\app\Services\ProductStoneService.php(66): CodeIgniter\Database\BaseConnection->query('DELETE FROM pro...')
#4 E:\xampp\htdocs\chxn_git\app\Controllers\ProductStoneController.php(34): App\Services\ProductStoneService->deleteData('2')
#5 E:\xampp\htdocs\chxn_git\system\CodeIgniter.php(832): App\Controllers\ProductStoneController->delete('2')
#6 E:\xampp\htdocs\chxn_git\system\CodeIgniter.php(419): CodeIgniter\CodeIgniter->runController(Object(App\Controllers\ProductStoneController))
#7 E:\xampp\htdocs\chxn_git\system\CodeIgniter.php(326): CodeIgniter\CodeIgniter->handleRequest(NULL, Object(Config\Cache), false)
#8 E:\xampp\htdocs\chxn_git\public\index.php(37): CodeIgniter\CodeIgniter->run()
#9 E:\xampp\htdocs\chxn_git\system\Commands\Server\rewrite.php(43): require_once('E:\\xampp\\htdocs...')
#10 {main}
CRITICAL - 2022-08-14 06:45:23 --> Undefined index: check_type
#0 E:\xampp\htdocs\chxn_git\app\Controllers\ProductStoneController.php(28): CodeIgniter\Debug\Exceptions->errorHandler(8, 'Undefined index...', 'E:\\xampp\\htdocs...', 28, Array)
#1 E:\xampp\htdocs\chxn_git\system\CodeIgniter.php(832): App\Controllers\ProductStoneController->insert()
#2 E:\xampp\htdocs\chxn_git\system\CodeIgniter.php(419): CodeIgniter\CodeIgniter->runController(Object(App\Controllers\ProductStoneController))
#3 E:\xampp\htdocs\chxn_git\system\CodeIgniter.php(326): CodeIgniter\CodeIgniter->handleRequest(NULL, Object(Config\Cache), false)
#4 E:\xampp\htdocs\chxn_git\public\index.php(37): CodeIgniter\CodeIgniter->run()
#5 E:\xampp\htdocs\chxn_git\system\Commands\Server\rewrite.php(43): require_once('E:\\xampp\\htdocs...')
#6 {main}
CRITICAL - 2022-08-14 06:45:35 --> Undefined index: check_type0
#0 E:\xampp\htdocs\chxn_git\app\Controllers\ProductStoneController.php(28): CodeIgniter\Debug\Exceptions->errorHandler(8, 'Undefined index...', 'E:\\xampp\\htdocs...', 28, Array)
#1 E:\xampp\htdocs\chxn_git\system\CodeIgniter.php(832): App\Controllers\ProductStoneController->insert()
#2 E:\xampp\htdocs\chxn_git\system\CodeIgniter.php(419): CodeIgniter\CodeIgniter->runController(Object(App\Controllers\ProductStoneController))
#3 E:\xampp\htdocs\chxn_git\system\CodeIgniter.php(326): CodeIgniter\CodeIgniter->handleRequest(NULL, Object(Config\Cache), false)
#4 E:\xampp\htdocs\chxn_git\public\index.php(37): CodeIgniter\CodeIgniter->run()
#5 E:\xampp\htdocs\chxn_git\system\Commands\Server\rewrite.php(43): require_once('E:\\xampp\\htdocs...')
#6 {main}
CRITICAL - 2022-08-14 06:45:44 --> Undefined index: check_type
#0 E:\xampp\htdocs\chxn_git\app\Controllers\ProductStoneController.php(28): CodeIgniter\Debug\Exceptions->errorHandler(8, 'Undefined index...', 'E:\\xampp\\htdocs...', 28, Array)
#1 E:\xampp\htdocs\chxn_git\system\CodeIgniter.php(832): App\Controllers\ProductStoneController->insert()
#2 E:\xampp\htdocs\chxn_git\system\CodeIgniter.php(419): CodeIgniter\CodeIgniter->runController(Object(App\Controllers\ProductStoneController))
#3 E:\xampp\htdocs\chxn_git\system\CodeIgniter.php(326): CodeIgniter\CodeIgniter->handleRequest(NULL, Object(Config\Cache), false)
#4 E:\xampp\htdocs\chxn_git\public\index.php(37): CodeIgniter\CodeIgniter->run()
#5 E:\xampp\htdocs\chxn_git\system\Commands\Server\rewrite.php(43): require_once('E:\\xampp\\htdocs...')
#6 {main}
CRITICAL - 2022-08-14 06:45:54 --> Undefined index: check
#0 E:\xampp\htdocs\chxn_git\app\Controllers\ProductStoneController.php(28): CodeIgniter\Debug\Exceptions->errorHandler(8, 'Undefined index...', 'E:\\xampp\\htdocs...', 28, Array)
#1 E:\xampp\htdocs\chxn_git\system\CodeIgniter.php(832): App\Controllers\ProductStoneController->insert()
#2 E:\xampp\htdocs\chxn_git\system\CodeIgniter.php(419): CodeIgniter\CodeIgniter->runController(Object(App\Controllers\ProductStoneController))
#3 E:\xampp\htdocs\chxn_git\system\CodeIgniter.php(326): CodeIgniter\CodeIgniter->handleRequest(NULL, Object(Config\Cache), false)
#4 E:\xampp\htdocs\chxn_git\public\index.php(37): CodeIgniter\CodeIgniter->run()
#5 E:\xampp\htdocs\chxn_git\system\Commands\Server\rewrite.php(43): require_once('E:\\xampp\\htdocs...')
#6 {main}
CRITICAL - 2022-08-14 08:31:47 --> Undefined index: count_type
#0 E:\xampp\htdocs\chxn_git\app\Controllers\ProductJewelryController.php(28): CodeIgniter\Debug\Exceptions->errorHandler(8, 'Undefined index...', 'E:\\xampp\\htdocs...', 28, Array)
#1 E:\xampp\htdocs\chxn_git\system\CodeIgniter.php(832): App\Controllers\ProductJewelryController->insert()
#2 E:\xampp\htdocs\chxn_git\system\CodeIgniter.php(419): CodeIgniter\CodeIgniter->runController(Object(App\Controllers\ProductJewelryController))
#3 E:\xampp\htdocs\chxn_git\system\CodeIgniter.php(326): CodeIgniter\CodeIgniter->handleRequest(NULL, Object(Config\Cache), false)
#4 E:\xampp\htdocs\chxn_git\public\index.php(37): CodeIgniter\CodeIgniter->run()
#5 E:\xampp\htdocs\chxn_git\system\Commands\Server\rewrite.php(43): require_once('E:\\xampp\\htdocs...')
#6 {main}
CRITICAL - 2022-08-14 08:31:47 --> Undefined index: count_type
#0 E:\xampp\htdocs\chxn_git\app\Controllers\ProductJewelryController.php(28): CodeIgniter\Debug\Exceptions->errorHandler(8, 'Undefined index...', 'E:\\xampp\\htdocs...', 28, Array)
#1 E:\xampp\htdocs\chxn_git\system\CodeIgniter.php(832): App\Controllers\ProductJewelryController->insert()
#2 E:\xampp\htdocs\chxn_git\system\CodeIgniter.php(419): CodeIgniter\CodeIgniter->runController(Object(App\Controllers\ProductJewelryController))
#3 E:\xampp\htdocs\chxn_git\system\CodeIgniter.php(326): CodeIgniter\CodeIgniter->handleRequest(NULL, Object(Config\Cache), false)
#4 E:\xampp\htdocs\chxn_git\public\index.php(37): CodeIgniter\CodeIgniter->run()
#5 E:\xampp\htdocs\chxn_git\system\Commands\Server\rewrite.php(43): require_once('E:\\xampp\\htdocs...')
#6 {main}
CRITICAL - 2022-08-14 12:20:41 --> Undefined index: per_unit
#0 E:\xampp\htdocs\chxn_git\app\Services\ProductJewelryService.php(47): CodeIgniter\Debug\Exceptions->errorHandler(8, 'Undefined index...', 'E:\\xampp\\htdocs...', 47, Array)
#1 E:\xampp\htdocs\chxn_git\app\Controllers\ProductJewelryController.php(31): App\Services\ProductJewelryService->insertData(Array)
#2 E:\xampp\htdocs\chxn_git\system\CodeIgniter.php(832): App\Controllers\ProductJewelryController->insert()
#3 E:\xampp\htdocs\chxn_git\system\CodeIgniter.php(419): CodeIgniter\CodeIgniter->runController(Object(App\Controllers\ProductJewelryController))
#4 E:\xampp\htdocs\chxn_git\system\CodeIgniter.php(326): CodeIgniter\CodeIgniter->handleRequest(NULL, Object(Config\Cache), false)
#5 E:\xampp\htdocs\chxn_git\public\index.php(37): CodeIgniter\CodeIgniter->run()
#6 E:\xampp\htdocs\chxn_git\system\Commands\Server\rewrite.php(43): require_once('E:\\xampp\\htdocs...')
#7 {main}
