CRITICAL - 2022-07-12 07:57:00 --> Undefined array key "data1"
#0 C:\xampp\htdocs\chxn\app\Controllers\CompanyController.php(49): CodeIgniter\Debug\Exceptions->errorHandler(2, 'Undefined array...', 'C:\\xampp\\htdocs...', 49)
#1 C:\xampp\htdocs\chxn\system\CodeIgniter.php(832): App\Controllers\CompanyController->insertcompany()
#2 C:\xampp\htdocs\chxn\system\CodeIgniter.php(419): CodeIgniter\CodeIgniter->runController(Object(App\Controllers\CompanyController))
#3 C:\xampp\htdocs\chxn\system\CodeIgniter.php(326): CodeIgniter\CodeIgniter->handleRequest(NULL, Object(Config\Cache), false)
#4 C:\xampp\htdocs\chxn\public\index.php(37): CodeIgniter\CodeIgniter->run()
#5 C:\xampp\htdocs\chxn\system\Commands\Server\rewrite.php(43): require_once('C:\\xampp\\htdocs...')
#6 {main}
ERROR - 2022-07-12 08:46:25 --> Column 'province' cannot be null
CRITICAL - 2022-07-12 08:46:25 --> Column 'province' cannot be null
#0 C:\xampp\htdocs\chxn\system\Database\MySQLi\Connection.php(292): mysqli->query('INSERT INTO `co...', 0)
#1 C:\xampp\htdocs\chxn\system\Database\BaseConnection.php(670): CodeIgniter\Database\MySQLi\Connection->execute('INSERT INTO `co...')
#2 C:\xampp\htdocs\chxn\system\Database\BaseConnection.php(598): CodeIgniter\Database\BaseConnection->simpleQuery('INSERT INTO `co...')
#3 C:\xampp\htdocs\chxn\system\Database\BaseBuilder.php(1771): CodeIgniter\Database\BaseConnection->query('INSERT INTO `co...', Array, false)
#4 C:\xampp\htdocs\chxn\system\Model.php(239): CodeIgniter\Database\BaseBuilder->insert()
#5 C:\xampp\htdocs\chxn\system\BaseModel.php(738): CodeIgniter\Model->doInsert(Array)
#6 C:\xampp\htdocs\chxn\system\Model.php(625): CodeIgniter\BaseModel->insert(Array, true)
#7 C:\xampp\htdocs\chxn\app\Services\CompanyInfoService.php(19): CodeIgniter\Model->insert(Array)
#8 C:\xampp\htdocs\chxn\app\Controllers\CompanyController.php(89): App\Services\CompanyInfoService->insertdata(Array)
#9 C:\xampp\htdocs\chxn\system\CodeIgniter.php(832): App\Controllers\CompanyController->insertcompany()
#10 C:\xampp\htdocs\chxn\system\CodeIgniter.php(419): CodeIgniter\CodeIgniter->runController(Object(App\Controllers\CompanyController))
#11 C:\xampp\htdocs\chxn\system\CodeIgniter.php(326): CodeIgniter\CodeIgniter->handleRequest(NULL, Object(Config\Cache), false)
#12 C:\xampp\htdocs\chxn\public\index.php(37): CodeIgniter\CodeIgniter->run()
#13 C:\xampp\htdocs\chxn\system\Commands\Server\rewrite.php(43): require_once('C:\\xampp\\htdocs...')
#14 {main}
ERROR - 2022-07-12 08:46:30 --> Column 'province' cannot be null
CRITICAL - 2022-07-12 08:46:30 --> Column 'province' cannot be null
#0 C:\xampp\htdocs\chxn\system\Database\MySQLi\Connection.php(292): mysqli->query('INSERT INTO `co...', 0)
#1 C:\xampp\htdocs\chxn\system\Database\BaseConnection.php(670): CodeIgniter\Database\MySQLi\Connection->execute('INSERT INTO `co...')
#2 C:\xampp\htdocs\chxn\system\Database\BaseConnection.php(598): CodeIgniter\Database\BaseConnection->simpleQuery('INSERT INTO `co...')
#3 C:\xampp\htdocs\chxn\system\Database\BaseBuilder.php(1771): CodeIgniter\Database\BaseConnection->query('INSERT INTO `co...', Array, false)
#4 C:\xampp\htdocs\chxn\system\Model.php(239): CodeIgniter\Database\BaseBuilder->insert()
#5 C:\xampp\htdocs\chxn\system\BaseModel.php(738): CodeIgniter\Model->doInsert(Array)
#6 C:\xampp\htdocs\chxn\system\Model.php(625): CodeIgniter\BaseModel->insert(Array, true)
#7 C:\xampp\htdocs\chxn\app\Services\CompanyInfoService.php(19): CodeIgniter\Model->insert(Array)
#8 C:\xampp\htdocs\chxn\app\Controllers\CompanyController.php(89): App\Services\CompanyInfoService->insertdata(Array)
#9 C:\xampp\htdocs\chxn\system\CodeIgniter.php(832): App\Controllers\CompanyController->insertcompany()
#10 C:\xampp\htdocs\chxn\system\CodeIgniter.php(419): CodeIgniter\CodeIgniter->runController(Object(App\Controllers\CompanyController))
#11 C:\xampp\htdocs\chxn\system\CodeIgniter.php(326): CodeIgniter\CodeIgniter->handleRequest(NULL, Object(Config\Cache), false)
#12 C:\xampp\htdocs\chxn\public\index.php(37): CodeIgniter\CodeIgniter->run()
#13 C:\xampp\htdocs\chxn\system\Commands\Server\rewrite.php(43): require_once('C:\\xampp\\htdocs...')
#14 {main}
ERROR - 2022-07-12 08:46:56 --> Column 'province' cannot be null
CRITICAL - 2022-07-12 08:46:56 --> Column 'province' cannot be null
#0 C:\xampp\htdocs\chxn\system\Database\MySQLi\Connection.php(292): mysqli->query('INSERT INTO `co...', 0)
#1 C:\xampp\htdocs\chxn\system\Database\BaseConnection.php(670): CodeIgniter\Database\MySQLi\Connection->execute('INSERT INTO `co...')
#2 C:\xampp\htdocs\chxn\system\Database\BaseConnection.php(598): CodeIgniter\Database\BaseConnection->simpleQuery('INSERT INTO `co...')
#3 C:\xampp\htdocs\chxn\system\Database\BaseBuilder.php(1771): CodeIgniter\Database\BaseConnection->query('INSERT INTO `co...', Array, false)
#4 C:\xampp\htdocs\chxn\system\Model.php(239): CodeIgniter\Database\BaseBuilder->insert()
#5 C:\xampp\htdocs\chxn\system\BaseModel.php(738): CodeIgniter\Model->doInsert(Array)
#6 C:\xampp\htdocs\chxn\system\Model.php(625): CodeIgniter\BaseModel->insert(Array, true)
#7 C:\xampp\htdocs\chxn\app\Services\CompanyInfoService.php(19): CodeIgniter\Model->insert(Array)
#8 C:\xampp\htdocs\chxn\app\Controllers\CompanyController.php(89): App\Services\CompanyInfoService->insertdata(Array)
#9 C:\xampp\htdocs\chxn\system\CodeIgniter.php(832): App\Controllers\CompanyController->insertcompany()
#10 C:\xampp\htdocs\chxn\system\CodeIgniter.php(419): CodeIgniter\CodeIgniter->runController(Object(App\Controllers\CompanyController))
#11 C:\xampp\htdocs\chxn\system\CodeIgniter.php(326): CodeIgniter\CodeIgniter->handleRequest(NULL, Object(Config\Cache), false)
#12 C:\xampp\htdocs\chxn\public\index.php(37): CodeIgniter\CodeIgniter->run()
#13 C:\xampp\htdocs\chxn\system\Commands\Server\rewrite.php(43): require_once('C:\\xampp\\htdocs...')
#14 {main}
ERROR - 2022-07-12 08:47:07 --> Column 'province' cannot be null
CRITICAL - 2022-07-12 08:47:07 --> Column 'province' cannot be null
#0 C:\xampp\htdocs\chxn\system\Database\MySQLi\Connection.php(292): mysqli->query('INSERT INTO `co...', 0)
#1 C:\xampp\htdocs\chxn\system\Database\BaseConnection.php(670): CodeIgniter\Database\MySQLi\Connection->execute('INSERT INTO `co...')
#2 C:\xampp\htdocs\chxn\system\Database\BaseConnection.php(598): CodeIgniter\Database\BaseConnection->simpleQuery('INSERT INTO `co...')
#3 C:\xampp\htdocs\chxn\system\Database\BaseBuilder.php(1771): CodeIgniter\Database\BaseConnection->query('INSERT INTO `co...', Array, false)
#4 C:\xampp\htdocs\chxn\system\Model.php(239): CodeIgniter\Database\BaseBuilder->insert()
#5 C:\xampp\htdocs\chxn\system\BaseModel.php(738): CodeIgniter\Model->doInsert(Array)
#6 C:\xampp\htdocs\chxn\system\Model.php(625): CodeIgniter\BaseModel->insert(Array, true)
#7 C:\xampp\htdocs\chxn\app\Services\CompanyInfoService.php(19): CodeIgniter\Model->insert(Array)
#8 C:\xampp\htdocs\chxn\app\Controllers\CompanyController.php(89): App\Services\CompanyInfoService->insertdata(Array)
#9 C:\xampp\htdocs\chxn\system\CodeIgniter.php(832): App\Controllers\CompanyController->insertcompany()
#10 C:\xampp\htdocs\chxn\system\CodeIgniter.php(419): CodeIgniter\CodeIgniter->runController(Object(App\Controllers\CompanyController))
#11 C:\xampp\htdocs\chxn\system\CodeIgniter.php(326): CodeIgniter\CodeIgniter->handleRequest(NULL, Object(Config\Cache), false)
#12 C:\xampp\htdocs\chxn\public\index.php(37): CodeIgniter\CodeIgniter->run()
#13 C:\xampp\htdocs\chxn\system\Commands\Server\rewrite.php(43): require_once('C:\\xampp\\htdocs...')
#14 {main}
ERROR - 2022-07-12 08:47:14 --> Column 'province' cannot be null
CRITICAL - 2022-07-12 08:47:14 --> Column 'province' cannot be null
#0 C:\xampp\htdocs\chxn\system\Database\MySQLi\Connection.php(292): mysqli->query('INSERT INTO `co...', 0)
#1 C:\xampp\htdocs\chxn\system\Database\BaseConnection.php(670): CodeIgniter\Database\MySQLi\Connection->execute('INSERT INTO `co...')
#2 C:\xampp\htdocs\chxn\system\Database\BaseConnection.php(598): CodeIgniter\Database\BaseConnection->simpleQuery('INSERT INTO `co...')
#3 C:\xampp\htdocs\chxn\system\Database\BaseBuilder.php(1771): CodeIgniter\Database\BaseConnection->query('INSERT INTO `co...', Array, false)
#4 C:\xampp\htdocs\chxn\system\Model.php(239): CodeIgniter\Database\BaseBuilder->insert()
#5 C:\xampp\htdocs\chxn\system\BaseModel.php(738): CodeIgniter\Model->doInsert(Array)
#6 C:\xampp\htdocs\chxn\system\Model.php(625): CodeIgniter\BaseModel->insert(Array, true)
#7 C:\xampp\htdocs\chxn\app\Services\CompanyInfoService.php(19): CodeIgniter\Model->insert(Array)
#8 C:\xampp\htdocs\chxn\app\Controllers\CompanyController.php(89): App\Services\CompanyInfoService->insertdata(Array)
#9 C:\xampp\htdocs\chxn\system\CodeIgniter.php(832): App\Controllers\CompanyController->insertcompany()
#10 C:\xampp\htdocs\chxn\system\CodeIgniter.php(419): CodeIgniter\CodeIgniter->runController(Object(App\Controllers\CompanyController))
#11 C:\xampp\htdocs\chxn\system\CodeIgniter.php(326): CodeIgniter\CodeIgniter->handleRequest(NULL, Object(Config\Cache), false)
#12 C:\xampp\htdocs\chxn\public\index.php(37): CodeIgniter\CodeIgniter->run()
#13 C:\xampp\htdocs\chxn\system\Commands\Server\rewrite.php(43): require_once('C:\\xampp\\htdocs...')
#14 {main}
CRITICAL - 2022-07-12 08:58:38 --> view(): Argument #2 ($data) must be of type array, null given, called in C:\xampp\htdocs\chxn\app\Controllers\ProfileController.php on line 15
#0 C:\xampp\htdocs\chxn\app\Controllers\ProfileController.php(15): view('profile', NULL)
#1 C:\xampp\htdocs\chxn\system\CodeIgniter.php(832): App\Controllers\ProfileController->index()
#2 C:\xampp\htdocs\chxn\system\CodeIgniter.php(419): CodeIgniter\CodeIgniter->runController(Object(App\Controllers\ProfileController))
#3 C:\xampp\htdocs\chxn\system\CodeIgniter.php(326): CodeIgniter\CodeIgniter->handleRequest(NULL, Object(Config\Cache), false)
#4 C:\xampp\htdocs\chxn\public\index.php(37): CodeIgniter\CodeIgniter->run()
#5 C:\xampp\htdocs\chxn\system\Commands\Server\rewrite.php(43): require_once('C:\\xampp\\htdocs...')
#6 {main}
CRITICAL - 2022-07-12 09:12:13 --> view(): Argument #2 ($data) must be of type array, null given, called in C:\xampp\htdocs\chxn\app\Controllers\ProfileController.php on line 15
#0 C:\xampp\htdocs\chxn\app\Controllers\ProfileController.php(15): view('profile', NULL)
#1 C:\xampp\htdocs\chxn\system\CodeIgniter.php(832): App\Controllers\ProfileController->index()
#2 C:\xampp\htdocs\chxn\system\CodeIgniter.php(419): CodeIgniter\CodeIgniter->runController(Object(App\Controllers\ProfileController))
#3 C:\xampp\htdocs\chxn\system\CodeIgniter.php(326): CodeIgniter\CodeIgniter->handleRequest(NULL, Object(Config\Cache), false)
#4 C:\xampp\htdocs\chxn\public\index.php(37): CodeIgniter\CodeIgniter->run()
#5 C:\xampp\htdocs\chxn\system\Commands\Server\rewrite.php(43): require_once('C:\\xampp\\htdocs...')
#6 {main}
CRITICAL - 2022-07-12 09:15:33 --> Object of class App\Services\ProfileService could not be converted to string
#0 C:\xampp\htdocs\chxn\system\CodeIgniter.php(832): App\Controllers\ProfileController->index()
#1 C:\xampp\htdocs\chxn\system\CodeIgniter.php(419): CodeIgniter\CodeIgniter->runController(Object(App\Controllers\ProfileController))
#2 C:\xampp\htdocs\chxn\system\CodeIgniter.php(326): CodeIgniter\CodeIgniter->handleRequest(NULL, Object(Config\Cache), false)
#3 C:\xampp\htdocs\chxn\public\index.php(37): CodeIgniter\CodeIgniter->run()
#4 C:\xampp\htdocs\chxn\system\Commands\Server\rewrite.php(43): require_once('C:\\xampp\\htdocs...')
#5 {main}
CRITICAL - 2022-07-12 09:18:30 --> Undefined variable $data
#0 C:\xampp\htdocs\chxn\app\Views\profile.php(427): CodeIgniter\Debug\Exceptions->errorHandler(2, 'Undefined varia...', 'C:\\xampp\\htdocs...', 427)
#1 C:\xampp\htdocs\chxn\system\View\View.php(210): include('C:\\xampp\\htdocs...')
#2 C:\xampp\htdocs\chxn\system\View\View.php(213): CodeIgniter\View\View->CodeIgniter\View\{closure}()
#3 C:\xampp\htdocs\chxn\system\Common.php(1089): CodeIgniter\View\View->render('profile', Array, true)
#4 C:\xampp\htdocs\chxn\app\Controllers\ProfileController.php(18): view('profile', Array)
#5 C:\xampp\htdocs\chxn\system\CodeIgniter.php(832): App\Controllers\ProfileController->index()
#6 C:\xampp\htdocs\chxn\system\CodeIgniter.php(419): CodeIgniter\CodeIgniter->runController(Object(App\Controllers\ProfileController))
#7 C:\xampp\htdocs\chxn\system\CodeIgniter.php(326): CodeIgniter\CodeIgniter->handleRequest(NULL, Object(Config\Cache), false)
#8 C:\xampp\htdocs\chxn\public\index.php(37): CodeIgniter\CodeIgniter->run()
#9 C:\xampp\htdocs\chxn\system\Commands\Server\rewrite.php(43): require_once('C:\\xampp\\htdocs...')
#10 {main}
CRITICAL - 2022-07-12 09:18:56 --> Array to string conversion
#0 C:\xampp\htdocs\chxn\app\Views\profile.php(427): CodeIgniter\Debug\Exceptions->errorHandler(2, 'Array to string...', 'C:\\xampp\\htdocs...', 427)
#1 C:\xampp\htdocs\chxn\system\View\View.php(210): include('C:\\xampp\\htdocs...')
#2 C:\xampp\htdocs\chxn\system\View\View.php(213): CodeIgniter\View\View->CodeIgniter\View\{closure}()
#3 C:\xampp\htdocs\chxn\system\Common.php(1089): CodeIgniter\View\View->render('profile', Array, true)
#4 C:\xampp\htdocs\chxn\app\Controllers\ProfileController.php(18): view('profile', Array)
#5 C:\xampp\htdocs\chxn\system\CodeIgniter.php(832): App\Controllers\ProfileController->index()
#6 C:\xampp\htdocs\chxn\system\CodeIgniter.php(419): CodeIgniter\CodeIgniter->runController(Object(App\Controllers\ProfileController))
#7 C:\xampp\htdocs\chxn\system\CodeIgniter.php(326): CodeIgniter\CodeIgniter->handleRequest(NULL, Object(Config\Cache), false)
#8 C:\xampp\htdocs\chxn\public\index.php(37): CodeIgniter\CodeIgniter->run()
#9 C:\xampp\htdocs\chxn\system\Commands\Server\rewrite.php(43): require_once('C:\\xampp\\htdocs...')
#10 {main}
CRITICAL - 2022-07-12 09:23:19 --> Attempt to read property "typebook" on string
#0 C:\xampp\htdocs\chxn\app\Views\profile.php(430): CodeIgniter\Debug\Exceptions->errorHandler(2, 'Attempt to read...', 'C:\\xampp\\htdocs...', 430)
#1 C:\xampp\htdocs\chxn\system\View\View.php(210): include('C:\\xampp\\htdocs...')
#2 C:\xampp\htdocs\chxn\system\View\View.php(213): CodeIgniter\View\View->CodeIgniter\View\{closure}()
#3 C:\xampp\htdocs\chxn\system\Common.php(1089): CodeIgniter\View\View->render('profile', Array, true)
#4 C:\xampp\htdocs\chxn\app\Controllers\ProfileController.php(19): view('profile', Array)
#5 C:\xampp\htdocs\chxn\system\CodeIgniter.php(832): App\Controllers\ProfileController->index()
#6 C:\xampp\htdocs\chxn\system\CodeIgniter.php(419): CodeIgniter\CodeIgniter->runController(Object(App\Controllers\ProfileController))
#7 C:\xampp\htdocs\chxn\system\CodeIgniter.php(326): CodeIgniter\CodeIgniter->handleRequest(NULL, Object(Config\Cache), false)
#8 C:\xampp\htdocs\chxn\public\index.php(37): CodeIgniter\CodeIgniter->run()
#9 C:\xampp\htdocs\chxn\system\Commands\Server\rewrite.php(43): require_once('C:\\xampp\\htdocs...')
#10 {main}
CRITICAL - 2022-07-12 09:25:27 --> json_decode(): Argument #1 ($json) must be of type string, array given
#0 C:\xampp\htdocs\chxn\app\Controllers\ProfileController.php(14): json_decode(Array)
#1 C:\xampp\htdocs\chxn\system\CodeIgniter.php(832): App\Controllers\ProfileController->index()
#2 C:\xampp\htdocs\chxn\system\CodeIgniter.php(419): CodeIgniter\CodeIgniter->runController(Object(App\Controllers\ProfileController))
#3 C:\xampp\htdocs\chxn\system\CodeIgniter.php(326): CodeIgniter\CodeIgniter->handleRequest(NULL, Object(Config\Cache), false)
#4 C:\xampp\htdocs\chxn\public\index.php(37): CodeIgniter\CodeIgniter->run()
#5 C:\xampp\htdocs\chxn\system\Commands\Server\rewrite.php(43): require_once('C:\\xampp\\htdocs...')
#6 {main}
CRITICAL - 2022-07-12 09:25:50 --> Array to string conversion
#0 C:\xampp\htdocs\chxn\app\Views\profile.php(430): CodeIgniter\Debug\Exceptions->errorHandler(2, 'Array to string...', 'C:\\xampp\\htdocs...', 430)
#1 C:\xampp\htdocs\chxn\system\View\View.php(210): include('C:\\xampp\\htdocs...')
#2 C:\xampp\htdocs\chxn\system\View\View.php(213): CodeIgniter\View\View->CodeIgniter\View\{closure}()
#3 C:\xampp\htdocs\chxn\system\Common.php(1089): CodeIgniter\View\View->render('profile', Array, true)
#4 C:\xampp\htdocs\chxn\app\Controllers\ProfileController.php(19): view('profile', Array)
#5 C:\xampp\htdocs\chxn\system\CodeIgniter.php(832): App\Controllers\ProfileController->index()
#6 C:\xampp\htdocs\chxn\system\CodeIgniter.php(419): CodeIgniter\CodeIgniter->runController(Object(App\Controllers\ProfileController))
#7 C:\xampp\htdocs\chxn\system\CodeIgniter.php(326): CodeIgniter\CodeIgniter->handleRequest(NULL, Object(Config\Cache), false)
#8 C:\xampp\htdocs\chxn\public\index.php(37): CodeIgniter\CodeIgniter->run()
#9 C:\xampp\htdocs\chxn\system\Commands\Server\rewrite.php(43): require_once('C:\\xampp\\htdocs...')
#10 {main}
CRITICAL - 2022-07-12 09:27:03 --> Object of class stdClass could not be converted to string
#0 C:\xampp\htdocs\chxn\system\View\View.php(210): include()
#1 C:\xampp\htdocs\chxn\system\View\View.php(213): CodeIgniter\View\View->CodeIgniter\View\{closure}()
#2 C:\xampp\htdocs\chxn\system\Common.php(1089): CodeIgniter\View\View->render('profile', Array, true)
#3 C:\xampp\htdocs\chxn\app\Controllers\ProfileController.php(19): view('profile', Array)
#4 C:\xampp\htdocs\chxn\system\CodeIgniter.php(832): App\Controllers\ProfileController->index()
#5 C:\xampp\htdocs\chxn\system\CodeIgniter.php(419): CodeIgniter\CodeIgniter->runController(Object(App\Controllers\ProfileController))
#6 C:\xampp\htdocs\chxn\system\CodeIgniter.php(326): CodeIgniter\CodeIgniter->handleRequest(NULL, Object(Config\Cache), false)
#7 C:\xampp\htdocs\chxn\public\index.php(37): CodeIgniter\CodeIgniter->run()
#8 C:\xampp\htdocs\chxn\system\Commands\Server\rewrite.php(43): require_once('C:\\xampp\\htdocs...')
#9 {main}
CRITICAL - 2022-07-12 09:28:01 --> count(): Argument #1 ($value) must be of type Countable|array, string given
#0 C:\xampp\htdocs\chxn\system\View\View.php(210): include()
#1 C:\xampp\htdocs\chxn\system\View\View.php(213): CodeIgniter\View\View->CodeIgniter\View\{closure}()
#2 C:\xampp\htdocs\chxn\system\Common.php(1089): CodeIgniter\View\View->render('profile', Array, true)
#3 C:\xampp\htdocs\chxn\app\Controllers\ProfileController.php(19): view('profile', Array)
#4 C:\xampp\htdocs\chxn\system\CodeIgniter.php(832): App\Controllers\ProfileController->index()
#5 C:\xampp\htdocs\chxn\system\CodeIgniter.php(419): CodeIgniter\CodeIgniter->runController(Object(App\Controllers\ProfileController))
#6 C:\xampp\htdocs\chxn\system\CodeIgniter.php(326): CodeIgniter\CodeIgniter->handleRequest(NULL, Object(Config\Cache), false)
#7 C:\xampp\htdocs\chxn\public\index.php(37): CodeIgniter\CodeIgniter->run()
#8 C:\xampp\htdocs\chxn\system\Commands\Server\rewrite.php(43): require_once('C:\\xampp\\htdocs...')
#9 {main}
CRITICAL - 2022-07-12 09:28:11 --> count(): Argument #1 ($value) must be of type Countable|array, string given
#0 C:\xampp\htdocs\chxn\system\View\View.php(210): include()
#1 C:\xampp\htdocs\chxn\system\View\View.php(213): CodeIgniter\View\View->CodeIgniter\View\{closure}()
#2 C:\xampp\htdocs\chxn\system\Common.php(1089): CodeIgniter\View\View->render('profile', Array, true)
#3 C:\xampp\htdocs\chxn\app\Controllers\ProfileController.php(19): view('profile', Array)
#4 C:\xampp\htdocs\chxn\system\CodeIgniter.php(832): App\Controllers\ProfileController->index()
#5 C:\xampp\htdocs\chxn\system\CodeIgniter.php(419): CodeIgniter\CodeIgniter->runController(Object(App\Controllers\ProfileController))
#6 C:\xampp\htdocs\chxn\system\CodeIgniter.php(326): CodeIgniter\CodeIgniter->handleRequest(NULL, Object(Config\Cache), false)
#7 C:\xampp\htdocs\chxn\public\index.php(37): CodeIgniter\CodeIgniter->run()
#8 C:\xampp\htdocs\chxn\system\Commands\Server\rewrite.php(43): require_once('C:\\xampp\\htdocs...')
#9 {main}
CRITICAL - 2022-07-12 09:28:16 --> count(): Argument #1 ($value) must be of type Countable|array, string given
#0 C:\xampp\htdocs\chxn\system\View\View.php(210): include()
#1 C:\xampp\htdocs\chxn\system\View\View.php(213): CodeIgniter\View\View->CodeIgniter\View\{closure}()
#2 C:\xampp\htdocs\chxn\system\Common.php(1089): CodeIgniter\View\View->render('profile', Array, true)
#3 C:\xampp\htdocs\chxn\app\Controllers\ProfileController.php(19): view('profile', Array)
#4 C:\xampp\htdocs\chxn\system\CodeIgniter.php(832): App\Controllers\ProfileController->index()
#5 C:\xampp\htdocs\chxn\system\CodeIgniter.php(419): CodeIgniter\CodeIgniter->runController(Object(App\Controllers\ProfileController))
#6 C:\xampp\htdocs\chxn\system\CodeIgniter.php(326): CodeIgniter\CodeIgniter->handleRequest(NULL, Object(Config\Cache), false)
#7 C:\xampp\htdocs\chxn\public\index.php(37): CodeIgniter\CodeIgniter->run()
#8 C:\xampp\htdocs\chxn\system\Commands\Server\rewrite.php(43): require_once('C:\\xampp\\htdocs...')
#9 {main}
CRITICAL - 2022-07-12 09:28:29 --> count(): Argument #1 ($value) must be of type Countable|array, string given
#0 C:\xampp\htdocs\chxn\system\View\View.php(210): include()
#1 C:\xampp\htdocs\chxn\system\View\View.php(213): CodeIgniter\View\View->CodeIgniter\View\{closure}()
#2 C:\xampp\htdocs\chxn\system\Common.php(1089): CodeIgniter\View\View->render('profile', Array, true)
#3 C:\xampp\htdocs\chxn\app\Controllers\ProfileController.php(19): view('profile', Array)
#4 C:\xampp\htdocs\chxn\system\CodeIgniter.php(832): App\Controllers\ProfileController->index()
#5 C:\xampp\htdocs\chxn\system\CodeIgniter.php(419): CodeIgniter\CodeIgniter->runController(Object(App\Controllers\ProfileController))
#6 C:\xampp\htdocs\chxn\system\CodeIgniter.php(326): CodeIgniter\CodeIgniter->handleRequest(NULL, Object(Config\Cache), false)
#7 C:\xampp\htdocs\chxn\public\index.php(37): CodeIgniter\CodeIgniter->run()
#8 C:\xampp\htdocs\chxn\system\Commands\Server\rewrite.php(43): require_once('C:\\xampp\\htdocs...')
#9 {main}
CRITICAL - 2022-07-12 09:29:19 --> Undefined variable $book_info
#0 C:\xampp\htdocs\chxn\app\Views\profile.php(431): CodeIgniter\Debug\Exceptions->errorHandler(2, 'Undefined varia...', 'C:\\xampp\\htdocs...', 431)
#1 C:\xampp\htdocs\chxn\system\View\View.php(210): include('C:\\xampp\\htdocs...')
#2 C:\xampp\htdocs\chxn\system\View\View.php(213): CodeIgniter\View\View->CodeIgniter\View\{closure}()
#3 C:\xampp\htdocs\chxn\system\Common.php(1089): CodeIgniter\View\View->render('profile', Array, true)
#4 C:\xampp\htdocs\chxn\app\Controllers\ProfileController.php(19): view('profile', Array)
#5 C:\xampp\htdocs\chxn\system\CodeIgniter.php(832): App\Controllers\ProfileController->index()
#6 C:\xampp\htdocs\chxn\system\CodeIgniter.php(419): CodeIgniter\CodeIgniter->runController(Object(App\Controllers\ProfileController))
#7 C:\xampp\htdocs\chxn\system\CodeIgniter.php(326): CodeIgniter\CodeIgniter->handleRequest(NULL, Object(Config\Cache), false)
#8 C:\xampp\htdocs\chxn\public\index.php(37): CodeIgniter\CodeIgniter->run()
#9 C:\xampp\htdocs\chxn\system\Commands\Server\rewrite.php(43): require_once('C:\\xampp\\htdocs...')
#10 {main}
CRITICAL - 2022-07-12 09:29:35 --> Array to string conversion
#0 C:\xampp\htdocs\chxn\app\Views\profile.php(431): CodeIgniter\Debug\Exceptions->errorHandler(2, 'Array to string...', 'C:\\xampp\\htdocs...', 431)
#1 C:\xampp\htdocs\chxn\system\View\View.php(210): include('C:\\xampp\\htdocs...')
#2 C:\xampp\htdocs\chxn\system\View\View.php(213): CodeIgniter\View\View->CodeIgniter\View\{closure}()
#3 C:\xampp\htdocs\chxn\system\Common.php(1089): CodeIgniter\View\View->render('profile', Array, true)
#4 C:\xampp\htdocs\chxn\app\Controllers\ProfileController.php(19): view('profile', Array)
#5 C:\xampp\htdocs\chxn\system\CodeIgniter.php(832): App\Controllers\ProfileController->index()
#6 C:\xampp\htdocs\chxn\system\CodeIgniter.php(419): CodeIgniter\CodeIgniter->runController(Object(App\Controllers\ProfileController))
#7 C:\xampp\htdocs\chxn\system\CodeIgniter.php(326): CodeIgniter\CodeIgniter->handleRequest(NULL, Object(Config\Cache), false)
#8 C:\xampp\htdocs\chxn\public\index.php(37): CodeIgniter\CodeIgniter->run()
#9 C:\xampp\htdocs\chxn\system\Commands\Server\rewrite.php(43): require_once('C:\\xampp\\htdocs...')
#10 {main}
CRITICAL - 2022-07-12 09:30:04 --> Undefined variable $book_info
#0 C:\xampp\htdocs\chxn\app\Views\profile.php(431): CodeIgniter\Debug\Exceptions->errorHandler(2, 'Undefined varia...', 'C:\\xampp\\htdocs...', 431)
#1 C:\xampp\htdocs\chxn\system\View\View.php(210): include('C:\\xampp\\htdocs...')
#2 C:\xampp\htdocs\chxn\system\View\View.php(213): CodeIgniter\View\View->CodeIgniter\View\{closure}()
#3 C:\xampp\htdocs\chxn\system\Common.php(1089): CodeIgniter\View\View->render('profile', Array, true)
#4 C:\xampp\htdocs\chxn\app\Controllers\ProfileController.php(19): view('profile', Array)
#5 C:\xampp\htdocs\chxn\system\CodeIgniter.php(832): App\Controllers\ProfileController->index()
#6 C:\xampp\htdocs\chxn\system\CodeIgniter.php(419): CodeIgniter\CodeIgniter->runController(Object(App\Controllers\ProfileController))
#7 C:\xampp\htdocs\chxn\system\CodeIgniter.php(326): CodeIgniter\CodeIgniter->handleRequest(NULL, Object(Config\Cache), false)
#8 C:\xampp\htdocs\chxn\public\index.php(37): CodeIgniter\CodeIgniter->run()
#9 C:\xampp\htdocs\chxn\system\Commands\Server\rewrite.php(43): require_once('C:\\xampp\\htdocs...')
#10 {main}
CRITICAL - 2022-07-12 09:36:58 --> json_decode(): Argument #1 ($json) must be of type string, array given
#0 C:\xampp\htdocs\chxn\app\Controllers\ProfileController.php(14): json_decode(Array)
#1 C:\xampp\htdocs\chxn\system\CodeIgniter.php(832): App\Controllers\ProfileController->index()
#2 C:\xampp\htdocs\chxn\system\CodeIgniter.php(419): CodeIgniter\CodeIgniter->runController(Object(App\Controllers\ProfileController))
#3 C:\xampp\htdocs\chxn\system\CodeIgniter.php(326): CodeIgniter\CodeIgniter->handleRequest(NULL, Object(Config\Cache), false)
#4 C:\xampp\htdocs\chxn\public\index.php(37): CodeIgniter\CodeIgniter->run()
#5 C:\xampp\htdocs\chxn\system\Commands\Server\rewrite.php(43): require_once('C:\\xampp\\htdocs...')
#6 {main}
CRITICAL - 2022-07-12 09:37:12 --> json_decode(): Argument #1 ($json) must be of type string, array given
#0 C:\xampp\htdocs\chxn\app\Controllers\ProfileController.php(14): json_decode(Array)
#1 C:\xampp\htdocs\chxn\system\CodeIgniter.php(832): App\Controllers\ProfileController->index()
#2 C:\xampp\htdocs\chxn\system\CodeIgniter.php(419): CodeIgniter\CodeIgniter->runController(Object(App\Controllers\ProfileController))
#3 C:\xampp\htdocs\chxn\system\CodeIgniter.php(326): CodeIgniter\CodeIgniter->handleRequest(NULL, Object(Config\Cache), false)
#4 C:\xampp\htdocs\chxn\public\index.php(37): CodeIgniter\CodeIgniter->run()
#5 C:\xampp\htdocs\chxn\system\Commands\Server\rewrite.php(43): require_once('C:\\xampp\\htdocs...')
#6 {main}
CRITICAL - 2022-07-12 09:39:10 --> Object of class stdClass could not be converted to string
#0 C:\xampp\htdocs\chxn\system\View\View.php(210): include()
#1 C:\xampp\htdocs\chxn\system\View\View.php(213): CodeIgniter\View\View->CodeIgniter\View\{closure}()
#2 C:\xampp\htdocs\chxn\system\Common.php(1089): CodeIgniter\View\View->render('profile', Array, true)
#3 C:\xampp\htdocs\chxn\app\Controllers\ProfileController.php(19): view('profile', Array)
#4 C:\xampp\htdocs\chxn\system\CodeIgniter.php(832): App\Controllers\ProfileController->index()
#5 C:\xampp\htdocs\chxn\system\CodeIgniter.php(419): CodeIgniter\CodeIgniter->runController(Object(App\Controllers\ProfileController))
#6 C:\xampp\htdocs\chxn\system\CodeIgniter.php(326): CodeIgniter\CodeIgniter->handleRequest(NULL, Object(Config\Cache), false)
#7 C:\xampp\htdocs\chxn\public\index.php(37): CodeIgniter\CodeIgniter->run()
#8 C:\xampp\htdocs\chxn\system\Commands\Server\rewrite.php(43): require_once('C:\\xampp\\htdocs...')
#9 {main}
CRITICAL - 2022-07-12 09:40:45 --> Undefined array key "book_info"
#0 C:\xampp\htdocs\chxn\app\Views\profile.php(430): CodeIgniter\Debug\Exceptions->errorHandler(2, 'Undefined array...', 'C:\\xampp\\htdocs...', 430)
#1 C:\xampp\htdocs\chxn\system\View\View.php(210): include('C:\\xampp\\htdocs...')
#2 C:\xampp\htdocs\chxn\system\View\View.php(213): CodeIgniter\View\View->CodeIgniter\View\{closure}()
#3 C:\xampp\htdocs\chxn\system\Common.php(1089): CodeIgniter\View\View->render('profile', Array, true)
#4 C:\xampp\htdocs\chxn\app\Controllers\ProfileController.php(19): view('profile', Array)
#5 C:\xampp\htdocs\chxn\system\CodeIgniter.php(832): App\Controllers\ProfileController->index()
#6 C:\xampp\htdocs\chxn\system\CodeIgniter.php(419): CodeIgniter\CodeIgniter->runController(Object(App\Controllers\ProfileController))
#7 C:\xampp\htdocs\chxn\system\CodeIgniter.php(326): CodeIgniter\CodeIgniter->handleRequest(NULL, Object(Config\Cache), false)
#8 C:\xampp\htdocs\chxn\public\index.php(37): CodeIgniter\CodeIgniter->run()
#9 C:\xampp\htdocs\chxn\system\Commands\Server\rewrite.php(43): require_once('C:\\xampp\\htdocs...')
#10 {main}
CRITICAL - 2022-07-12 09:45:22 --> Undefined array key "bank"
#0 C:\xampp\htdocs\chxn\app\Views\profile.php(433): CodeIgniter\Debug\Exceptions->errorHandler(2, 'Undefined array...', 'C:\\xampp\\htdocs...', 433)
#1 C:\xampp\htdocs\chxn\system\View\View.php(210): include('C:\\xampp\\htdocs...')
#2 C:\xampp\htdocs\chxn\system\View\View.php(213): CodeIgniter\View\View->CodeIgniter\View\{closure}()
#3 C:\xampp\htdocs\chxn\system\Common.php(1089): CodeIgniter\View\View->render('profile', Array, true)
#4 C:\xampp\htdocs\chxn\app\Controllers\ProfileController.php(19): view('profile', Array)
#5 C:\xampp\htdocs\chxn\system\CodeIgniter.php(832): App\Controllers\ProfileController->index()
#6 C:\xampp\htdocs\chxn\system\CodeIgniter.php(419): CodeIgniter\CodeIgniter->runController(Object(App\Controllers\ProfileController))
#7 C:\xampp\htdocs\chxn\system\CodeIgniter.php(326): CodeIgniter\CodeIgniter->handleRequest(NULL, Object(Config\Cache), false)
#8 C:\xampp\htdocs\chxn\public\index.php(37): CodeIgniter\CodeIgniter->run()
#9 C:\xampp\htdocs\chxn\system\Commands\Server\rewrite.php(43): require_once('C:\\xampp\\htdocs...')
#10 {main}
CRITICAL - 2022-07-12 09:59:58 --> Undefined variable $bank_info
#0 C:\xampp\htdocs\chxn\app\Views\profile.php(437): CodeIgniter\Debug\Exceptions->errorHandler(2, 'Undefined varia...', 'C:\\xampp\\htdocs...', 437)
#1 C:\xampp\htdocs\chxn\system\View\View.php(210): include('C:\\xampp\\htdocs...')
#2 C:\xampp\htdocs\chxn\system\View\View.php(213): CodeIgniter\View\View->CodeIgniter\View\{closure}()
#3 C:\xampp\htdocs\chxn\system\Common.php(1089): CodeIgniter\View\View->render('profile', Array, true)
#4 C:\xampp\htdocs\chxn\app\Controllers\ProfileController.php(19): view('profile', Array)
#5 C:\xampp\htdocs\chxn\system\CodeIgniter.php(832): App\Controllers\ProfileController->index()
#6 C:\xampp\htdocs\chxn\system\CodeIgniter.php(419): CodeIgniter\CodeIgniter->runController(Object(App\Controllers\ProfileController))
#7 C:\xampp\htdocs\chxn\system\CodeIgniter.php(326): CodeIgniter\CodeIgniter->handleRequest(NULL, Object(Config\Cache), false)
#8 C:\xampp\htdocs\chxn\public\index.php(37): CodeIgniter\CodeIgniter->run()
#9 C:\xampp\htdocs\chxn\system\Commands\Server\rewrite.php(43): require_once('C:\\xampp\\htdocs...')
#10 {main}
CRITICAL - 2022-07-12 10:01:18 --> Undefined variable $bank_info
#0 C:\xampp\htdocs\chxn\app\Views\profile.php(437): CodeIgniter\Debug\Exceptions->errorHandler(2, 'Undefined varia...', 'C:\\xampp\\htdocs...', 437)
#1 C:\xampp\htdocs\chxn\system\View\View.php(210): include('C:\\xampp\\htdocs...')
#2 C:\xampp\htdocs\chxn\system\View\View.php(213): CodeIgniter\View\View->CodeIgniter\View\{closure}()
#3 C:\xampp\htdocs\chxn\system\Common.php(1089): CodeIgniter\View\View->render('profile', Array, true)
#4 C:\xampp\htdocs\chxn\app\Controllers\ProfileController.php(19): view('profile', Array)
#5 C:\xampp\htdocs\chxn\system\CodeIgniter.php(832): App\Controllers\ProfileController->index()
#6 C:\xampp\htdocs\chxn\system\CodeIgniter.php(419): CodeIgniter\CodeIgniter->runController(Object(App\Controllers\ProfileController))
#7 C:\xampp\htdocs\chxn\system\CodeIgniter.php(326): CodeIgniter\CodeIgniter->handleRequest(NULL, Object(Config\Cache), false)
#8 C:\xampp\htdocs\chxn\public\index.php(37): CodeIgniter\CodeIgniter->run()
#9 C:\xampp\htdocs\chxn\system\Commands\Server\rewrite.php(43): require_once('C:\\xampp\\htdocs...')
#10 {main}
CRITICAL - 2022-07-12 10:02:05 --> Undefined variable $item
#0 C:\xampp\htdocs\chxn\app\Views\profile.php(437): CodeIgniter\Debug\Exceptions->errorHandler(2, 'Undefined varia...', 'C:\\xampp\\htdocs...', 437)
#1 C:\xampp\htdocs\chxn\system\View\View.php(210): include('C:\\xampp\\htdocs...')
#2 C:\xampp\htdocs\chxn\system\View\View.php(213): CodeIgniter\View\View->CodeIgniter\View\{closure}()
#3 C:\xampp\htdocs\chxn\system\Common.php(1089): CodeIgniter\View\View->render('profile', Array, true)
#4 C:\xampp\htdocs\chxn\app\Controllers\ProfileController.php(19): view('profile', Array)
#5 C:\xampp\htdocs\chxn\system\CodeIgniter.php(832): App\Controllers\ProfileController->index()
#6 C:\xampp\htdocs\chxn\system\CodeIgniter.php(419): CodeIgniter\CodeIgniter->runController(Object(App\Controllers\ProfileController))
#7 C:\xampp\htdocs\chxn\system\CodeIgniter.php(326): CodeIgniter\CodeIgniter->handleRequest(NULL, Object(Config\Cache), false)
#8 C:\xampp\htdocs\chxn\public\index.php(37): CodeIgniter\CodeIgniter->run()
#9 C:\xampp\htdocs\chxn\system\Commands\Server\rewrite.php(43): require_once('C:\\xampp\\htdocs...')
#10 {main}
CRITICAL - 2022-07-12 10:03:12 --> Undefined variable $bank_info
#0 C:\xampp\htdocs\chxn\app\Views\profile.php(437): CodeIgniter\Debug\Exceptions->errorHandler(2, 'Undefined varia...', 'C:\\xampp\\htdocs...', 437)
#1 C:\xampp\htdocs\chxn\system\View\View.php(210): include('C:\\xampp\\htdocs...')
#2 C:\xampp\htdocs\chxn\system\View\View.php(213): CodeIgniter\View\View->CodeIgniter\View\{closure}()
#3 C:\xampp\htdocs\chxn\system\Common.php(1089): CodeIgniter\View\View->render('profile', Array, true)
#4 C:\xampp\htdocs\chxn\app\Controllers\ProfileController.php(19): view('profile', Array)
#5 C:\xampp\htdocs\chxn\system\CodeIgniter.php(832): App\Controllers\ProfileController->index()
#6 C:\xampp\htdocs\chxn\system\CodeIgniter.php(419): CodeIgniter\CodeIgniter->runController(Object(App\Controllers\ProfileController))
#7 C:\xampp\htdocs\chxn\system\CodeIgniter.php(326): CodeIgniter\CodeIgniter->handleRequest(NULL, Object(Config\Cache), false)
#8 C:\xampp\htdocs\chxn\public\index.php(37): CodeIgniter\CodeIgniter->run()
#9 C:\xampp\htdocs\chxn\system\Commands\Server\rewrite.php(43): require_once('C:\\xampp\\htdocs...')
#10 {main}
CRITICAL - 2022-07-12 10:04:39 --> count(): Argument #1 ($value) must be of type Countable|array, null given
#0 C:\xampp\htdocs\chxn\system\View\View.php(210): include()
#1 C:\xampp\htdocs\chxn\system\View\View.php(213): CodeIgniter\View\View->CodeIgniter\View\{closure}()
#2 C:\xampp\htdocs\chxn\system\Common.php(1089): CodeIgniter\View\View->render('profile', Array, true)
#3 C:\xampp\htdocs\chxn\app\Controllers\ProfileController.php(19): view('profile', Array)
#4 C:\xampp\htdocs\chxn\system\CodeIgniter.php(832): App\Controllers\ProfileController->index()
#5 C:\xampp\htdocs\chxn\system\CodeIgniter.php(419): CodeIgniter\CodeIgniter->runController(Object(App\Controllers\ProfileController))
#6 C:\xampp\htdocs\chxn\system\CodeIgniter.php(326): CodeIgniter\CodeIgniter->handleRequest(NULL, Object(Config\Cache), false)
#7 C:\xampp\htdocs\chxn\public\index.php(37): CodeIgniter\CodeIgniter->run()
#8 C:\xampp\htdocs\chxn\system\Commands\Server\rewrite.php(43): require_once('C:\\xampp\\htdocs...')
#9 {main}
CRITICAL - 2022-07-12 10:05:26 --> count(): Argument #1 ($value) must be of type Countable|array, null given
#0 C:\xampp\htdocs\chxn\system\View\View.php(210): include()
#1 C:\xampp\htdocs\chxn\system\View\View.php(213): CodeIgniter\View\View->CodeIgniter\View\{closure}()
#2 C:\xampp\htdocs\chxn\system\Common.php(1089): CodeIgniter\View\View->render('profile', Array, true)
#3 C:\xampp\htdocs\chxn\app\Controllers\ProfileController.php(19): view('profile', Array)
#4 C:\xampp\htdocs\chxn\system\CodeIgniter.php(832): App\Controllers\ProfileController->index()
#5 C:\xampp\htdocs\chxn\system\CodeIgniter.php(419): CodeIgniter\CodeIgniter->runController(Object(App\Controllers\ProfileController))
#6 C:\xampp\htdocs\chxn\system\CodeIgniter.php(326): CodeIgniter\CodeIgniter->handleRequest(NULL, Object(Config\Cache), false)
#7 C:\xampp\htdocs\chxn\public\index.php(37): CodeIgniter\CodeIgniter->run()
#8 C:\xampp\htdocs\chxn\system\Commands\Server\rewrite.php(43): require_once('C:\\xampp\\htdocs...')
#9 {main}
CRITICAL - 2022-07-12 10:06:09 --> Undefined property: stdClass::$bank_info
#0 C:\xampp\htdocs\chxn\app\Views\profile.php(438): CodeIgniter\Debug\Exceptions->errorHandler(2, 'Undefined prope...', 'C:\\xampp\\htdocs...', 438)
#1 C:\xampp\htdocs\chxn\system\View\View.php(210): include('C:\\xampp\\htdocs...')
#2 C:\xampp\htdocs\chxn\system\View\View.php(213): CodeIgniter\View\View->CodeIgniter\View\{closure}()
#3 C:\xampp\htdocs\chxn\system\Common.php(1089): CodeIgniter\View\View->render('profile', Array, true)
#4 C:\xampp\htdocs\chxn\app\Controllers\ProfileController.php(19): view('profile', Array)
#5 C:\xampp\htdocs\chxn\system\CodeIgniter.php(832): App\Controllers\ProfileController->index()
#6 C:\xampp\htdocs\chxn\system\CodeIgniter.php(419): CodeIgniter\CodeIgniter->runController(Object(App\Controllers\ProfileController))
#7 C:\xampp\htdocs\chxn\system\CodeIgniter.php(326): CodeIgniter\CodeIgniter->handleRequest(NULL, Object(Config\Cache), false)
#8 C:\xampp\htdocs\chxn\public\index.php(37): CodeIgniter\CodeIgniter->run()
#9 C:\xampp\htdocs\chxn\system\Commands\Server\rewrite.php(43): require_once('C:\\xampp\\htdocs...')
#10 {main}
