CRITICAL - 2022-05-14 07:15:01 --> Invalid file: productstone.php
#0 C:\xampp\htdocs\chxn\system\View\View.php(198): CodeIgniter\Exceptions\FrameworkException::forInvalidFile('productstone.ph...')
#1 C:\xampp\htdocs\chxn\system\Common.php(1089): CodeIgniter\View\View->render('productstone', Array, true)
#2 C:\xampp\htdocs\chxn\app\Controllers\Home.php(98): view('productstone')
#3 C:\xampp\htdocs\chxn\system\CodeIgniter.php(832): App\Controllers\Home->productstone()
#4 C:\xampp\htdocs\chxn\system\CodeIgniter.php(419): CodeIgniter\CodeIgniter->runController(Object(App\Controllers\Home))
#5 C:\xampp\htdocs\chxn\system\CodeIgniter.php(326): CodeIgniter\CodeIgniter->handleRequest(NULL, Object(Config\Cache), false)
#6 C:\xampp\htdocs\chxn\public\index.php(37): CodeIgniter\CodeIgniter->run()
#7 C:\xampp\htdocs\chxn\system\Commands\Server\rewrite.php(43): require_once('C:\\xampp\\htdocs...')
#8 {main}
CRITICAL - 2022-05-14 08:36:37 --> Invalid file: productjewelrye.php
#0 C:\xampp\htdocs\chxn\system\View\View.php(198): CodeIgniter\Exceptions\FrameworkException::forInvalidFile('productjewelrye...')
#1 C:\xampp\htdocs\chxn\system\Common.php(1089): CodeIgniter\View\View->render('productjewelrye', Array, true)
#2 C:\xampp\htdocs\chxn\app\Controllers\Home.php(103): view('productjewelrye')
#3 C:\xampp\htdocs\chxn\system\CodeIgniter.php(832): App\Controllers\Home->productjewelry()
#4 C:\xampp\htdocs\chxn\system\CodeIgniter.php(419): CodeIgniter\CodeIgniter->runController(Object(App\Controllers\Home))
#5 C:\xampp\htdocs\chxn\system\CodeIgniter.php(326): CodeIgniter\CodeIgniter->handleRequest(NULL, Object(Config\Cache), false)
#6 C:\xampp\htdocs\chxn\public\index.php(37): CodeIgniter\CodeIgniter->run()
#7 C:\xampp\htdocs\chxn\system\Commands\Server\rewrite.php(43): require_once('C:\\xampp\\htdocs...')
#8 {main}
