ERROR - 2022-07-17 08:21:59 --> Column 'province' cannot be null
CRITICAL - 2022-07-17 08:21:59 --> Column 'province' cannot be null
#0 C:\xampp\htdocs\chxn\system\Database\MySQLi\Connection.php(292): mysqli->query('INSERT INTO `co...', 0)
#1 C:\xampp\htdocs\chxn\system\Database\BaseConnection.php(670): CodeIgniter\Database\MySQLi\Connection->execute('INSERT INTO `co...')
#2 C:\xampp\htdocs\chxn\system\Database\BaseConnection.php(598): CodeIgniter\Database\BaseConnection->simpleQuery('INSERT INTO `co...')
#3 C:\xampp\htdocs\chxn\system\Database\BaseBuilder.php(1771): CodeIgniter\Database\BaseConnection->query('INSERT INTO `co...', Array, false)
#4 C:\xampp\htdocs\chxn\system\Model.php(239): CodeIgniter\Database\BaseBuilder->insert()
#5 C:\xampp\htdocs\chxn\system\BaseModel.php(738): CodeIgniter\Model->doInsert(Array)
#6 C:\xampp\htdocs\chxn\system\Model.php(625): CodeIgniter\BaseModel->insert(Array, true)
#7 C:\xampp\htdocs\chxn\app\Services\CompanyInfoService.php(19): CodeIgniter\Model->insert(Array)
#8 C:\xampp\htdocs\chxn\app\Controllers\CompanyController.php(89): App\Services\CompanyInfoService->insertdata(Array)
#9 C:\xampp\htdocs\chxn\system\CodeIgniter.php(832): App\Controllers\CompanyController->insertcompany()
#10 C:\xampp\htdocs\chxn\system\CodeIgniter.php(419): CodeIgniter\CodeIgniter->runController(Object(App\Controllers\CompanyController))
#11 C:\xampp\htdocs\chxn\system\CodeIgniter.php(326): CodeIgniter\CodeIgniter->handleRequest(NULL, Object(Config\Cache), false)
#12 C:\xampp\htdocs\chxn\public\index.php(37): CodeIgniter\CodeIgniter->run()
#13 C:\xampp\htdocs\chxn\system\Commands\Server\rewrite.php(43): require_once('C:\\xampp\\htdocs...')
#14 {main}
CRITICAL - 2022-07-17 08:52:17 --> The behavior of unparenthesized expressions containing both '.' and '+'/'-' will change in PHP 8: '+'/'-' will take a higher precedence
#0 E:\xampp\htdocs\chxn\system\Autoloader\Autoloader.php(264): CodeIgniter\Debug\Exceptions->errorHandler(8192, 'The behavior of...', 'E:\\xampp\\htdocs...', 50, Array)
#1 E:\xampp\htdocs\chxn\system\Autoloader\Autoloader.php(264): include_once()
#2 E:\xampp\htdocs\chxn\system\Autoloader\Autoloader.php(241): CodeIgniter\Autoloader\Autoloader->includeFile('E:\\xampp\\htdocs...')
#3 E:\xampp\htdocs\chxn\system\Autoloader\Autoloader.php(219): CodeIgniter\Autoloader\Autoloader->loadInNamespace('App\\Controllers...')
#4 [internal function]: CodeIgniter\Autoloader\Autoloader->loadClass('App\\Controllers...')
#5 [internal function]: spl_autoload_call('App\\Controllers...')
#6 E:\xampp\htdocs\chxn\system\CodeIgniter.php(797): class_exists('\\App\\Controller...', true)
#7 E:\xampp\htdocs\chxn\system\CodeIgniter.php(406): CodeIgniter\CodeIgniter->startController()
#8 E:\xampp\htdocs\chxn\system\CodeIgniter.php(326): CodeIgniter\CodeIgniter->handleRequest(NULL, Object(Config\Cache), false)
#9 E:\xampp\htdocs\chxn\public\index.php(37): CodeIgniter\CodeIgniter->run()
#10 E:\xampp\htdocs\chxn\system\Commands\Server\rewrite.php(43): require_once('E:\\xampp\\htdocs...')
#11 {main}
CRITICAL - 2022-07-17 08:53:02 --> The behavior of unparenthesized expressions containing both '.' and '+'/'-' will change in PHP 8: '+'/'-' will take a higher precedence
#0 E:\xampp\htdocs\chxn\system\Autoloader\Autoloader.php(264): CodeIgniter\Debug\Exceptions->errorHandler(8192, 'The behavior of...', 'E:\\xampp\\htdocs...', 50, Array)
#1 E:\xampp\htdocs\chxn\system\Autoloader\Autoloader.php(264): include_once()
#2 E:\xampp\htdocs\chxn\system\Autoloader\Autoloader.php(241): CodeIgniter\Autoloader\Autoloader->includeFile('E:\\xampp\\htdocs...')
#3 E:\xampp\htdocs\chxn\system\Autoloader\Autoloader.php(219): CodeIgniter\Autoloader\Autoloader->loadInNamespace('App\\Controllers...')
#4 [internal function]: CodeIgniter\Autoloader\Autoloader->loadClass('App\\Controllers...')
#5 [internal function]: spl_autoload_call('App\\Controllers...')
#6 E:\xampp\htdocs\chxn\system\CodeIgniter.php(797): class_exists('\\App\\Controller...', true)
#7 E:\xampp\htdocs\chxn\system\CodeIgniter.php(406): CodeIgniter\CodeIgniter->startController()
#8 E:\xampp\htdocs\chxn\system\CodeIgniter.php(326): CodeIgniter\CodeIgniter->handleRequest(NULL, Object(Config\Cache), false)
#9 E:\xampp\htdocs\chxn\public\index.php(37): CodeIgniter\CodeIgniter->run()
#10 E:\xampp\htdocs\chxn\system\Commands\Server\rewrite.php(43): require_once('E:\\xampp\\htdocs...')
#11 {main}
CRITICAL - 2022-07-17 08:53:14 --> The behavior of unparenthesized expressions containing both '.' and '+'/'-' will change in PHP 8: '+'/'-' will take a higher precedence
#0 E:\xampp\htdocs\chxn\system\Autoloader\Autoloader.php(264): CodeIgniter\Debug\Exceptions->errorHandler(8192, 'The behavior of...', 'E:\\xampp\\htdocs...', 50, Array)
#1 E:\xampp\htdocs\chxn\system\Autoloader\Autoloader.php(264): include_once()
#2 E:\xampp\htdocs\chxn\system\Autoloader\Autoloader.php(241): CodeIgniter\Autoloader\Autoloader->includeFile('E:\\xampp\\htdocs...')
#3 E:\xampp\htdocs\chxn\system\Autoloader\Autoloader.php(219): CodeIgniter\Autoloader\Autoloader->loadInNamespace('App\\Controllers...')
#4 [internal function]: CodeIgniter\Autoloader\Autoloader->loadClass('App\\Controllers...')
#5 [internal function]: spl_autoload_call('App\\Controllers...')
#6 E:\xampp\htdocs\chxn\system\CodeIgniter.php(797): class_exists('\\App\\Controller...', true)
#7 E:\xampp\htdocs\chxn\system\CodeIgniter.php(406): CodeIgniter\CodeIgniter->startController()
#8 E:\xampp\htdocs\chxn\system\CodeIgniter.php(326): CodeIgniter\CodeIgniter->handleRequest(NULL, Object(Config\Cache), false)
#9 E:\xampp\htdocs\chxn\public\index.php(37): CodeIgniter\CodeIgniter->run()
#10 E:\xampp\htdocs\chxn\system\Commands\Server\rewrite.php(43): require_once('E:\\xampp\\htdocs...')
#11 {main}
CRITICAL - 2022-07-17 08:54:14 --> The behavior of unparenthesized expressions containing both '.' and '+'/'-' will change in PHP 8: '+'/'-' will take a higher precedence
#0 E:\xampp\htdocs\chxn\system\Autoloader\Autoloader.php(264): CodeIgniter\Debug\Exceptions->errorHandler(8192, 'The behavior of...', 'E:\\xampp\\htdocs...', 50, Array)
#1 E:\xampp\htdocs\chxn\system\Autoloader\Autoloader.php(264): include_once()
#2 E:\xampp\htdocs\chxn\system\Autoloader\Autoloader.php(241): CodeIgniter\Autoloader\Autoloader->includeFile('E:\\xampp\\htdocs...')
#3 E:\xampp\htdocs\chxn\system\Autoloader\Autoloader.php(219): CodeIgniter\Autoloader\Autoloader->loadInNamespace('App\\Controllers...')
#4 [internal function]: CodeIgniter\Autoloader\Autoloader->loadClass('App\\Controllers...')
#5 [internal function]: spl_autoload_call('App\\Controllers...')
#6 E:\xampp\htdocs\chxn\system\CodeIgniter.php(797): class_exists('\\App\\Controller...', true)
#7 E:\xampp\htdocs\chxn\system\CodeIgniter.php(406): CodeIgniter\CodeIgniter->startController()
#8 E:\xampp\htdocs\chxn\system\CodeIgniter.php(326): CodeIgniter\CodeIgniter->handleRequest(NULL, Object(Config\Cache), false)
#9 E:\xampp\htdocs\chxn\public\index.php(37): CodeIgniter\CodeIgniter->run()
#10 E:\xampp\htdocs\chxn\system\Commands\Server\rewrite.php(43): require_once('E:\\xampp\\htdocs...')
#11 {main}
CRITICAL - 2022-07-17 08:55:03 --> The behavior of unparenthesized expressions containing both '.' and '+'/'-' will change in PHP 8: '+'/'-' will take a higher precedence
#0 E:\xampp\htdocs\chxn\system\Autoloader\Autoloader.php(264): CodeIgniter\Debug\Exceptions->errorHandler(8192, 'The behavior of...', 'E:\\xampp\\htdocs...', 47, Array)
#1 E:\xampp\htdocs\chxn\system\Autoloader\Autoloader.php(264): include_once()
#2 E:\xampp\htdocs\chxn\system\Autoloader\Autoloader.php(241): CodeIgniter\Autoloader\Autoloader->includeFile('E:\\xampp\\htdocs...')
#3 E:\xampp\htdocs\chxn\system\Autoloader\Autoloader.php(219): CodeIgniter\Autoloader\Autoloader->loadInNamespace('App\\Controllers...')
#4 [internal function]: CodeIgniter\Autoloader\Autoloader->loadClass('App\\Controllers...')
#5 [internal function]: spl_autoload_call('App\\Controllers...')
#6 E:\xampp\htdocs\chxn\system\CodeIgniter.php(797): class_exists('\\App\\Controller...', true)
#7 E:\xampp\htdocs\chxn\system\CodeIgniter.php(406): CodeIgniter\CodeIgniter->startController()
#8 E:\xampp\htdocs\chxn\system\CodeIgniter.php(326): CodeIgniter\CodeIgniter->handleRequest(NULL, Object(Config\Cache), false)
#9 E:\xampp\htdocs\chxn\public\index.php(37): CodeIgniter\CodeIgniter->run()
#10 E:\xampp\htdocs\chxn\system\Commands\Server\rewrite.php(43): require_once('E:\\xampp\\htdocs...')
#11 {main}
CRITICAL - 2022-07-17 08:57:45 --> The behavior of unparenthesized expressions containing both '.' and '+'/'-' will change in PHP 8: '+'/'-' will take a higher precedence
#0 E:\xampp\htdocs\chxn\system\Autoloader\Autoloader.php(264): CodeIgniter\Debug\Exceptions->errorHandler(8192, 'The behavior of...', 'E:\\xampp\\htdocs...', 22, Array)
#1 E:\xampp\htdocs\chxn\system\Autoloader\Autoloader.php(264): include_once()
#2 E:\xampp\htdocs\chxn\system\Autoloader\Autoloader.php(241): CodeIgniter\Autoloader\Autoloader->includeFile('E:\\xampp\\htdocs...')
#3 E:\xampp\htdocs\chxn\system\Autoloader\Autoloader.php(219): CodeIgniter\Autoloader\Autoloader->loadInNamespace('App\\Controllers...')
#4 [internal function]: CodeIgniter\Autoloader\Autoloader->loadClass('App\\Controllers...')
#5 [internal function]: spl_autoload_call('App\\Controllers...')
#6 E:\xampp\htdocs\chxn\system\CodeIgniter.php(797): class_exists('\\App\\Controller...', true)
#7 E:\xampp\htdocs\chxn\system\CodeIgniter.php(406): CodeIgniter\CodeIgniter->startController()
#8 E:\xampp\htdocs\chxn\system\CodeIgniter.php(326): CodeIgniter\CodeIgniter->handleRequest(NULL, Object(Config\Cache), false)
#9 E:\xampp\htdocs\chxn\public\index.php(37): CodeIgniter\CodeIgniter->run()
#10 E:\xampp\htdocs\chxn\system\Commands\Server\rewrite.php(43): require_once('E:\\xampp\\htdocs...')
#11 {main}
CRITICAL - 2022-07-17 08:58:11 --> The behavior of unparenthesized expressions containing both '.' and '+'/'-' will change in PHP 8: '+'/'-' will take a higher precedence
#0 E:\xampp\htdocs\chxn\system\Autoloader\Autoloader.php(264): CodeIgniter\Debug\Exceptions->errorHandler(8192, 'The behavior of...', 'E:\\xampp\\htdocs...', 22, Array)
#1 E:\xampp\htdocs\chxn\system\Autoloader\Autoloader.php(264): include_once()
#2 E:\xampp\htdocs\chxn\system\Autoloader\Autoloader.php(241): CodeIgniter\Autoloader\Autoloader->includeFile('E:\\xampp\\htdocs...')
#3 E:\xampp\htdocs\chxn\system\Autoloader\Autoloader.php(219): CodeIgniter\Autoloader\Autoloader->loadInNamespace('App\\Controllers...')
#4 [internal function]: CodeIgniter\Autoloader\Autoloader->loadClass('App\\Controllers...')
#5 [internal function]: spl_autoload_call('App\\Controllers...')
#6 E:\xampp\htdocs\chxn\system\CodeIgniter.php(797): class_exists('\\App\\Controller...', true)
#7 E:\xampp\htdocs\chxn\system\CodeIgniter.php(406): CodeIgniter\CodeIgniter->startController()
#8 E:\xampp\htdocs\chxn\system\CodeIgniter.php(326): CodeIgniter\CodeIgniter->handleRequest(NULL, Object(Config\Cache), false)
#9 E:\xampp\htdocs\chxn\public\index.php(37): CodeIgniter\CodeIgniter->run()
#10 E:\xampp\htdocs\chxn\system\Commands\Server\rewrite.php(43): require_once('E:\\xampp\\htdocs...')
#11 {main}
CRITICAL - 2022-07-17 08:59:22 --> syntax error, unexpected 'else' (T_ELSE)
#0 E:\xampp\htdocs\chxn\system\Autoloader\Autoloader.php(241): CodeIgniter\Autoloader\Autoloader->includeFile('E:\\xampp\\htdocs...')
#1 E:\xampp\htdocs\chxn\system\Autoloader\Autoloader.php(219): CodeIgniter\Autoloader\Autoloader->loadInNamespace('App\\Controllers...')
#2 [internal function]: CodeIgniter\Autoloader\Autoloader->loadClass('App\\Controllers...')
#3 [internal function]: spl_autoload_call('App\\Controllers...')
#4 E:\xampp\htdocs\chxn\system\CodeIgniter.php(797): class_exists('\\App\\Controller...', true)
#5 E:\xampp\htdocs\chxn\system\CodeIgniter.php(406): CodeIgniter\CodeIgniter->startController()
#6 E:\xampp\htdocs\chxn\system\CodeIgniter.php(326): CodeIgniter\CodeIgniter->handleRequest(NULL, Object(Config\Cache), false)
#7 E:\xampp\htdocs\chxn\public\index.php(37): CodeIgniter\CodeIgniter->run()
#8 E:\xampp\htdocs\chxn\system\Commands\Server\rewrite.php(43): require_once('E:\\xampp\\htdocs...')
#9 {main}
CRITICAL - 2022-07-17 09:01:45 --> The behavior of unparenthesized expressions containing both '.' and '+'/'-' will change in PHP 8: '+'/'-' will take a higher precedence
#0 E:\xampp\htdocs\chxn\system\Autoloader\Autoloader.php(264): CodeIgniter\Debug\Exceptions->errorHandler(8192, 'The behavior of...', 'E:\\xampp\\htdocs...', 23, Array)
#1 E:\xampp\htdocs\chxn\system\Autoloader\Autoloader.php(264): include_once()
#2 E:\xampp\htdocs\chxn\system\Autoloader\Autoloader.php(241): CodeIgniter\Autoloader\Autoloader->includeFile('E:\\xampp\\htdocs...')
#3 E:\xampp\htdocs\chxn\system\Autoloader\Autoloader.php(219): CodeIgniter\Autoloader\Autoloader->loadInNamespace('App\\Controllers...')
#4 [internal function]: CodeIgniter\Autoloader\Autoloader->loadClass('App\\Controllers...')
#5 [internal function]: spl_autoload_call('App\\Controllers...')
#6 E:\xampp\htdocs\chxn\system\CodeIgniter.php(797): class_exists('\\App\\Controller...', true)
#7 E:\xampp\htdocs\chxn\system\CodeIgniter.php(406): CodeIgniter\CodeIgniter->startController()
#8 E:\xampp\htdocs\chxn\system\CodeIgniter.php(326): CodeIgniter\CodeIgniter->handleRequest(NULL, Object(Config\Cache), false)
#9 E:\xampp\htdocs\chxn\public\index.php(37): CodeIgniter\CodeIgniter->run()
#10 E:\xampp\htdocs\chxn\system\Commands\Server\rewrite.php(43): require_once('E:\\xampp\\htdocs...')
#11 {main}
CRITICAL - 2022-07-17 09:02:36 --> The behavior of unparenthesized expressions containing both '.' and '+'/'-' will change in PHP 8: '+'/'-' will take a higher precedence
#0 E:\xampp\htdocs\chxn\system\Autoloader\Autoloader.php(264): CodeIgniter\Debug\Exceptions->errorHandler(8192, 'The behavior of...', 'E:\\xampp\\htdocs...', 23, Array)
#1 E:\xampp\htdocs\chxn\system\Autoloader\Autoloader.php(264): include_once()
#2 E:\xampp\htdocs\chxn\system\Autoloader\Autoloader.php(241): CodeIgniter\Autoloader\Autoloader->includeFile('E:\\xampp\\htdocs...')
#3 E:\xampp\htdocs\chxn\system\Autoloader\Autoloader.php(219): CodeIgniter\Autoloader\Autoloader->loadInNamespace('App\\Controllers...')
#4 [internal function]: CodeIgniter\Autoloader\Autoloader->loadClass('App\\Controllers...')
#5 [internal function]: spl_autoload_call('App\\Controllers...')
#6 E:\xampp\htdocs\chxn\system\CodeIgniter.php(797): class_exists('\\App\\Controller...', true)
#7 E:\xampp\htdocs\chxn\system\CodeIgniter.php(406): CodeIgniter\CodeIgniter->startController()
#8 E:\xampp\htdocs\chxn\system\CodeIgniter.php(326): CodeIgniter\CodeIgniter->handleRequest(NULL, Object(Config\Cache), false)
#9 E:\xampp\htdocs\chxn\public\index.php(37): CodeIgniter\CodeIgniter->run()
#10 E:\xampp\htdocs\chxn\system\Commands\Server\rewrite.php(43): require_once('E:\\xampp\\htdocs...')
#11 {main}
CRITICAL - 2022-07-17 09:02:44 --> The behavior of unparenthesized expressions containing both '.' and '+'/'-' will change in PHP 8: '+'/'-' will take a higher precedence
#0 E:\xampp\htdocs\chxn\system\Autoloader\Autoloader.php(264): CodeIgniter\Debug\Exceptions->errorHandler(8192, 'The behavior of...', 'E:\\xampp\\htdocs...', 23, Array)
#1 E:\xampp\htdocs\chxn\system\Autoloader\Autoloader.php(264): include_once()
#2 E:\xampp\htdocs\chxn\system\Autoloader\Autoloader.php(241): CodeIgniter\Autoloader\Autoloader->includeFile('E:\\xampp\\htdocs...')
#3 E:\xampp\htdocs\chxn\system\Autoloader\Autoloader.php(219): CodeIgniter\Autoloader\Autoloader->loadInNamespace('App\\Controllers...')
#4 [internal function]: CodeIgniter\Autoloader\Autoloader->loadClass('App\\Controllers...')
#5 [internal function]: spl_autoload_call('App\\Controllers...')
#6 E:\xampp\htdocs\chxn\system\CodeIgniter.php(797): class_exists('\\App\\Controller...', true)
#7 E:\xampp\htdocs\chxn\system\CodeIgniter.php(406): CodeIgniter\CodeIgniter->startController()
#8 E:\xampp\htdocs\chxn\system\CodeIgniter.php(326): CodeIgniter\CodeIgniter->handleRequest(NULL, Object(Config\Cache), false)
#9 E:\xampp\htdocs\chxn\public\index.php(37): CodeIgniter\CodeIgniter->run()
#10 E:\xampp\htdocs\chxn\system\Commands\Server\rewrite.php(43): require_once('E:\\xampp\\htdocs...')
#11 {main}
CRITICAL - 2022-07-17 09:03:30 --> syntax error, unexpected '}'
#0 E:\xampp\htdocs\chxn\system\Autoloader\Autoloader.php(241): CodeIgniter\Autoloader\Autoloader->includeFile('E:\\xampp\\htdocs...')
#1 E:\xampp\htdocs\chxn\system\Autoloader\Autoloader.php(219): CodeIgniter\Autoloader\Autoloader->loadInNamespace('App\\Controllers...')
#2 [internal function]: CodeIgniter\Autoloader\Autoloader->loadClass('App\\Controllers...')
#3 [internal function]: spl_autoload_call('App\\Controllers...')
#4 E:\xampp\htdocs\chxn\system\CodeIgniter.php(797): class_exists('\\App\\Controller...', true)
#5 E:\xampp\htdocs\chxn\system\CodeIgniter.php(406): CodeIgniter\CodeIgniter->startController()
#6 E:\xampp\htdocs\chxn\system\CodeIgniter.php(326): CodeIgniter\CodeIgniter->handleRequest(NULL, Object(Config\Cache), false)
#7 E:\xampp\htdocs\chxn\public\index.php(37): CodeIgniter\CodeIgniter->run()
#8 E:\xampp\htdocs\chxn\system\Commands\Server\rewrite.php(43): require_once('E:\\xampp\\htdocs...')
#9 {main}
CRITICAL - 2022-07-17 09:03:46 --> The behavior of unparenthesized expressions containing both '.' and '+'/'-' will change in PHP 8: '+'/'-' will take a higher precedence
#0 E:\xampp\htdocs\chxn\system\Autoloader\Autoloader.php(264): CodeIgniter\Debug\Exceptions->errorHandler(8192, 'The behavior of...', 'E:\\xampp\\htdocs...', 23, Array)
#1 E:\xampp\htdocs\chxn\system\Autoloader\Autoloader.php(264): include_once()
#2 E:\xampp\htdocs\chxn\system\Autoloader\Autoloader.php(241): CodeIgniter\Autoloader\Autoloader->includeFile('E:\\xampp\\htdocs...')
#3 E:\xampp\htdocs\chxn\system\Autoloader\Autoloader.php(219): CodeIgniter\Autoloader\Autoloader->loadInNamespace('App\\Controllers...')
#4 [internal function]: CodeIgniter\Autoloader\Autoloader->loadClass('App\\Controllers...')
#5 [internal function]: spl_autoload_call('App\\Controllers...')
#6 E:\xampp\htdocs\chxn\system\CodeIgniter.php(797): class_exists('\\App\\Controller...', true)
#7 E:\xampp\htdocs\chxn\system\CodeIgniter.php(406): CodeIgniter\CodeIgniter->startController()
#8 E:\xampp\htdocs\chxn\system\CodeIgniter.php(326): CodeIgniter\CodeIgniter->handleRequest(NULL, Object(Config\Cache), false)
#9 E:\xampp\htdocs\chxn\public\index.php(37): CodeIgniter\CodeIgniter->run()
#10 E:\xampp\htdocs\chxn\system\Commands\Server\rewrite.php(43): require_once('E:\\xampp\\htdocs...')
#11 {main}
CRITICAL - 2022-07-17 09:04:49 --> The behavior of unparenthesized expressions containing both '.' and '+'/'-' will change in PHP 8: '+'/'-' will take a higher precedence
#0 E:\xampp\htdocs\chxn\system\Autoloader\Autoloader.php(264): CodeIgniter\Debug\Exceptions->errorHandler(8192, 'The behavior of...', 'E:\\xampp\\htdocs...', 23, Array)
#1 E:\xampp\htdocs\chxn\system\Autoloader\Autoloader.php(264): include_once()
#2 E:\xampp\htdocs\chxn\system\Autoloader\Autoloader.php(241): CodeIgniter\Autoloader\Autoloader->includeFile('E:\\xampp\\htdocs...')
#3 E:\xampp\htdocs\chxn\system\Autoloader\Autoloader.php(219): CodeIgniter\Autoloader\Autoloader->loadInNamespace('App\\Controllers...')
#4 [internal function]: CodeIgniter\Autoloader\Autoloader->loadClass('App\\Controllers...')
#5 [internal function]: spl_autoload_call('App\\Controllers...')
#6 E:\xampp\htdocs\chxn\system\CodeIgniter.php(797): class_exists('\\App\\Controller...', true)
#7 E:\xampp\htdocs\chxn\system\CodeIgniter.php(406): CodeIgniter\CodeIgniter->startController()
#8 E:\xampp\htdocs\chxn\system\CodeIgniter.php(326): CodeIgniter\CodeIgniter->handleRequest(NULL, Object(Config\Cache), false)
#9 E:\xampp\htdocs\chxn\public\index.php(37): CodeIgniter\CodeIgniter->run()
#10 E:\xampp\htdocs\chxn\system\Commands\Server\rewrite.php(43): require_once('E:\\xampp\\htdocs...')
#11 {main}
CRITICAL - 2022-07-17 09:05:03 --> The behavior of unparenthesized expressions containing both '.' and '+'/'-' will change in PHP 8: '+'/'-' will take a higher precedence
#0 E:\xampp\htdocs\chxn\system\Autoloader\Autoloader.php(264): CodeIgniter\Debug\Exceptions->errorHandler(8192, 'The behavior of...', 'E:\\xampp\\htdocs...', 23, Array)
#1 E:\xampp\htdocs\chxn\system\Autoloader\Autoloader.php(264): include_once()
#2 E:\xampp\htdocs\chxn\system\Autoloader\Autoloader.php(241): CodeIgniter\Autoloader\Autoloader->includeFile('E:\\xampp\\htdocs...')
#3 E:\xampp\htdocs\chxn\system\Autoloader\Autoloader.php(219): CodeIgniter\Autoloader\Autoloader->loadInNamespace('App\\Controllers...')
#4 [internal function]: CodeIgniter\Autoloader\Autoloader->loadClass('App\\Controllers...')
#5 [internal function]: spl_autoload_call('App\\Controllers...')
#6 E:\xampp\htdocs\chxn\system\CodeIgniter.php(797): class_exists('\\App\\Controller...', true)
#7 E:\xampp\htdocs\chxn\system\CodeIgniter.php(406): CodeIgniter\CodeIgniter->startController()
#8 E:\xampp\htdocs\chxn\system\CodeIgniter.php(326): CodeIgniter\CodeIgniter->handleRequest(NULL, Object(Config\Cache), false)
#9 E:\xampp\htdocs\chxn\public\index.php(37): CodeIgniter\CodeIgniter->run()
#10 E:\xampp\htdocs\chxn\system\Commands\Server\rewrite.php(43): require_once('E:\\xampp\\htdocs...')
#11 {main}
CRITICAL - 2022-07-17 09:19:54 --> Trying to get property 'company_name' of non-object
#0 E:\xampp\htdocs\chxn\app\Views\profile.php(353): CodeIgniter\Debug\Exceptions->errorHandler(8, 'Trying to get p...', 'E:\\xampp\\htdocs...', 353, Array)
#1 E:\xampp\htdocs\chxn\system\View\View.php(210): include('E:\\xampp\\htdocs...')
#2 E:\xampp\htdocs\chxn\system\View\View.php(213): CodeIgniter\View\View->CodeIgniter\View\{closure}()
#3 E:\xampp\htdocs\chxn\system\Common.php(1089): CodeIgniter\View\View->render('profile', Array, true)
#4 E:\xampp\htdocs\chxn\app\Controllers\ProfileController.php(21): view('profile', Array)
#5 E:\xampp\htdocs\chxn\system\CodeIgniter.php(832): App\Controllers\ProfileController->index()
#6 E:\xampp\htdocs\chxn\system\CodeIgniter.php(419): CodeIgniter\CodeIgniter->runController(Object(App\Controllers\ProfileController))
#7 E:\xampp\htdocs\chxn\system\CodeIgniter.php(326): CodeIgniter\CodeIgniter->handleRequest(NULL, Object(Config\Cache), false)
#8 E:\xampp\htdocs\chxn\public\index.php(37): CodeIgniter\CodeIgniter->run()
#9 E:\xampp\htdocs\chxn\system\Commands\Server\rewrite.php(43): require_once('E:\\xampp\\htdocs...')
#10 {main}
CRITICAL - 2022-07-17 09:19:56 --> Trying to get property 'company_name' of non-object
#0 E:\xampp\htdocs\chxn\app\Views\profile.php(353): CodeIgniter\Debug\Exceptions->errorHandler(8, 'Trying to get p...', 'E:\\xampp\\htdocs...', 353, Array)
#1 E:\xampp\htdocs\chxn\system\View\View.php(210): include('E:\\xampp\\htdocs...')
#2 E:\xampp\htdocs\chxn\system\View\View.php(213): CodeIgniter\View\View->CodeIgniter\View\{closure}()
#3 E:\xampp\htdocs\chxn\system\Common.php(1089): CodeIgniter\View\View->render('profile', Array, true)
#4 E:\xampp\htdocs\chxn\app\Controllers\ProfileController.php(21): view('profile', Array)
#5 E:\xampp\htdocs\chxn\system\CodeIgniter.php(832): App\Controllers\ProfileController->index()
#6 E:\xampp\htdocs\chxn\system\CodeIgniter.php(419): CodeIgniter\CodeIgniter->runController(Object(App\Controllers\ProfileController))
#7 E:\xampp\htdocs\chxn\system\CodeIgniter.php(326): CodeIgniter\CodeIgniter->handleRequest(NULL, Object(Config\Cache), false)
#8 E:\xampp\htdocs\chxn\public\index.php(37): CodeIgniter\CodeIgniter->run()
#9 E:\xampp\htdocs\chxn\system\Commands\Server\rewrite.php(43): require_once('E:\\xampp\\htdocs...')
#10 {main}
CRITICAL - 2022-07-17 09:20:40 --> Undefined index: company_name
#0 E:\xampp\htdocs\chxn\app\Views\profile.php(353): CodeIgniter\Debug\Exceptions->errorHandler(8, 'Undefined index...', 'E:\\xampp\\htdocs...', 353, Array)
#1 E:\xampp\htdocs\chxn\system\View\View.php(210): include('E:\\xampp\\htdocs...')
#2 E:\xampp\htdocs\chxn\system\View\View.php(213): CodeIgniter\View\View->CodeIgniter\View\{closure}()
#3 E:\xampp\htdocs\chxn\system\Common.php(1089): CodeIgniter\View\View->render('profile', Array, true)
#4 E:\xampp\htdocs\chxn\app\Controllers\ProfileController.php(21): view('profile', Array)
#5 E:\xampp\htdocs\chxn\system\CodeIgniter.php(832): App\Controllers\ProfileController->index()
#6 E:\xampp\htdocs\chxn\system\CodeIgniter.php(419): CodeIgniter\CodeIgniter->runController(Object(App\Controllers\ProfileController))
#7 E:\xampp\htdocs\chxn\system\CodeIgniter.php(326): CodeIgniter\CodeIgniter->handleRequest(NULL, Object(Config\Cache), false)
#8 E:\xampp\htdocs\chxn\public\index.php(37): CodeIgniter\CodeIgniter->run()
#9 E:\xampp\htdocs\chxn\system\Commands\Server\rewrite.php(43): require_once('E:\\xampp\\htdocs...')
#10 {main}
CRITICAL - 2022-07-17 09:20:58 --> Array to string conversion
#0 E:\xampp\htdocs\chxn\app\Views\profile.php(353): CodeIgniter\Debug\Exceptions->errorHandler(8, 'Array to string...', 'E:\\xampp\\htdocs...', 353, Array)
#1 E:\xampp\htdocs\chxn\system\View\View.php(210): include('E:\\xampp\\htdocs...')
#2 E:\xampp\htdocs\chxn\system\View\View.php(213): CodeIgniter\View\View->CodeIgniter\View\{closure}()
#3 E:\xampp\htdocs\chxn\system\Common.php(1089): CodeIgniter\View\View->render('profile', Array, true)
#4 E:\xampp\htdocs\chxn\app\Controllers\ProfileController.php(21): view('profile', Array)
#5 E:\xampp\htdocs\chxn\system\CodeIgniter.php(832): App\Controllers\ProfileController->index()
#6 E:\xampp\htdocs\chxn\system\CodeIgniter.php(419): CodeIgniter\CodeIgniter->runController(Object(App\Controllers\ProfileController))
#7 E:\xampp\htdocs\chxn\system\CodeIgniter.php(326): CodeIgniter\CodeIgniter->handleRequest(NULL, Object(Config\Cache), false)
#8 E:\xampp\htdocs\chxn\public\index.php(37): CodeIgniter\CodeIgniter->run()
#9 E:\xampp\htdocs\chxn\system\Commands\Server\rewrite.php(43): require_once('E:\\xampp\\htdocs...')
#10 {main}
CRITICAL - 2022-07-17 09:23:04 --> Undefined variable: company_name
#0 E:\xampp\htdocs\chxn\app\Views\profile.php(353): CodeIgniter\Debug\Exceptions->errorHandler(8, 'Undefined varia...', 'E:\\xampp\\htdocs...', 353, Array)
#1 E:\xampp\htdocs\chxn\system\View\View.php(210): include('E:\\xampp\\htdocs...')
#2 E:\xampp\htdocs\chxn\system\View\View.php(213): CodeIgniter\View\View->CodeIgniter\View\{closure}()
#3 E:\xampp\htdocs\chxn\system\Common.php(1089): CodeIgniter\View\View->render('profile', Array, true)
#4 E:\xampp\htdocs\chxn\app\Controllers\ProfileController.php(21): view('profile', Array)
#5 E:\xampp\htdocs\chxn\system\CodeIgniter.php(832): App\Controllers\ProfileController->index()
#6 E:\xampp\htdocs\chxn\system\CodeIgniter.php(419): CodeIgniter\CodeIgniter->runController(Object(App\Controllers\ProfileController))
#7 E:\xampp\htdocs\chxn\system\CodeIgniter.php(326): CodeIgniter\CodeIgniter->handleRequest(NULL, Object(Config\Cache), false)
#8 E:\xampp\htdocs\chxn\public\index.php(37): CodeIgniter\CodeIgniter->run()
#9 E:\xampp\htdocs\chxn\system\Commands\Server\rewrite.php(43): require_once('E:\\xampp\\htdocs...')
#10 {main}
CRITICAL - 2022-07-17 09:23:11 --> Undefined variable: company_name
#0 E:\xampp\htdocs\chxn\app\Views\profile.php(353): CodeIgniter\Debug\Exceptions->errorHandler(8, 'Undefined varia...', 'E:\\xampp\\htdocs...', 353, Array)
#1 E:\xampp\htdocs\chxn\system\View\View.php(210): include('E:\\xampp\\htdocs...')
#2 E:\xampp\htdocs\chxn\system\View\View.php(213): CodeIgniter\View\View->CodeIgniter\View\{closure}()
#3 E:\xampp\htdocs\chxn\system\Common.php(1089): CodeIgniter\View\View->render('profile', Array, true)
#4 E:\xampp\htdocs\chxn\app\Controllers\ProfileController.php(21): view('profile', Array)
#5 E:\xampp\htdocs\chxn\system\CodeIgniter.php(832): App\Controllers\ProfileController->index()
#6 E:\xampp\htdocs\chxn\system\CodeIgniter.php(419): CodeIgniter\CodeIgniter->runController(Object(App\Controllers\ProfileController))
#7 E:\xampp\htdocs\chxn\system\CodeIgniter.php(326): CodeIgniter\CodeIgniter->handleRequest(NULL, Object(Config\Cache), false)
#8 E:\xampp\htdocs\chxn\public\index.php(37): CodeIgniter\CodeIgniter->run()
#9 E:\xampp\htdocs\chxn\system\Commands\Server\rewrite.php(43): require_once('E:\\xampp\\htdocs...')
#10 {main}
CRITICAL - 2022-07-17 09:23:46 --> Object of class stdClass could not be converted to string
#0 E:\xampp\htdocs\chxn\system\View\View.php(210): include()
#1 E:\xampp\htdocs\chxn\system\View\View.php(213): CodeIgniter\View\View->CodeIgniter\View\{closure}()
#2 E:\xampp\htdocs\chxn\system\Common.php(1089): CodeIgniter\View\View->render('profile', Array, true)
#3 E:\xampp\htdocs\chxn\app\Controllers\ProfileController.php(21): view('profile', Array)
#4 E:\xampp\htdocs\chxn\system\CodeIgniter.php(832): App\Controllers\ProfileController->index()
#5 E:\xampp\htdocs\chxn\system\CodeIgniter.php(419): CodeIgniter\CodeIgniter->runController(Object(App\Controllers\ProfileController))
#6 E:\xampp\htdocs\chxn\system\CodeIgniter.php(326): CodeIgniter\CodeIgniter->handleRequest(NULL, Object(Config\Cache), false)
#7 E:\xampp\htdocs\chxn\public\index.php(37): CodeIgniter\CodeIgniter->run()
#8 E:\xampp\htdocs\chxn\system\Commands\Server\rewrite.php(43): require_once('E:\\xampp\\htdocs...')
#9 {main}
CRITICAL - 2022-07-17 09:23:59 --> Undefined index: company_name
#0 E:\xampp\htdocs\chxn\app\Views\profile.php(353): CodeIgniter\Debug\Exceptions->errorHandler(8, 'Undefined index...', 'E:\\xampp\\htdocs...', 353, Array)
#1 E:\xampp\htdocs\chxn\system\View\View.php(210): include('E:\\xampp\\htdocs...')
#2 E:\xampp\htdocs\chxn\system\View\View.php(213): CodeIgniter\View\View->CodeIgniter\View\{closure}()
#3 E:\xampp\htdocs\chxn\system\Common.php(1089): CodeIgniter\View\View->render('profile', Array, true)
#4 E:\xampp\htdocs\chxn\app\Controllers\ProfileController.php(21): view('profile', Array)
#5 E:\xampp\htdocs\chxn\system\CodeIgniter.php(832): App\Controllers\ProfileController->index()
#6 E:\xampp\htdocs\chxn\system\CodeIgniter.php(419): CodeIgniter\CodeIgniter->runController(Object(App\Controllers\ProfileController))
#7 E:\xampp\htdocs\chxn\system\CodeIgniter.php(326): CodeIgniter\CodeIgniter->handleRequest(NULL, Object(Config\Cache), false)
#8 E:\xampp\htdocs\chxn\public\index.php(37): CodeIgniter\CodeIgniter->run()
#9 E:\xampp\htdocs\chxn\system\Commands\Server\rewrite.php(43): require_once('E:\\xampp\\htdocs...')
#10 {main}
CRITICAL - 2022-07-17 09:25:04 --> Undefined variable: company_name
#0 E:\xampp\htdocs\chxn\app\Views\profile.php(353): CodeIgniter\Debug\Exceptions->errorHandler(8, 'Undefined varia...', 'E:\\xampp\\htdocs...', 353, Array)
#1 E:\xampp\htdocs\chxn\system\View\View.php(210): include('E:\\xampp\\htdocs...')
#2 E:\xampp\htdocs\chxn\system\View\View.php(213): CodeIgniter\View\View->CodeIgniter\View\{closure}()
#3 E:\xampp\htdocs\chxn\system\Common.php(1089): CodeIgniter\View\View->render('profile', Array, true)
#4 E:\xampp\htdocs\chxn\app\Controllers\ProfileController.php(21): view('profile', Array)
#5 E:\xampp\htdocs\chxn\system\CodeIgniter.php(832): App\Controllers\ProfileController->index()
#6 E:\xampp\htdocs\chxn\system\CodeIgniter.php(419): CodeIgniter\CodeIgniter->runController(Object(App\Controllers\ProfileController))
#7 E:\xampp\htdocs\chxn\system\CodeIgniter.php(326): CodeIgniter\CodeIgniter->handleRequest(NULL, Object(Config\Cache), false)
#8 E:\xampp\htdocs\chxn\public\index.php(37): CodeIgniter\CodeIgniter->run()
#9 E:\xampp\htdocs\chxn\system\Commands\Server\rewrite.php(43): require_once('E:\\xampp\\htdocs...')
#10 {main}
CRITICAL - 2022-07-17 09:25:06 --> Undefined variable: company_name
#0 E:\xampp\htdocs\chxn\app\Views\profile.php(353): CodeIgniter\Debug\Exceptions->errorHandler(8, 'Undefined varia...', 'E:\\xampp\\htdocs...', 353, Array)
#1 E:\xampp\htdocs\chxn\system\View\View.php(210): include('E:\\xampp\\htdocs...')
#2 E:\xampp\htdocs\chxn\system\View\View.php(213): CodeIgniter\View\View->CodeIgniter\View\{closure}()
#3 E:\xampp\htdocs\chxn\system\Common.php(1089): CodeIgniter\View\View->render('profile', Array, true)
#4 E:\xampp\htdocs\chxn\app\Controllers\ProfileController.php(21): view('profile', Array)
#5 E:\xampp\htdocs\chxn\system\CodeIgniter.php(832): App\Controllers\ProfileController->index()
#6 E:\xampp\htdocs\chxn\system\CodeIgniter.php(419): CodeIgniter\CodeIgniter->runController(Object(App\Controllers\ProfileController))
#7 E:\xampp\htdocs\chxn\system\CodeIgniter.php(326): CodeIgniter\CodeIgniter->handleRequest(NULL, Object(Config\Cache), false)
#8 E:\xampp\htdocs\chxn\public\index.php(37): CodeIgniter\CodeIgniter->run()
#9 E:\xampp\htdocs\chxn\system\Commands\Server\rewrite.php(43): require_once('E:\\xampp\\htdocs...')
#10 {main}
CRITICAL - 2022-07-17 09:25:30 --> Trying to get property 'company_name' of non-object
#0 E:\xampp\htdocs\chxn\app\Views\profile.php(354): CodeIgniter\Debug\Exceptions->errorHandler(8, 'Trying to get p...', 'E:\\xampp\\htdocs...', 354, Array)
#1 E:\xampp\htdocs\chxn\system\View\View.php(210): include('E:\\xampp\\htdocs...')
#2 E:\xampp\htdocs\chxn\system\View\View.php(213): CodeIgniter\View\View->CodeIgniter\View\{closure}()
#3 E:\xampp\htdocs\chxn\system\Common.php(1089): CodeIgniter\View\View->render('profile', Array, true)
#4 E:\xampp\htdocs\chxn\app\Controllers\ProfileController.php(21): view('profile', Array)
#5 E:\xampp\htdocs\chxn\system\CodeIgniter.php(832): App\Controllers\ProfileController->index()
#6 E:\xampp\htdocs\chxn\system\CodeIgniter.php(419): CodeIgniter\CodeIgniter->runController(Object(App\Controllers\ProfileController))
#7 E:\xampp\htdocs\chxn\system\CodeIgniter.php(326): CodeIgniter\CodeIgniter->handleRequest(NULL, Object(Config\Cache), false)
#8 E:\xampp\htdocs\chxn\public\index.php(37): CodeIgniter\CodeIgniter->run()
#9 E:\xampp\htdocs\chxn\system\Commands\Server\rewrite.php(43): require_once('E:\\xampp\\htdocs...')
#10 {main}
CRITICAL - 2022-07-17 09:26:07 --> syntax error, unexpected '.'
#0 E:\xampp\htdocs\chxn\system\View\View.php(213): CodeIgniter\View\View->CodeIgniter\View\{closure}()
#1 E:\xampp\htdocs\chxn\system\Common.php(1089): CodeIgniter\View\View->render('profile', Array, true)
#2 E:\xampp\htdocs\chxn\app\Controllers\ProfileController.php(21): view('profile', Array)
#3 E:\xampp\htdocs\chxn\system\CodeIgniter.php(832): App\Controllers\ProfileController->index()
#4 E:\xampp\htdocs\chxn\system\CodeIgniter.php(419): CodeIgniter\CodeIgniter->runController(Object(App\Controllers\ProfileController))
#5 E:\xampp\htdocs\chxn\system\CodeIgniter.php(326): CodeIgniter\CodeIgniter->handleRequest(NULL, Object(Config\Cache), false)
#6 E:\xampp\htdocs\chxn\public\index.php(37): CodeIgniter\CodeIgniter->run()
#7 E:\xampp\htdocs\chxn\system\Commands\Server\rewrite.php(43): require_once('E:\\xampp\\htdocs...')
#8 {main}
CRITICAL - 2022-07-17 09:29:01 --> Undefined property: stdClass::$company_number
#0 E:\xampp\htdocs\chxn\app\Views\profile.php(355): CodeIgniter\Debug\Exceptions->errorHandler(8, 'Undefined prope...', 'E:\\xampp\\htdocs...', 355, Array)
#1 E:\xampp\htdocs\chxn\system\View\View.php(210): include('E:\\xampp\\htdocs...')
#2 E:\xampp\htdocs\chxn\system\View\View.php(213): CodeIgniter\View\View->CodeIgniter\View\{closure}()
#3 E:\xampp\htdocs\chxn\system\Common.php(1089): CodeIgniter\View\View->render('profile', Array, true)
#4 E:\xampp\htdocs\chxn\app\Controllers\ProfileController.php(21): view('profile', Array)
#5 E:\xampp\htdocs\chxn\system\CodeIgniter.php(832): App\Controllers\ProfileController->index()
#6 E:\xampp\htdocs\chxn\system\CodeIgniter.php(419): CodeIgniter\CodeIgniter->runController(Object(App\Controllers\ProfileController))
#7 E:\xampp\htdocs\chxn\system\CodeIgniter.php(326): CodeIgniter\CodeIgniter->handleRequest(NULL, Object(Config\Cache), false)
#8 E:\xampp\htdocs\chxn\public\index.php(37): CodeIgniter\CodeIgniter->run()
#9 E:\xampp\htdocs\chxn\system\Commands\Server\rewrite.php(43): require_once('E:\\xampp\\htdocs...')
#10 {main}
CRITICAL - 2022-07-17 09:51:10 --> Undefined offset: 0
#0 E:\xampp\htdocs\chxn\app\Views\profile.php(353): CodeIgniter\Debug\Exceptions->errorHandler(8, 'Undefined offse...', 'E:\\xampp\\htdocs...', 353, Array)
#1 E:\xampp\htdocs\chxn\system\View\View.php(210): include('E:\\xampp\\htdocs...')
#2 E:\xampp\htdocs\chxn\system\View\View.php(213): CodeIgniter\View\View->CodeIgniter\View\{closure}()
#3 E:\xampp\htdocs\chxn\system\Common.php(1089): CodeIgniter\View\View->render('profile', Array, true)
#4 E:\xampp\htdocs\chxn\app\Controllers\ProfileController.php(21): view('profile', Array)
#5 E:\xampp\htdocs\chxn\system\CodeIgniter.php(832): App\Controllers\ProfileController->index()
#6 E:\xampp\htdocs\chxn\system\CodeIgniter.php(419): CodeIgniter\CodeIgniter->runController(Object(App\Controllers\ProfileController))
#7 E:\xampp\htdocs\chxn\system\CodeIgniter.php(326): CodeIgniter\CodeIgniter->handleRequest(NULL, Object(Config\Cache), false)
#8 E:\xampp\htdocs\chxn\public\index.php(37): CodeIgniter\CodeIgniter->run()
#9 E:\xampp\htdocs\chxn\system\Commands\Server\rewrite.php(43): require_once('E:\\xampp\\htdocs...')
#10 {main}
ERROR - 2022-07-17 11:16:52 --> Column 'province' cannot be null
CRITICAL - 2022-07-17 11:16:52 --> Column 'province' cannot be null
#0 E:\xampp\htdocs\chxn\system\Database\MySQLi\Connection.php(292): mysqli->query('INSERT INTO `co...', 0)
#1 E:\xampp\htdocs\chxn\system\Database\BaseConnection.php(670): CodeIgniter\Database\MySQLi\Connection->execute('INSERT INTO `co...')
#2 E:\xampp\htdocs\chxn\system\Database\BaseConnection.php(598): CodeIgniter\Database\BaseConnection->simpleQuery('INSERT INTO `co...')
#3 E:\xampp\htdocs\chxn\system\Database\BaseBuilder.php(1771): CodeIgniter\Database\BaseConnection->query('INSERT INTO `co...', Array, false)
#4 E:\xampp\htdocs\chxn\system\Model.php(239): CodeIgniter\Database\BaseBuilder->insert()
#5 E:\xampp\htdocs\chxn\system\BaseModel.php(738): CodeIgniter\Model->doInsert(Array)
#6 E:\xampp\htdocs\chxn\system\Model.php(625): CodeIgniter\BaseModel->insert(Array, true)
#7 E:\xampp\htdocs\chxn\app\Services\CompanyInfoService.php(19): CodeIgniter\Model->insert(Array)
#8 E:\xampp\htdocs\chxn\app\Controllers\CompanyController.php(53): App\Services\CompanyInfoService->insertdata(Array)
#9 E:\xampp\htdocs\chxn\system\CodeIgniter.php(832): App\Controllers\CompanyController->insertcompany()
#10 E:\xampp\htdocs\chxn\system\CodeIgniter.php(419): CodeIgniter\CodeIgniter->runController(Object(App\Controllers\CompanyController))
#11 E:\xampp\htdocs\chxn\system\CodeIgniter.php(326): CodeIgniter\CodeIgniter->handleRequest(NULL, Object(Config\Cache), false)
#12 E:\xampp\htdocs\chxn\public\index.php(37): CodeIgniter\CodeIgniter->run()
#13 E:\xampp\htdocs\chxn\system\Commands\Server\rewrite.php(43): require_once('E:\\xampp\\htdocs...')
#14 {main}
ERROR - 2022-07-17 11:18:50 --> Column 'province' cannot be null
CRITICAL - 2022-07-17 11:18:50 --> Column 'province' cannot be null
#0 E:\xampp\htdocs\chxn\system\Database\MySQLi\Connection.php(292): mysqli->query('INSERT INTO `co...', 0)
#1 E:\xampp\htdocs\chxn\system\Database\BaseConnection.php(670): CodeIgniter\Database\MySQLi\Connection->execute('INSERT INTO `co...')
#2 E:\xampp\htdocs\chxn\system\Database\BaseConnection.php(598): CodeIgniter\Database\BaseConnection->simpleQuery('INSERT INTO `co...')
#3 E:\xampp\htdocs\chxn\system\Database\BaseBuilder.php(1771): CodeIgniter\Database\BaseConnection->query('INSERT INTO `co...', Array, false)
#4 E:\xampp\htdocs\chxn\system\Model.php(239): CodeIgniter\Database\BaseBuilder->insert()
#5 E:\xampp\htdocs\chxn\system\BaseModel.php(738): CodeIgniter\Model->doInsert(Array)
#6 E:\xampp\htdocs\chxn\system\Model.php(625): CodeIgniter\BaseModel->insert(Array, true)
#7 E:\xampp\htdocs\chxn\app\Services\CompanyInfoService.php(19): CodeIgniter\Model->insert(Array)
#8 E:\xampp\htdocs\chxn\app\Controllers\CompanyController.php(53): App\Services\CompanyInfoService->insertdata(Array)
#9 E:\xampp\htdocs\chxn\system\CodeIgniter.php(832): App\Controllers\CompanyController->insertcompany()
#10 E:\xampp\htdocs\chxn\system\CodeIgniter.php(419): CodeIgniter\CodeIgniter->runController(Object(App\Controllers\CompanyController))
#11 E:\xampp\htdocs\chxn\system\CodeIgniter.php(326): CodeIgniter\CodeIgniter->handleRequest(NULL, Object(Config\Cache), false)
#12 E:\xampp\htdocs\chxn\public\index.php(37): CodeIgniter\CodeIgniter->run()
#13 E:\xampp\htdocs\chxn\system\Commands\Server\rewrite.php(43): require_once('E:\\xampp\\htdocs...')
#14 {main}
CRITICAL - 2022-07-17 11:23:50 --> Undefined index: action
#0 E:\xampp\htdocs\chxn\app\Controllers\CompanyController.php(16): CodeIgniter\Debug\Exceptions->errorHandler(8, 'Undefined index...', 'E:\\xampp\\htdocs...', 16, Array)
#1 E:\xampp\htdocs\chxn\system\CodeIgniter.php(832): App\Controllers\CompanyController->insertcompany()
#2 E:\xampp\htdocs\chxn\system\CodeIgniter.php(419): CodeIgniter\CodeIgniter->runController(Object(App\Controllers\CompanyController))
#3 E:\xampp\htdocs\chxn\system\CodeIgniter.php(326): CodeIgniter\CodeIgniter->handleRequest(NULL, Object(Config\Cache), false)
#4 E:\xampp\htdocs\chxn\public\index.php(37): CodeIgniter\CodeIgniter->run()
#5 E:\xampp\htdocs\chxn\system\Commands\Server\rewrite.php(43): require_once('E:\\xampp\\htdocs...')
#6 {main}
CRITICAL - 2022-07-17 11:24:24 --> Undefined index: action
#0 E:\xampp\htdocs\chxn\app\Controllers\CompanyController.php(16): CodeIgniter\Debug\Exceptions->errorHandler(8, 'Undefined index...', 'E:\\xampp\\htdocs...', 16, Array)
#1 E:\xampp\htdocs\chxn\system\CodeIgniter.php(832): App\Controllers\CompanyController->insertcompany()
#2 E:\xampp\htdocs\chxn\system\CodeIgniter.php(419): CodeIgniter\CodeIgniter->runController(Object(App\Controllers\CompanyController))
#3 E:\xampp\htdocs\chxn\system\CodeIgniter.php(326): CodeIgniter\CodeIgniter->handleRequest(NULL, Object(Config\Cache), false)
#4 E:\xampp\htdocs\chxn\public\index.php(37): CodeIgniter\CodeIgniter->run()
#5 E:\xampp\htdocs\chxn\system\Commands\Server\rewrite.php(43): require_once('E:\\xampp\\htdocs...')
#6 {main}
CRITICAL - 2022-07-17 11:24:32 --> Undefined index: action
#0 E:\xampp\htdocs\chxn\app\Controllers\CompanyController.php(16): CodeIgniter\Debug\Exceptions->errorHandler(8, 'Undefined index...', 'E:\\xampp\\htdocs...', 16, Array)
#1 E:\xampp\htdocs\chxn\system\CodeIgniter.php(832): App\Controllers\CompanyController->insertcompany()
#2 E:\xampp\htdocs\chxn\system\CodeIgniter.php(419): CodeIgniter\CodeIgniter->runController(Object(App\Controllers\CompanyController))
#3 E:\xampp\htdocs\chxn\system\CodeIgniter.php(326): CodeIgniter\CodeIgniter->handleRequest(NULL, Object(Config\Cache), false)
#4 E:\xampp\htdocs\chxn\public\index.php(37): CodeIgniter\CodeIgniter->run()
#5 E:\xampp\htdocs\chxn\system\Commands\Server\rewrite.php(43): require_once('E:\\xampp\\htdocs...')
#6 {main}
CRITICAL - 2022-07-17 11:24:54 --> Undefined index: action
#0 E:\xampp\htdocs\chxn\app\Controllers\CompanyController.php(16): CodeIgniter\Debug\Exceptions->errorHandler(8, 'Undefined index...', 'E:\\xampp\\htdocs...', 16, Array)
#1 E:\xampp\htdocs\chxn\system\CodeIgniter.php(832): App\Controllers\CompanyController->insertcompany()
#2 E:\xampp\htdocs\chxn\system\CodeIgniter.php(419): CodeIgniter\CodeIgniter->runController(Object(App\Controllers\CompanyController))
#3 E:\xampp\htdocs\chxn\system\CodeIgniter.php(326): CodeIgniter\CodeIgniter->handleRequest(NULL, Object(Config\Cache), false)
#4 E:\xampp\htdocs\chxn\public\index.php(37): CodeIgniter\CodeIgniter->run()
#5 E:\xampp\htdocs\chxn\system\Commands\Server\rewrite.php(43): require_once('E:\\xampp\\htdocs...')
#6 {main}
